[2025-02-07T06:24:28.955+0000] {local_task_job_runner.py:123} INFO - ::group::Pre task execution logs
[2025-02-07T06:24:28.961+0000] {taskinstance.py:2613} INFO - Dependencies all met for dep_context=non-requeueable deps ti=<TaskInstance: league.airflow manual__2025-02-07T06:24:26.305532+00:00 [queued]>
[2025-02-07T06:24:28.963+0000] {taskinstance.py:2613} INFO - Dependencies all met for dep_context=requeueable deps ti=<TaskInstance: league.airflow manual__2025-02-07T06:24:26.305532+00:00 [queued]>
[2025-02-07T06:24:28.964+0000] {taskinstance.py:2866} INFO - Starting attempt 1 of 1
[2025-02-07T06:24:28.968+0000] {taskinstance.py:2889} INFO - Executing <Task(_PythonDecoratedOperator): airflow> on 2025-02-07 06:24:26.305532+00:00
[2025-02-07T06:24:28.970+0000] {warnings.py:112} WARNING - /home/airflow/.local/lib/python3.12/site-packages/airflow/task/task_runner/standard_task_runner.py:70: DeprecationWarning: This process (pid=94) is multi-threaded, use of fork() may lead to deadlocks in the child.
  pid = os.fork()

[2025-02-07T06:24:28.970+0000] {standard_task_runner.py:72} INFO - Started process 95 to run task
[2025-02-07T06:24:28.971+0000] {standard_task_runner.py:104} INFO - Running: ['airflow', 'tasks', 'run', 'league', 'airflow', 'manual__2025-02-07T06:24:26.305532+00:00', '--job-id', '8', '--raw', '--subdir', 'DAGS_FOLDER/league.py', '--cfg-path', '/tmp/tmpbsxqr23c']
[2025-02-07T06:24:28.971+0000] {standard_task_runner.py:105} INFO - Job 8: Subtask airflow
[2025-02-07T06:24:28.992+0000] {task_command.py:467} INFO - Running <TaskInstance: league.airflow manual__2025-02-07T06:24:26.305532+00:00 [running]> on host fde87d86ebbe
[2025-02-07T06:24:29.018+0000] {taskinstance.py:3132} INFO - Exporting env vars: AIRFLOW_CTX_DAG_OWNER='airflow' AIRFLOW_CTX_DAG_ID='league' AIRFLOW_CTX_TASK_ID='airflow' AIRFLOW_CTX_EXECUTION_DATE='2025-02-07T06:24:26.305532+00:00' AIRFLOW_CTX_TRY_NUMBER='1' AIRFLOW_CTX_DAG_RUN_ID='manual__2025-02-07T06:24:26.305532+00:00'
[2025-02-07T06:24:29.019+0000] {taskinstance.py:731} INFO - ::endgroup::
[2025-02-07T06:24:29.020+0000] {logging_mixin.py:190} INFO - airflow
[2025-02-07T06:24:29.020+0000] {python.py:240} INFO - Done. Returned value was: None
[2025-02-07T06:24:29.024+0000] {taskinstance.py:340} INFO - ::group::Post task execution logs
[2025-02-07T06:24:29.024+0000] {taskinstance.py:352} INFO - Marking task as SUCCESS. dag_id=league, task_id=airflow, run_id=manual__2025-02-07T06:24:26.305532+00:00, execution_date=20250207T062426, start_date=20250207T062428, end_date=20250207T062429
[2025-02-07T06:24:29.029+0000] {local_task_job_runner.py:266} INFO - Task exited with return code 0
[2025-02-07T06:24:29.035+0000] {taskinstance.py:3895} INFO - 0 downstream tasks scheduled from follow-on schedule check
[2025-02-07T06:24:29.036+0000] {local_task_job_runner.py:245} INFO - ::endgroup::
