[2025-03-04T04:28:22.734+0000] {processor.py:186} INFO - Started process (PID=49) to work on /opt/airflow/dags/league.py
[2025-03-04T04:28:22.735+0000] {processor.py:914} INFO - Processing file /opt/airflow/dags/league.py for tasks to queue
[2025-03-04T04:28:22.736+0000] {logging_mixin.py:190} INFO - [2025-03-04T04:28:22.736+0000] {dagbag.py:588} INFO - Filling up the DagBag from /opt/airflow/dags/league.py
[2025-03-04T04:28:22.744+0000] {logging_mixin.py:190} INFO - [2025-03-04T04:28:22.741+0000] {dagbag.py:387} ERROR - Failed to import: /opt/airflow/dags/league.py
Traceback (most recent call last):
  File "/home/airflow/.local/lib/python3.12/site-packages/airflow/models/dagbag.py", line 383, in parse
    loader.exec_module(new_module)
  File "<frozen importlib._bootstrap_external>", line 999, in exec_module
  File "<frozen importlib._bootstrap>", line 488, in _call_with_frames_removed
  File "/opt/airflow/dags/league.py", line 7, in <module>
    from nba_api.stats.library.parameters import LeagueID
ModuleNotFoundError: No module named 'nba_api'
[2025-03-04T04:28:22.745+0000] {processor.py:927} WARNING - No viable dags retrieved from /opt/airflow/dags/league.py
[2025-03-04T04:28:22.756+0000] {processor.py:208} INFO - Processing /opt/airflow/dags/league.py took 0.028 seconds
[2025-03-04T04:28:53.019+0000] {processor.py:186} INFO - Started process (PID=56) to work on /opt/airflow/dags/league.py
[2025-03-04T04:28:53.020+0000] {processor.py:914} INFO - Processing file /opt/airflow/dags/league.py for tasks to queue
[2025-03-04T04:28:53.022+0000] {logging_mixin.py:190} INFO - [2025-03-04T04:28:53.022+0000] {dagbag.py:588} INFO - Filling up the DagBag from /opt/airflow/dags/league.py
[2025-03-04T04:28:53.026+0000] {logging_mixin.py:190} INFO - [2025-03-04T04:28:53.025+0000] {dagbag.py:387} ERROR - Failed to import: /opt/airflow/dags/league.py
Traceback (most recent call last):
  File "/home/airflow/.local/lib/python3.12/site-packages/airflow/models/dagbag.py", line 383, in parse
    loader.exec_module(new_module)
  File "<frozen importlib._bootstrap_external>", line 999, in exec_module
  File "<frozen importlib._bootstrap>", line 488, in _call_with_frames_removed
  File "/opt/airflow/dags/league.py", line 7, in <module>
    from nba_api.stats.library.parameters import LeagueID
ModuleNotFoundError: No module named 'nba_api'
[2025-03-04T04:28:53.027+0000] {processor.py:927} WARNING - No viable dags retrieved from /opt/airflow/dags/league.py
[2025-03-04T04:28:53.040+0000] {processor.py:208} INFO - Processing /opt/airflow/dags/league.py took 0.027 seconds
[2025-03-04T04:29:23.246+0000] {processor.py:186} INFO - Started process (PID=63) to work on /opt/airflow/dags/league.py
[2025-03-04T04:29:23.246+0000] {processor.py:914} INFO - Processing file /opt/airflow/dags/league.py for tasks to queue
[2025-03-04T04:29:23.249+0000] {logging_mixin.py:190} INFO - [2025-03-04T04:29:23.249+0000] {dagbag.py:588} INFO - Filling up the DagBag from /opt/airflow/dags/league.py
[2025-03-04T04:29:23.252+0000] {logging_mixin.py:190} INFO - [2025-03-04T04:29:23.251+0000] {dagbag.py:387} ERROR - Failed to import: /opt/airflow/dags/league.py
Traceback (most recent call last):
  File "/home/airflow/.local/lib/python3.12/site-packages/airflow/models/dagbag.py", line 383, in parse
    loader.exec_module(new_module)
  File "<frozen importlib._bootstrap_external>", line 999, in exec_module
  File "<frozen importlib._bootstrap>", line 488, in _call_with_frames_removed
  File "/opt/airflow/dags/league.py", line 7, in <module>
    from nba_api.stats.library.parameters import LeagueID
ModuleNotFoundError: No module named 'nba_api'
[2025-03-04T04:29:23.252+0000] {processor.py:927} WARNING - No viable dags retrieved from /opt/airflow/dags/league.py
[2025-03-04T04:29:23.261+0000] {processor.py:208} INFO - Processing /opt/airflow/dags/league.py took 0.019 seconds
[2025-03-04T04:29:53.521+0000] {processor.py:186} INFO - Started process (PID=70) to work on /opt/airflow/dags/league.py
[2025-03-04T04:29:53.521+0000] {processor.py:914} INFO - Processing file /opt/airflow/dags/league.py for tasks to queue
[2025-03-04T04:29:53.523+0000] {logging_mixin.py:190} INFO - [2025-03-04T04:29:53.523+0000] {dagbag.py:588} INFO - Filling up the DagBag from /opt/airflow/dags/league.py
[2025-03-04T04:29:53.526+0000] {logging_mixin.py:190} INFO - [2025-03-04T04:29:53.525+0000] {dagbag.py:387} ERROR - Failed to import: /opt/airflow/dags/league.py
Traceback (most recent call last):
  File "/home/airflow/.local/lib/python3.12/site-packages/airflow/models/dagbag.py", line 383, in parse
    loader.exec_module(new_module)
  File "<frozen importlib._bootstrap_external>", line 999, in exec_module
  File "<frozen importlib._bootstrap>", line 488, in _call_with_frames_removed
  File "/opt/airflow/dags/league.py", line 7, in <module>
    from nba_api.stats.library.parameters import LeagueID
ModuleNotFoundError: No module named 'nba_api'
[2025-03-04T04:29:53.526+0000] {processor.py:927} WARNING - No viable dags retrieved from /opt/airflow/dags/league.py
[2025-03-04T04:29:53.536+0000] {processor.py:208} INFO - Processing /opt/airflow/dags/league.py took 0.018 seconds
[2025-03-04T04:30:23.744+0000] {processor.py:186} INFO - Started process (PID=76) to work on /opt/airflow/dags/league.py
[2025-03-04T04:30:23.745+0000] {processor.py:914} INFO - Processing file /opt/airflow/dags/league.py for tasks to queue
[2025-03-04T04:30:23.747+0000] {logging_mixin.py:190} INFO - [2025-03-04T04:30:23.746+0000] {dagbag.py:588} INFO - Filling up the DagBag from /opt/airflow/dags/league.py
[2025-03-04T04:30:23.750+0000] {logging_mixin.py:190} INFO - [2025-03-04T04:30:23.750+0000] {dagbag.py:387} ERROR - Failed to import: /opt/airflow/dags/league.py
Traceback (most recent call last):
  File "/home/airflow/.local/lib/python3.12/site-packages/airflow/models/dagbag.py", line 383, in parse
    loader.exec_module(new_module)
  File "<frozen importlib._bootstrap_external>", line 999, in exec_module
  File "<frozen importlib._bootstrap>", line 488, in _call_with_frames_removed
  File "/opt/airflow/dags/league.py", line 7, in <module>
    from nba_api.stats.library.parameters import LeagueID
ModuleNotFoundError: No module named 'nba_api'
[2025-03-04T04:30:23.751+0000] {processor.py:927} WARNING - No viable dags retrieved from /opt/airflow/dags/league.py
[2025-03-04T04:30:23.762+0000] {processor.py:208} INFO - Processing /opt/airflow/dags/league.py took 0.021 seconds
[2025-03-04T04:30:54.019+0000] {processor.py:186} INFO - Started process (PID=82) to work on /opt/airflow/dags/league.py
[2025-03-04T04:30:54.019+0000] {processor.py:914} INFO - Processing file /opt/airflow/dags/league.py for tasks to queue
[2025-03-04T04:30:54.021+0000] {logging_mixin.py:190} INFO - [2025-03-04T04:30:54.021+0000] {dagbag.py:588} INFO - Filling up the DagBag from /opt/airflow/dags/league.py
[2025-03-04T04:30:54.024+0000] {logging_mixin.py:190} INFO - [2025-03-04T04:30:54.023+0000] {dagbag.py:387} ERROR - Failed to import: /opt/airflow/dags/league.py
Traceback (most recent call last):
  File "/home/airflow/.local/lib/python3.12/site-packages/airflow/models/dagbag.py", line 383, in parse
    loader.exec_module(new_module)
  File "<frozen importlib._bootstrap_external>", line 999, in exec_module
  File "<frozen importlib._bootstrap>", line 488, in _call_with_frames_removed
  File "/opt/airflow/dags/league.py", line 7, in <module>
    from nba_api.stats.library.parameters import LeagueID
ModuleNotFoundError: No module named 'nba_api'
[2025-03-04T04:30:54.025+0000] {processor.py:927} WARNING - No viable dags retrieved from /opt/airflow/dags/league.py
[2025-03-04T04:30:54.035+0000] {processor.py:208} INFO - Processing /opt/airflow/dags/league.py took 0.020 seconds
[2025-03-04T04:31:24.269+0000] {processor.py:186} INFO - Started process (PID=89) to work on /opt/airflow/dags/league.py
[2025-03-04T04:31:24.270+0000] {processor.py:914} INFO - Processing file /opt/airflow/dags/league.py for tasks to queue
[2025-03-04T04:31:24.272+0000] {logging_mixin.py:190} INFO - [2025-03-04T04:31:24.271+0000] {dagbag.py:588} INFO - Filling up the DagBag from /opt/airflow/dags/league.py
[2025-03-04T04:31:24.275+0000] {logging_mixin.py:190} INFO - [2025-03-04T04:31:24.274+0000] {dagbag.py:387} ERROR - Failed to import: /opt/airflow/dags/league.py
Traceback (most recent call last):
  File "/home/airflow/.local/lib/python3.12/site-packages/airflow/models/dagbag.py", line 383, in parse
    loader.exec_module(new_module)
  File "<frozen importlib._bootstrap_external>", line 999, in exec_module
  File "<frozen importlib._bootstrap>", line 488, in _call_with_frames_removed
  File "/opt/airflow/dags/league.py", line 7, in <module>
    from nba_api.stats.library.parameters import LeagueID
ModuleNotFoundError: No module named 'nba_api'
[2025-03-04T04:31:24.276+0000] {processor.py:927} WARNING - No viable dags retrieved from /opt/airflow/dags/league.py
[2025-03-04T04:31:24.288+0000] {processor.py:208} INFO - Processing /opt/airflow/dags/league.py took 0.023 seconds
[2025-03-04T04:31:48.488+0000] {processor.py:186} INFO - Started process (PID=96) to work on /opt/airflow/dags/league.py
[2025-03-04T04:31:48.489+0000] {processor.py:914} INFO - Processing file /opt/airflow/dags/league.py for tasks to queue
[2025-03-04T04:31:48.490+0000] {logging_mixin.py:190} INFO - [2025-03-04T04:31:48.490+0000] {dagbag.py:588} INFO - Filling up the DagBag from /opt/airflow/dags/league.py
[2025-03-04T04:31:48.497+0000] {logging_mixin.py:190} INFO - [2025-03-04T04:31:48.496+0000] {dagbag.py:387} ERROR - Failed to import: /opt/airflow/dags/league.py
Traceback (most recent call last):
  File "/home/airflow/.local/lib/python3.12/site-packages/airflow/models/dagbag.py", line 383, in parse
    loader.exec_module(new_module)
  File "<frozen importlib._bootstrap_external>", line 999, in exec_module
  File "<frozen importlib._bootstrap>", line 488, in _call_with_frames_removed
  File "/opt/airflow/dags/league.py", line 7, in <module>
    from nba_api.stats.library.parameters import LeagueID
ModuleNotFoundError: No module named 'nba_api'
[2025-03-04T04:31:48.497+0000] {processor.py:927} WARNING - No viable dags retrieved from /opt/airflow/dags/league.py
[2025-03-04T04:31:48.510+0000] {processor.py:208} INFO - Processing /opt/airflow/dags/league.py took 0.028 seconds
[2025-03-04T04:32:18.757+0000] {processor.py:186} INFO - Started process (PID=103) to work on /opt/airflow/dags/league.py
[2025-03-04T04:32:18.758+0000] {processor.py:914} INFO - Processing file /opt/airflow/dags/league.py for tasks to queue
[2025-03-04T04:32:18.760+0000] {logging_mixin.py:190} INFO - [2025-03-04T04:32:18.760+0000] {dagbag.py:588} INFO - Filling up the DagBag from /opt/airflow/dags/league.py
[2025-03-04T04:32:18.764+0000] {logging_mixin.py:190} INFO - [2025-03-04T04:32:18.763+0000] {dagbag.py:387} ERROR - Failed to import: /opt/airflow/dags/league.py
Traceback (most recent call last):
  File "/home/airflow/.local/lib/python3.12/site-packages/airflow/models/dagbag.py", line 383, in parse
    loader.exec_module(new_module)
  File "<frozen importlib._bootstrap_external>", line 999, in exec_module
  File "<frozen importlib._bootstrap>", line 488, in _call_with_frames_removed
  File "/opt/airflow/dags/league.py", line 7, in <module>
    from nba_api.stats.library.parameters import LeagueID
ModuleNotFoundError: No module named 'nba_api'
[2025-03-04T04:32:18.764+0000] {processor.py:927} WARNING - No viable dags retrieved from /opt/airflow/dags/league.py
[2025-03-04T04:32:18.774+0000] {processor.py:208} INFO - Processing /opt/airflow/dags/league.py took 0.022 seconds
[2025-03-04T04:32:49.067+0000] {processor.py:186} INFO - Started process (PID=110) to work on /opt/airflow/dags/league.py
[2025-03-04T04:32:49.068+0000] {processor.py:914} INFO - Processing file /opt/airflow/dags/league.py for tasks to queue
[2025-03-04T04:32:49.070+0000] {logging_mixin.py:190} INFO - [2025-03-04T04:32:49.070+0000] {dagbag.py:588} INFO - Filling up the DagBag from /opt/airflow/dags/league.py
[2025-03-04T04:32:49.075+0000] {logging_mixin.py:190} INFO - [2025-03-04T04:32:49.074+0000] {dagbag.py:387} ERROR - Failed to import: /opt/airflow/dags/league.py
Traceback (most recent call last):
  File "/home/airflow/.local/lib/python3.12/site-packages/airflow/models/dagbag.py", line 383, in parse
    loader.exec_module(new_module)
  File "<frozen importlib._bootstrap_external>", line 999, in exec_module
  File "<frozen importlib._bootstrap>", line 488, in _call_with_frames_removed
  File "/opt/airflow/dags/league.py", line 7, in <module>
    from nba_api.stats.library.parameters import LeagueID
ModuleNotFoundError: No module named 'nba_api'
[2025-03-04T04:32:49.075+0000] {processor.py:927} WARNING - No viable dags retrieved from /opt/airflow/dags/league.py
[2025-03-04T04:32:49.087+0000] {processor.py:208} INFO - Processing /opt/airflow/dags/league.py took 0.025 seconds
[2025-03-04T04:33:19.384+0000] {processor.py:186} INFO - Started process (PID=117) to work on /opt/airflow/dags/league.py
[2025-03-04T04:33:19.385+0000] {processor.py:914} INFO - Processing file /opt/airflow/dags/league.py for tasks to queue
[2025-03-04T04:33:19.386+0000] {logging_mixin.py:190} INFO - [2025-03-04T04:33:19.386+0000] {dagbag.py:588} INFO - Filling up the DagBag from /opt/airflow/dags/league.py
[2025-03-04T04:33:19.390+0000] {logging_mixin.py:190} INFO - [2025-03-04T04:33:19.389+0000] {dagbag.py:387} ERROR - Failed to import: /opt/airflow/dags/league.py
Traceback (most recent call last):
  File "/home/airflow/.local/lib/python3.12/site-packages/airflow/models/dagbag.py", line 383, in parse
    loader.exec_module(new_module)
  File "<frozen importlib._bootstrap_external>", line 999, in exec_module
  File "<frozen importlib._bootstrap>", line 488, in _call_with_frames_removed
  File "/opt/airflow/dags/league.py", line 7, in <module>
    from nba_api.stats.library.parameters import LeagueID
ModuleNotFoundError: No module named 'nba_api'
[2025-03-04T04:33:19.390+0000] {processor.py:927} WARNING - No viable dags retrieved from /opt/airflow/dags/league.py
[2025-03-04T04:33:19.403+0000] {processor.py:208} INFO - Processing /opt/airflow/dags/league.py took 0.025 seconds
[2025-03-04T04:33:49.743+0000] {processor.py:186} INFO - Started process (PID=124) to work on /opt/airflow/dags/league.py
[2025-03-04T04:33:49.744+0000] {processor.py:914} INFO - Processing file /opt/airflow/dags/league.py for tasks to queue
[2025-03-04T04:33:49.746+0000] {logging_mixin.py:190} INFO - [2025-03-04T04:33:49.746+0000] {dagbag.py:588} INFO - Filling up the DagBag from /opt/airflow/dags/league.py
[2025-03-04T04:33:49.750+0000] {logging_mixin.py:190} INFO - [2025-03-04T04:33:49.749+0000] {dagbag.py:387} ERROR - Failed to import: /opt/airflow/dags/league.py
Traceback (most recent call last):
  File "/home/airflow/.local/lib/python3.12/site-packages/airflow/models/dagbag.py", line 383, in parse
    loader.exec_module(new_module)
  File "<frozen importlib._bootstrap_external>", line 999, in exec_module
  File "<frozen importlib._bootstrap>", line 488, in _call_with_frames_removed
  File "/opt/airflow/dags/league.py", line 7, in <module>
    from nba_api.stats.library.parameters import LeagueID
ModuleNotFoundError: No module named 'nba_api'
[2025-03-04T04:33:49.750+0000] {processor.py:927} WARNING - No viable dags retrieved from /opt/airflow/dags/league.py
[2025-03-04T04:33:49.762+0000] {processor.py:208} INFO - Processing /opt/airflow/dags/league.py took 0.024 seconds
[2025-03-04T04:34:20.057+0000] {processor.py:186} INFO - Started process (PID=131) to work on /opt/airflow/dags/league.py
[2025-03-04T04:34:20.057+0000] {processor.py:914} INFO - Processing file /opt/airflow/dags/league.py for tasks to queue
[2025-03-04T04:34:20.060+0000] {logging_mixin.py:190} INFO - [2025-03-04T04:34:20.059+0000] {dagbag.py:588} INFO - Filling up the DagBag from /opt/airflow/dags/league.py
[2025-03-04T04:34:20.063+0000] {logging_mixin.py:190} INFO - [2025-03-04T04:34:20.062+0000] {dagbag.py:387} ERROR - Failed to import: /opt/airflow/dags/league.py
Traceback (most recent call last):
  File "/home/airflow/.local/lib/python3.12/site-packages/airflow/models/dagbag.py", line 383, in parse
    loader.exec_module(new_module)
  File "<frozen importlib._bootstrap_external>", line 999, in exec_module
  File "<frozen importlib._bootstrap>", line 488, in _call_with_frames_removed
  File "/opt/airflow/dags/league.py", line 7, in <module>
    from nba_api.stats.library.parameters import LeagueID
ModuleNotFoundError: No module named 'nba_api'
[2025-03-04T04:34:20.064+0000] {processor.py:927} WARNING - No viable dags retrieved from /opt/airflow/dags/league.py
[2025-03-04T04:34:20.077+0000] {processor.py:208} INFO - Processing /opt/airflow/dags/league.py took 0.025 seconds
[2025-03-04T04:34:50.342+0000] {processor.py:186} INFO - Started process (PID=138) to work on /opt/airflow/dags/league.py
[2025-03-04T04:34:50.343+0000] {processor.py:914} INFO - Processing file /opt/airflow/dags/league.py for tasks to queue
[2025-03-04T04:34:50.345+0000] {logging_mixin.py:190} INFO - [2025-03-04T04:34:50.345+0000] {dagbag.py:588} INFO - Filling up the DagBag from /opt/airflow/dags/league.py
[2025-03-04T04:34:50.349+0000] {logging_mixin.py:190} INFO - [2025-03-04T04:34:50.348+0000] {dagbag.py:387} ERROR - Failed to import: /opt/airflow/dags/league.py
Traceback (most recent call last):
  File "/home/airflow/.local/lib/python3.12/site-packages/airflow/models/dagbag.py", line 383, in parse
    loader.exec_module(new_module)
  File "<frozen importlib._bootstrap_external>", line 999, in exec_module
  File "<frozen importlib._bootstrap>", line 488, in _call_with_frames_removed
  File "/opt/airflow/dags/league.py", line 7, in <module>
    from nba_api.stats.library.parameters import LeagueID
ModuleNotFoundError: No module named 'nba_api'
[2025-03-04T04:34:50.350+0000] {processor.py:927} WARNING - No viable dags retrieved from /opt/airflow/dags/league.py
[2025-03-04T04:34:50.362+0000] {processor.py:208} INFO - Processing /opt/airflow/dags/league.py took 0.025 seconds
[2025-03-04T04:35:20.659+0000] {processor.py:186} INFO - Started process (PID=144) to work on /opt/airflow/dags/league.py
[2025-03-04T04:35:20.660+0000] {processor.py:914} INFO - Processing file /opt/airflow/dags/league.py for tasks to queue
[2025-03-04T04:35:20.662+0000] {logging_mixin.py:190} INFO - [2025-03-04T04:35:20.661+0000] {dagbag.py:588} INFO - Filling up the DagBag from /opt/airflow/dags/league.py
[2025-03-04T04:35:20.665+0000] {logging_mixin.py:190} INFO - [2025-03-04T04:35:20.664+0000] {dagbag.py:387} ERROR - Failed to import: /opt/airflow/dags/league.py
Traceback (most recent call last):
  File "/home/airflow/.local/lib/python3.12/site-packages/airflow/models/dagbag.py", line 383, in parse
    loader.exec_module(new_module)
  File "<frozen importlib._bootstrap_external>", line 999, in exec_module
  File "<frozen importlib._bootstrap>", line 488, in _call_with_frames_removed
  File "/opt/airflow/dags/league.py", line 7, in <module>
    from nba_api.stats.library.parameters import LeagueID
ModuleNotFoundError: No module named 'nba_api'
[2025-03-04T04:35:20.665+0000] {processor.py:927} WARNING - No viable dags retrieved from /opt/airflow/dags/league.py
[2025-03-04T04:35:20.675+0000] {processor.py:208} INFO - Processing /opt/airflow/dags/league.py took 0.021 seconds
[2025-03-04T04:35:50.971+0000] {processor.py:186} INFO - Started process (PID=151) to work on /opt/airflow/dags/league.py
[2025-03-04T04:35:50.971+0000] {processor.py:914} INFO - Processing file /opt/airflow/dags/league.py for tasks to queue
[2025-03-04T04:35:50.973+0000] {logging_mixin.py:190} INFO - [2025-03-04T04:35:50.973+0000] {dagbag.py:588} INFO - Filling up the DagBag from /opt/airflow/dags/league.py
[2025-03-04T04:35:50.977+0000] {logging_mixin.py:190} INFO - [2025-03-04T04:35:50.976+0000] {dagbag.py:387} ERROR - Failed to import: /opt/airflow/dags/league.py
Traceback (most recent call last):
  File "/home/airflow/.local/lib/python3.12/site-packages/airflow/models/dagbag.py", line 383, in parse
    loader.exec_module(new_module)
  File "<frozen importlib._bootstrap_external>", line 999, in exec_module
  File "<frozen importlib._bootstrap>", line 488, in _call_with_frames_removed
  File "/opt/airflow/dags/league.py", line 7, in <module>
    from nba_api.stats.library.parameters import LeagueID
ModuleNotFoundError: No module named 'nba_api'
[2025-03-04T04:35:50.978+0000] {processor.py:927} WARNING - No viable dags retrieved from /opt/airflow/dags/league.py
[2025-03-04T04:35:50.990+0000] {processor.py:208} INFO - Processing /opt/airflow/dags/league.py took 0.024 seconds
[2025-03-04T04:36:21.301+0000] {processor.py:186} INFO - Started process (PID=158) to work on /opt/airflow/dags/league.py
[2025-03-04T04:36:21.301+0000] {processor.py:914} INFO - Processing file /opt/airflow/dags/league.py for tasks to queue
[2025-03-04T04:36:21.304+0000] {logging_mixin.py:190} INFO - [2025-03-04T04:36:21.303+0000] {dagbag.py:588} INFO - Filling up the DagBag from /opt/airflow/dags/league.py
[2025-03-04T04:36:21.308+0000] {logging_mixin.py:190} INFO - [2025-03-04T04:36:21.307+0000] {dagbag.py:387} ERROR - Failed to import: /opt/airflow/dags/league.py
Traceback (most recent call last):
  File "/home/airflow/.local/lib/python3.12/site-packages/airflow/models/dagbag.py", line 383, in parse
    loader.exec_module(new_module)
  File "<frozen importlib._bootstrap_external>", line 999, in exec_module
  File "<frozen importlib._bootstrap>", line 488, in _call_with_frames_removed
  File "/opt/airflow/dags/league.py", line 7, in <module>
    from nba_api.stats.library.parameters import LeagueID
ModuleNotFoundError: No module named 'nba_api'
[2025-03-04T04:36:21.308+0000] {processor.py:927} WARNING - No viable dags retrieved from /opt/airflow/dags/league.py
[2025-03-04T04:36:21.320+0000] {processor.py:208} INFO - Processing /opt/airflow/dags/league.py took 0.024 seconds
[2025-03-04T04:36:51.614+0000] {processor.py:186} INFO - Started process (PID=165) to work on /opt/airflow/dags/league.py
[2025-03-04T04:36:51.615+0000] {processor.py:914} INFO - Processing file /opt/airflow/dags/league.py for tasks to queue
[2025-03-04T04:36:51.617+0000] {logging_mixin.py:190} INFO - [2025-03-04T04:36:51.616+0000] {dagbag.py:588} INFO - Filling up the DagBag from /opt/airflow/dags/league.py
[2025-03-04T04:36:51.620+0000] {logging_mixin.py:190} INFO - [2025-03-04T04:36:51.619+0000] {dagbag.py:387} ERROR - Failed to import: /opt/airflow/dags/league.py
Traceback (most recent call last):
  File "/home/airflow/.local/lib/python3.12/site-packages/airflow/models/dagbag.py", line 383, in parse
    loader.exec_module(new_module)
  File "<frozen importlib._bootstrap_external>", line 999, in exec_module
  File "<frozen importlib._bootstrap>", line 488, in _call_with_frames_removed
  File "/opt/airflow/dags/league.py", line 7, in <module>
    from nba_api.stats.library.parameters import LeagueID
ModuleNotFoundError: No module named 'nba_api'
[2025-03-04T04:36:51.620+0000] {processor.py:927} WARNING - No viable dags retrieved from /opt/airflow/dags/league.py
[2025-03-04T04:36:51.632+0000] {processor.py:208} INFO - Processing /opt/airflow/dags/league.py took 0.024 seconds
[2025-03-04T04:37:21.972+0000] {processor.py:186} INFO - Started process (PID=172) to work on /opt/airflow/dags/league.py
[2025-03-04T04:37:21.973+0000] {processor.py:914} INFO - Processing file /opt/airflow/dags/league.py for tasks to queue
[2025-03-04T04:37:21.975+0000] {logging_mixin.py:190} INFO - [2025-03-04T04:37:21.974+0000] {dagbag.py:588} INFO - Filling up the DagBag from /opt/airflow/dags/league.py
[2025-03-04T04:37:21.979+0000] {logging_mixin.py:190} INFO - [2025-03-04T04:37:21.978+0000] {dagbag.py:387} ERROR - Failed to import: /opt/airflow/dags/league.py
Traceback (most recent call last):
  File "/home/airflow/.local/lib/python3.12/site-packages/airflow/models/dagbag.py", line 383, in parse
    loader.exec_module(new_module)
  File "<frozen importlib._bootstrap_external>", line 999, in exec_module
  File "<frozen importlib._bootstrap>", line 488, in _call_with_frames_removed
  File "/opt/airflow/dags/league.py", line 7, in <module>
    from nba_api.stats.library.parameters import LeagueID
ModuleNotFoundError: No module named 'nba_api'
[2025-03-04T04:37:21.979+0000] {processor.py:927} WARNING - No viable dags retrieved from /opt/airflow/dags/league.py
[2025-03-04T04:37:21.992+0000] {processor.py:208} INFO - Processing /opt/airflow/dags/league.py took 0.025 seconds
[2025-03-04T04:37:52.264+0000] {processor.py:186} INFO - Started process (PID=178) to work on /opt/airflow/dags/league.py
[2025-03-04T04:37:52.264+0000] {processor.py:914} INFO - Processing file /opt/airflow/dags/league.py for tasks to queue
[2025-03-04T04:37:52.265+0000] {logging_mixin.py:190} INFO - [2025-03-04T04:37:52.265+0000] {dagbag.py:588} INFO - Filling up the DagBag from /opt/airflow/dags/league.py
[2025-03-04T04:37:52.267+0000] {logging_mixin.py:190} INFO - [2025-03-04T04:37:52.266+0000] {dagbag.py:387} ERROR - Failed to import: /opt/airflow/dags/league.py
Traceback (most recent call last):
  File "/home/airflow/.local/lib/python3.12/site-packages/airflow/models/dagbag.py", line 383, in parse
    loader.exec_module(new_module)
  File "<frozen importlib._bootstrap_external>", line 999, in exec_module
  File "<frozen importlib._bootstrap>", line 488, in _call_with_frames_removed
  File "/opt/airflow/dags/league.py", line 7, in <module>
    from nba_api.stats.library.parameters import LeagueID
ModuleNotFoundError: No module named 'nba_api'
[2025-03-04T04:37:52.267+0000] {processor.py:927} WARNING - No viable dags retrieved from /opt/airflow/dags/league.py
[2025-03-04T04:37:52.274+0000] {processor.py:208} INFO - Processing /opt/airflow/dags/league.py took 0.013 seconds
[2025-03-04T04:38:22.566+0000] {processor.py:186} INFO - Started process (PID=185) to work on /opt/airflow/dags/league.py
[2025-03-04T04:38:22.567+0000] {processor.py:914} INFO - Processing file /opt/airflow/dags/league.py for tasks to queue
[2025-03-04T04:38:22.568+0000] {logging_mixin.py:190} INFO - [2025-03-04T04:38:22.568+0000] {dagbag.py:588} INFO - Filling up the DagBag from /opt/airflow/dags/league.py
[2025-03-04T04:38:22.571+0000] {logging_mixin.py:190} INFO - [2025-03-04T04:38:22.570+0000] {dagbag.py:387} ERROR - Failed to import: /opt/airflow/dags/league.py
Traceback (most recent call last):
  File "/home/airflow/.local/lib/python3.12/site-packages/airflow/models/dagbag.py", line 383, in parse
    loader.exec_module(new_module)
  File "<frozen importlib._bootstrap_external>", line 999, in exec_module
  File "<frozen importlib._bootstrap>", line 488, in _call_with_frames_removed
  File "/opt/airflow/dags/league.py", line 7, in <module>
    from nba_api.stats.library.parameters import LeagueID
ModuleNotFoundError: No module named 'nba_api'
[2025-03-04T04:38:22.571+0000] {processor.py:927} WARNING - No viable dags retrieved from /opt/airflow/dags/league.py
[2025-03-04T04:38:22.582+0000] {processor.py:208} INFO - Processing /opt/airflow/dags/league.py took 0.018 seconds
[2025-03-04T04:38:52.799+0000] {processor.py:186} INFO - Started process (PID=192) to work on /opt/airflow/dags/league.py
[2025-03-04T04:38:52.800+0000] {processor.py:914} INFO - Processing file /opt/airflow/dags/league.py for tasks to queue
[2025-03-04T04:38:52.801+0000] {logging_mixin.py:190} INFO - [2025-03-04T04:38:52.801+0000] {dagbag.py:588} INFO - Filling up the DagBag from /opt/airflow/dags/league.py
[2025-03-04T04:38:52.804+0000] {logging_mixin.py:190} INFO - [2025-03-04T04:38:52.804+0000] {dagbag.py:387} ERROR - Failed to import: /opt/airflow/dags/league.py
Traceback (most recent call last):
  File "/home/airflow/.local/lib/python3.12/site-packages/airflow/models/dagbag.py", line 383, in parse
    loader.exec_module(new_module)
  File "<frozen importlib._bootstrap_external>", line 999, in exec_module
  File "<frozen importlib._bootstrap>", line 488, in _call_with_frames_removed
  File "/opt/airflow/dags/league.py", line 7, in <module>
    from nba_api.stats.library.parameters import LeagueID
ModuleNotFoundError: No module named 'nba_api'
[2025-03-04T04:38:52.805+0000] {processor.py:927} WARNING - No viable dags retrieved from /opt/airflow/dags/league.py
[2025-03-04T04:38:52.815+0000] {processor.py:208} INFO - Processing /opt/airflow/dags/league.py took 0.021 seconds
[2025-03-04T04:39:23.025+0000] {processor.py:186} INFO - Started process (PID=199) to work on /opt/airflow/dags/league.py
[2025-03-04T04:39:23.026+0000] {processor.py:914} INFO - Processing file /opt/airflow/dags/league.py for tasks to queue
[2025-03-04T04:39:23.027+0000] {logging_mixin.py:190} INFO - [2025-03-04T04:39:23.027+0000] {dagbag.py:588} INFO - Filling up the DagBag from /opt/airflow/dags/league.py
[2025-03-04T04:39:23.030+0000] {logging_mixin.py:190} INFO - [2025-03-04T04:39:23.029+0000] {dagbag.py:387} ERROR - Failed to import: /opt/airflow/dags/league.py
Traceback (most recent call last):
  File "/home/airflow/.local/lib/python3.12/site-packages/airflow/models/dagbag.py", line 383, in parse
    loader.exec_module(new_module)
  File "<frozen importlib._bootstrap_external>", line 999, in exec_module
  File "<frozen importlib._bootstrap>", line 488, in _call_with_frames_removed
  File "/opt/airflow/dags/league.py", line 7, in <module>
    from nba_api.stats.library.parameters import LeagueID
ModuleNotFoundError: No module named 'nba_api'
[2025-03-04T04:39:23.030+0000] {processor.py:927} WARNING - No viable dags retrieved from /opt/airflow/dags/league.py
[2025-03-04T04:39:23.039+0000] {processor.py:208} INFO - Processing /opt/airflow/dags/league.py took 0.018 seconds
[2025-03-04T04:39:53.321+0000] {processor.py:186} INFO - Started process (PID=206) to work on /opt/airflow/dags/league.py
[2025-03-04T04:39:53.321+0000] {processor.py:914} INFO - Processing file /opt/airflow/dags/league.py for tasks to queue
[2025-03-04T04:39:53.323+0000] {logging_mixin.py:190} INFO - [2025-03-04T04:39:53.323+0000] {dagbag.py:588} INFO - Filling up the DagBag from /opt/airflow/dags/league.py
[2025-03-04T04:39:53.326+0000] {logging_mixin.py:190} INFO - [2025-03-04T04:39:53.325+0000] {dagbag.py:387} ERROR - Failed to import: /opt/airflow/dags/league.py
Traceback (most recent call last):
  File "/home/airflow/.local/lib/python3.12/site-packages/airflow/models/dagbag.py", line 383, in parse
    loader.exec_module(new_module)
  File "<frozen importlib._bootstrap_external>", line 999, in exec_module
  File "<frozen importlib._bootstrap>", line 488, in _call_with_frames_removed
  File "/opt/airflow/dags/league.py", line 7, in <module>
    from nba_api.stats.library.parameters import LeagueID
ModuleNotFoundError: No module named 'nba_api'
[2025-03-04T04:39:53.327+0000] {processor.py:927} WARNING - No viable dags retrieved from /opt/airflow/dags/league.py
[2025-03-04T04:39:53.337+0000] {processor.py:208} INFO - Processing /opt/airflow/dags/league.py took 0.021 seconds
[2025-03-04T04:40:23.640+0000] {processor.py:186} INFO - Started process (PID=213) to work on /opt/airflow/dags/league.py
[2025-03-04T04:40:23.641+0000] {processor.py:914} INFO - Processing file /opt/airflow/dags/league.py for tasks to queue
[2025-03-04T04:40:23.643+0000] {logging_mixin.py:190} INFO - [2025-03-04T04:40:23.643+0000] {dagbag.py:588} INFO - Filling up the DagBag from /opt/airflow/dags/league.py
[2025-03-04T04:40:23.646+0000] {logging_mixin.py:190} INFO - [2025-03-04T04:40:23.646+0000] {dagbag.py:387} ERROR - Failed to import: /opt/airflow/dags/league.py
Traceback (most recent call last):
  File "/home/airflow/.local/lib/python3.12/site-packages/airflow/models/dagbag.py", line 383, in parse
    loader.exec_module(new_module)
  File "<frozen importlib._bootstrap_external>", line 999, in exec_module
  File "<frozen importlib._bootstrap>", line 488, in _call_with_frames_removed
  File "/opt/airflow/dags/league.py", line 7, in <module>
    from nba_api.stats.library.parameters import LeagueID
ModuleNotFoundError: No module named 'nba_api'
[2025-03-04T04:40:23.647+0000] {processor.py:927} WARNING - No viable dags retrieved from /opt/airflow/dags/league.py
[2025-03-04T04:40:23.658+0000] {processor.py:208} INFO - Processing /opt/airflow/dags/league.py took 0.023 seconds
[2025-03-04T04:40:53.948+0000] {processor.py:186} INFO - Started process (PID=220) to work on /opt/airflow/dags/league.py
[2025-03-04T04:40:53.949+0000] {processor.py:914} INFO - Processing file /opt/airflow/dags/league.py for tasks to queue
[2025-03-04T04:40:53.950+0000] {logging_mixin.py:190} INFO - [2025-03-04T04:40:53.950+0000] {dagbag.py:588} INFO - Filling up the DagBag from /opt/airflow/dags/league.py
[2025-03-04T04:40:53.953+0000] {logging_mixin.py:190} INFO - [2025-03-04T04:40:53.952+0000] {dagbag.py:387} ERROR - Failed to import: /opt/airflow/dags/league.py
Traceback (most recent call last):
  File "/home/airflow/.local/lib/python3.12/site-packages/airflow/models/dagbag.py", line 383, in parse
    loader.exec_module(new_module)
  File "<frozen importlib._bootstrap_external>", line 999, in exec_module
  File "<frozen importlib._bootstrap>", line 488, in _call_with_frames_removed
  File "/opt/airflow/dags/league.py", line 7, in <module>
    from nba_api.stats.library.parameters import LeagueID
ModuleNotFoundError: No module named 'nba_api'
[2025-03-04T04:40:53.953+0000] {processor.py:927} WARNING - No viable dags retrieved from /opt/airflow/dags/league.py
[2025-03-04T04:40:53.962+0000] {processor.py:208} INFO - Processing /opt/airflow/dags/league.py took 0.017 seconds
[2025-03-04T04:41:24.253+0000] {processor.py:186} INFO - Started process (PID=227) to work on /opt/airflow/dags/league.py
[2025-03-04T04:41:24.253+0000] {processor.py:914} INFO - Processing file /opt/airflow/dags/league.py for tasks to queue
[2025-03-04T04:41:24.255+0000] {logging_mixin.py:190} INFO - [2025-03-04T04:41:24.255+0000] {dagbag.py:588} INFO - Filling up the DagBag from /opt/airflow/dags/league.py
[2025-03-04T04:41:24.259+0000] {logging_mixin.py:190} INFO - [2025-03-04T04:41:24.258+0000] {dagbag.py:387} ERROR - Failed to import: /opt/airflow/dags/league.py
Traceback (most recent call last):
  File "/home/airflow/.local/lib/python3.12/site-packages/airflow/models/dagbag.py", line 383, in parse
    loader.exec_module(new_module)
  File "<frozen importlib._bootstrap_external>", line 999, in exec_module
  File "<frozen importlib._bootstrap>", line 488, in _call_with_frames_removed
  File "/opt/airflow/dags/league.py", line 7, in <module>
    from nba_api.stats.library.parameters import LeagueID
ModuleNotFoundError: No module named 'nba_api'
[2025-03-04T04:41:24.260+0000] {processor.py:927} WARNING - No viable dags retrieved from /opt/airflow/dags/league.py
[2025-03-04T04:41:24.274+0000] {processor.py:208} INFO - Processing /opt/airflow/dags/league.py took 0.026 seconds
[2025-03-04T04:41:54.533+0000] {processor.py:186} INFO - Started process (PID=234) to work on /opt/airflow/dags/league.py
[2025-03-04T04:41:54.533+0000] {processor.py:914} INFO - Processing file /opt/airflow/dags/league.py for tasks to queue
[2025-03-04T04:41:54.534+0000] {logging_mixin.py:190} INFO - [2025-03-04T04:41:54.534+0000] {dagbag.py:588} INFO - Filling up the DagBag from /opt/airflow/dags/league.py
[2025-03-04T04:41:54.536+0000] {logging_mixin.py:190} INFO - [2025-03-04T04:41:54.535+0000] {dagbag.py:387} ERROR - Failed to import: /opt/airflow/dags/league.py
Traceback (most recent call last):
  File "/home/airflow/.local/lib/python3.12/site-packages/airflow/models/dagbag.py", line 383, in parse
    loader.exec_module(new_module)
  File "<frozen importlib._bootstrap_external>", line 999, in exec_module
  File "<frozen importlib._bootstrap>", line 488, in _call_with_frames_removed
  File "/opt/airflow/dags/league.py", line 7, in <module>
    from nba_api.stats.library.parameters import LeagueID
ModuleNotFoundError: No module named 'nba_api'
[2025-03-04T04:41:54.536+0000] {processor.py:927} WARNING - No viable dags retrieved from /opt/airflow/dags/league.py
[2025-03-04T04:41:54.544+0000] {processor.py:208} INFO - Processing /opt/airflow/dags/league.py took 0.013 seconds
[2025-03-04T04:42:24.816+0000] {processor.py:186} INFO - Started process (PID=241) to work on /opt/airflow/dags/league.py
[2025-03-04T04:42:24.816+0000] {processor.py:914} INFO - Processing file /opt/airflow/dags/league.py for tasks to queue
[2025-03-04T04:42:24.818+0000] {logging_mixin.py:190} INFO - [2025-03-04T04:42:24.817+0000] {dagbag.py:588} INFO - Filling up the DagBag from /opt/airflow/dags/league.py
[2025-03-04T04:42:24.820+0000] {logging_mixin.py:190} INFO - [2025-03-04T04:42:24.819+0000] {dagbag.py:387} ERROR - Failed to import: /opt/airflow/dags/league.py
Traceback (most recent call last):
  File "/home/airflow/.local/lib/python3.12/site-packages/airflow/models/dagbag.py", line 383, in parse
    loader.exec_module(new_module)
  File "<frozen importlib._bootstrap_external>", line 999, in exec_module
  File "<frozen importlib._bootstrap>", line 488, in _call_with_frames_removed
  File "/opt/airflow/dags/league.py", line 7, in <module>
    from nba_api.stats.library.parameters import LeagueID
ModuleNotFoundError: No module named 'nba_api'
[2025-03-04T04:42:24.820+0000] {processor.py:927} WARNING - No viable dags retrieved from /opt/airflow/dags/league.py
[2025-03-04T04:42:24.829+0000] {processor.py:208} INFO - Processing /opt/airflow/dags/league.py took 0.015 seconds
[2025-03-04T04:42:55.137+0000] {processor.py:186} INFO - Started process (PID=248) to work on /opt/airflow/dags/league.py
[2025-03-04T04:42:55.138+0000] {processor.py:914} INFO - Processing file /opt/airflow/dags/league.py for tasks to queue
[2025-03-04T04:42:55.140+0000] {logging_mixin.py:190} INFO - [2025-03-04T04:42:55.140+0000] {dagbag.py:588} INFO - Filling up the DagBag from /opt/airflow/dags/league.py
[2025-03-04T04:42:55.145+0000] {logging_mixin.py:190} INFO - [2025-03-04T04:42:55.143+0000] {dagbag.py:387} ERROR - Failed to import: /opt/airflow/dags/league.py
Traceback (most recent call last):
  File "/home/airflow/.local/lib/python3.12/site-packages/airflow/models/dagbag.py", line 383, in parse
    loader.exec_module(new_module)
  File "<frozen importlib._bootstrap_external>", line 999, in exec_module
  File "<frozen importlib._bootstrap>", line 488, in _call_with_frames_removed
  File "/opt/airflow/dags/league.py", line 7, in <module>
    from nba_api.stats.library.parameters import LeagueID
ModuleNotFoundError: No module named 'nba_api'
[2025-03-04T04:42:55.145+0000] {processor.py:927} WARNING - No viable dags retrieved from /opt/airflow/dags/league.py
[2025-03-04T04:42:55.159+0000] {processor.py:208} INFO - Processing /opt/airflow/dags/league.py took 0.028 seconds
[2025-03-04T04:43:25.470+0000] {processor.py:186} INFO - Started process (PID=254) to work on /opt/airflow/dags/league.py
[2025-03-04T04:43:25.471+0000] {processor.py:914} INFO - Processing file /opt/airflow/dags/league.py for tasks to queue
[2025-03-04T04:43:25.474+0000] {logging_mixin.py:190} INFO - [2025-03-04T04:43:25.474+0000] {dagbag.py:588} INFO - Filling up the DagBag from /opt/airflow/dags/league.py
[2025-03-04T04:43:25.478+0000] {logging_mixin.py:190} INFO - [2025-03-04T04:43:25.477+0000] {dagbag.py:387} ERROR - Failed to import: /opt/airflow/dags/league.py
Traceback (most recent call last):
  File "/home/airflow/.local/lib/python3.12/site-packages/airflow/models/dagbag.py", line 383, in parse
    loader.exec_module(new_module)
  File "<frozen importlib._bootstrap_external>", line 999, in exec_module
  File "<frozen importlib._bootstrap>", line 488, in _call_with_frames_removed
  File "/opt/airflow/dags/league.py", line 7, in <module>
    from nba_api.stats.library.parameters import LeagueID
ModuleNotFoundError: No module named 'nba_api'
[2025-03-04T04:43:25.478+0000] {processor.py:927} WARNING - No viable dags retrieved from /opt/airflow/dags/league.py
[2025-03-04T04:43:25.491+0000] {processor.py:208} INFO - Processing /opt/airflow/dags/league.py took 0.026 seconds
[2025-03-04T04:43:55.799+0000] {processor.py:186} INFO - Started process (PID=261) to work on /opt/airflow/dags/league.py
[2025-03-04T04:43:55.800+0000] {processor.py:914} INFO - Processing file /opt/airflow/dags/league.py for tasks to queue
[2025-03-04T04:43:55.802+0000] {logging_mixin.py:190} INFO - [2025-03-04T04:43:55.802+0000] {dagbag.py:588} INFO - Filling up the DagBag from /opt/airflow/dags/league.py
[2025-03-04T04:43:55.806+0000] {logging_mixin.py:190} INFO - [2025-03-04T04:43:55.805+0000] {dagbag.py:387} ERROR - Failed to import: /opt/airflow/dags/league.py
Traceback (most recent call last):
  File "/home/airflow/.local/lib/python3.12/site-packages/airflow/models/dagbag.py", line 383, in parse
    loader.exec_module(new_module)
  File "<frozen importlib._bootstrap_external>", line 999, in exec_module
  File "<frozen importlib._bootstrap>", line 488, in _call_with_frames_removed
  File "/opt/airflow/dags/league.py", line 7, in <module>
    from nba_api.stats.library.parameters import LeagueID
ModuleNotFoundError: No module named 'nba_api'
[2025-03-04T04:43:55.806+0000] {processor.py:927} WARNING - No viable dags retrieved from /opt/airflow/dags/league.py
[2025-03-04T04:43:55.818+0000] {processor.py:208} INFO - Processing /opt/airflow/dags/league.py took 0.025 seconds
[2025-03-04T04:44:26.085+0000] {processor.py:186} INFO - Started process (PID=268) to work on /opt/airflow/dags/league.py
[2025-03-04T04:44:26.086+0000] {processor.py:914} INFO - Processing file /opt/airflow/dags/league.py for tasks to queue
[2025-03-04T04:44:26.087+0000] {logging_mixin.py:190} INFO - [2025-03-04T04:44:26.087+0000] {dagbag.py:588} INFO - Filling up the DagBag from /opt/airflow/dags/league.py
[2025-03-04T04:44:26.091+0000] {logging_mixin.py:190} INFO - [2025-03-04T04:44:26.090+0000] {dagbag.py:387} ERROR - Failed to import: /opt/airflow/dags/league.py
Traceback (most recent call last):
  File "/home/airflow/.local/lib/python3.12/site-packages/airflow/models/dagbag.py", line 383, in parse
    loader.exec_module(new_module)
  File "<frozen importlib._bootstrap_external>", line 999, in exec_module
  File "<frozen importlib._bootstrap>", line 488, in _call_with_frames_removed
  File "/opt/airflow/dags/league.py", line 7, in <module>
    from nba_api.stats.library.parameters import LeagueID
ModuleNotFoundError: No module named 'nba_api'
[2025-03-04T04:44:26.091+0000] {processor.py:927} WARNING - No viable dags retrieved from /opt/airflow/dags/league.py
[2025-03-04T04:44:26.103+0000] {processor.py:208} INFO - Processing /opt/airflow/dags/league.py took 0.023 seconds
[2025-03-04T04:44:56.411+0000] {processor.py:186} INFO - Started process (PID=275) to work on /opt/airflow/dags/league.py
[2025-03-04T04:44:56.412+0000] {processor.py:914} INFO - Processing file /opt/airflow/dags/league.py for tasks to queue
[2025-03-04T04:44:56.414+0000] {logging_mixin.py:190} INFO - [2025-03-04T04:44:56.413+0000] {dagbag.py:588} INFO - Filling up the DagBag from /opt/airflow/dags/league.py
[2025-03-04T04:44:56.418+0000] {logging_mixin.py:190} INFO - [2025-03-04T04:44:56.417+0000] {dagbag.py:387} ERROR - Failed to import: /opt/airflow/dags/league.py
Traceback (most recent call last):
  File "/home/airflow/.local/lib/python3.12/site-packages/airflow/models/dagbag.py", line 383, in parse
    loader.exec_module(new_module)
  File "<frozen importlib._bootstrap_external>", line 999, in exec_module
  File "<frozen importlib._bootstrap>", line 488, in _call_with_frames_removed
  File "/opt/airflow/dags/league.py", line 7, in <module>
    from nba_api.stats.library.parameters import LeagueID
ModuleNotFoundError: No module named 'nba_api'
[2025-03-04T04:44:56.418+0000] {processor.py:927} WARNING - No viable dags retrieved from /opt/airflow/dags/league.py
[2025-03-04T04:44:56.431+0000] {processor.py:208} INFO - Processing /opt/airflow/dags/league.py took 0.026 seconds
[2025-03-04T04:45:26.748+0000] {processor.py:186} INFO - Started process (PID=282) to work on /opt/airflow/dags/league.py
[2025-03-04T04:45:26.749+0000] {processor.py:914} INFO - Processing file /opt/airflow/dags/league.py for tasks to queue
[2025-03-04T04:45:26.751+0000] {logging_mixin.py:190} INFO - [2025-03-04T04:45:26.750+0000] {dagbag.py:588} INFO - Filling up the DagBag from /opt/airflow/dags/league.py
[2025-03-04T04:45:26.754+0000] {logging_mixin.py:190} INFO - [2025-03-04T04:45:26.753+0000] {dagbag.py:387} ERROR - Failed to import: /opt/airflow/dags/league.py
Traceback (most recent call last):
  File "/home/airflow/.local/lib/python3.12/site-packages/airflow/models/dagbag.py", line 383, in parse
    loader.exec_module(new_module)
  File "<frozen importlib._bootstrap_external>", line 999, in exec_module
  File "<frozen importlib._bootstrap>", line 488, in _call_with_frames_removed
  File "/opt/airflow/dags/league.py", line 7, in <module>
    from nba_api.stats.library.parameters import LeagueID
ModuleNotFoundError: No module named 'nba_api'
[2025-03-04T04:45:26.755+0000] {processor.py:927} WARNING - No viable dags retrieved from /opt/airflow/dags/league.py
[2025-03-04T04:45:26.767+0000] {processor.py:208} INFO - Processing /opt/airflow/dags/league.py took 0.024 seconds
[2025-03-04T04:45:57.036+0000] {processor.py:186} INFO - Started process (PID=294) to work on /opt/airflow/dags/league.py
[2025-03-04T04:45:57.037+0000] {processor.py:914} INFO - Processing file /opt/airflow/dags/league.py for tasks to queue
[2025-03-04T04:45:57.038+0000] {logging_mixin.py:190} INFO - [2025-03-04T04:45:57.038+0000] {dagbag.py:588} INFO - Filling up the DagBag from /opt/airflow/dags/league.py
[2025-03-04T04:45:57.041+0000] {logging_mixin.py:190} INFO - [2025-03-04T04:45:57.040+0000] {dagbag.py:387} ERROR - Failed to import: /opt/airflow/dags/league.py
Traceback (most recent call last):
  File "/home/airflow/.local/lib/python3.12/site-packages/airflow/models/dagbag.py", line 383, in parse
    loader.exec_module(new_module)
  File "<frozen importlib._bootstrap_external>", line 999, in exec_module
  File "<frozen importlib._bootstrap>", line 488, in _call_with_frames_removed
  File "/opt/airflow/dags/league.py", line 7, in <module>
    from nba_api.stats.library.parameters import LeagueID
ModuleNotFoundError: No module named 'nba_api'
[2025-03-04T04:45:57.041+0000] {processor.py:927} WARNING - No viable dags retrieved from /opt/airflow/dags/league.py
[2025-03-04T04:45:57.050+0000] {processor.py:208} INFO - Processing /opt/airflow/dags/league.py took 0.017 seconds
[2025-03-04T04:46:27.327+0000] {processor.py:186} INFO - Started process (PID=301) to work on /opt/airflow/dags/league.py
[2025-03-04T04:46:27.328+0000] {processor.py:914} INFO - Processing file /opt/airflow/dags/league.py for tasks to queue
[2025-03-04T04:46:27.330+0000] {logging_mixin.py:190} INFO - [2025-03-04T04:46:27.330+0000] {dagbag.py:588} INFO - Filling up the DagBag from /opt/airflow/dags/league.py
[2025-03-04T04:46:27.333+0000] {logging_mixin.py:190} INFO - [2025-03-04T04:46:27.332+0000] {dagbag.py:387} ERROR - Failed to import: /opt/airflow/dags/league.py
Traceback (most recent call last):
  File "/home/airflow/.local/lib/python3.12/site-packages/airflow/models/dagbag.py", line 383, in parse
    loader.exec_module(new_module)
  File "<frozen importlib._bootstrap_external>", line 999, in exec_module
  File "<frozen importlib._bootstrap>", line 488, in _call_with_frames_removed
  File "/opt/airflow/dags/league.py", line 7, in <module>
    from nba_api.stats.library.parameters import LeagueID
ModuleNotFoundError: No module named 'nba_api'
[2025-03-04T04:46:27.334+0000] {processor.py:927} WARNING - No viable dags retrieved from /opt/airflow/dags/league.py
[2025-03-04T04:46:27.348+0000] {processor.py:208} INFO - Processing /opt/airflow/dags/league.py took 0.025 seconds
[2025-03-04T04:46:57.621+0000] {processor.py:186} INFO - Started process (PID=307) to work on /opt/airflow/dags/league.py
[2025-03-04T04:46:57.622+0000] {processor.py:914} INFO - Processing file /opt/airflow/dags/league.py for tasks to queue
[2025-03-04T04:46:57.623+0000] {logging_mixin.py:190} INFO - [2025-03-04T04:46:57.623+0000] {dagbag.py:588} INFO - Filling up the DagBag from /opt/airflow/dags/league.py
[2025-03-04T04:46:57.626+0000] {logging_mixin.py:190} INFO - [2025-03-04T04:46:57.626+0000] {dagbag.py:387} ERROR - Failed to import: /opt/airflow/dags/league.py
Traceback (most recent call last):
  File "/home/airflow/.local/lib/python3.12/site-packages/airflow/models/dagbag.py", line 383, in parse
    loader.exec_module(new_module)
  File "<frozen importlib._bootstrap_external>", line 999, in exec_module
  File "<frozen importlib._bootstrap>", line 488, in _call_with_frames_removed
  File "/opt/airflow/dags/league.py", line 7, in <module>
    from nba_api.stats.library.parameters import LeagueID
ModuleNotFoundError: No module named 'nba_api'
[2025-03-04T04:46:57.627+0000] {processor.py:927} WARNING - No viable dags retrieved from /opt/airflow/dags/league.py
[2025-03-04T04:46:57.638+0000] {processor.py:208} INFO - Processing /opt/airflow/dags/league.py took 0.021 seconds
[2025-03-04T04:47:27.933+0000] {processor.py:186} INFO - Started process (PID=314) to work on /opt/airflow/dags/league.py
[2025-03-04T04:47:27.934+0000] {processor.py:914} INFO - Processing file /opt/airflow/dags/league.py for tasks to queue
[2025-03-04T04:47:27.936+0000] {logging_mixin.py:190} INFO - [2025-03-04T04:47:27.936+0000] {dagbag.py:588} INFO - Filling up the DagBag from /opt/airflow/dags/league.py
[2025-03-04T04:47:27.940+0000] {logging_mixin.py:190} INFO - [2025-03-04T04:47:27.939+0000] {dagbag.py:387} ERROR - Failed to import: /opt/airflow/dags/league.py
Traceback (most recent call last):
  File "/home/airflow/.local/lib/python3.12/site-packages/airflow/models/dagbag.py", line 383, in parse
    loader.exec_module(new_module)
  File "<frozen importlib._bootstrap_external>", line 999, in exec_module
  File "<frozen importlib._bootstrap>", line 488, in _call_with_frames_removed
  File "/opt/airflow/dags/league.py", line 7, in <module>
    from nba_api.stats.library.parameters import LeagueID
ModuleNotFoundError: No module named 'nba_api'
[2025-03-04T04:47:27.941+0000] {processor.py:927} WARNING - No viable dags retrieved from /opt/airflow/dags/league.py
[2025-03-04T04:47:27.953+0000] {processor.py:208} INFO - Processing /opt/airflow/dags/league.py took 0.026 seconds
[2025-03-04T04:47:58.248+0000] {processor.py:186} INFO - Started process (PID=321) to work on /opt/airflow/dags/league.py
[2025-03-04T04:47:58.249+0000] {processor.py:914} INFO - Processing file /opt/airflow/dags/league.py for tasks to queue
[2025-03-04T04:47:58.251+0000] {logging_mixin.py:190} INFO - [2025-03-04T04:47:58.251+0000] {dagbag.py:588} INFO - Filling up the DagBag from /opt/airflow/dags/league.py
[2025-03-04T04:47:58.256+0000] {logging_mixin.py:190} INFO - [2025-03-04T04:47:58.255+0000] {dagbag.py:387} ERROR - Failed to import: /opt/airflow/dags/league.py
Traceback (most recent call last):
  File "/home/airflow/.local/lib/python3.12/site-packages/airflow/models/dagbag.py", line 383, in parse
    loader.exec_module(new_module)
  File "<frozen importlib._bootstrap_external>", line 999, in exec_module
  File "<frozen importlib._bootstrap>", line 488, in _call_with_frames_removed
  File "/opt/airflow/dags/league.py", line 7, in <module>
    from nba_api.stats.library.parameters import LeagueID
ModuleNotFoundError: No module named 'nba_api'
[2025-03-04T04:47:58.256+0000] {processor.py:927} WARNING - No viable dags retrieved from /opt/airflow/dags/league.py
[2025-03-04T04:47:58.269+0000] {processor.py:208} INFO - Processing /opt/airflow/dags/league.py took 0.026 seconds
[2025-03-04T04:48:28.579+0000] {processor.py:186} INFO - Started process (PID=328) to work on /opt/airflow/dags/league.py
[2025-03-04T04:48:28.579+0000] {processor.py:914} INFO - Processing file /opt/airflow/dags/league.py for tasks to queue
[2025-03-04T04:48:28.581+0000] {logging_mixin.py:190} INFO - [2025-03-04T04:48:28.581+0000] {dagbag.py:588} INFO - Filling up the DagBag from /opt/airflow/dags/league.py
[2025-03-04T04:48:28.585+0000] {logging_mixin.py:190} INFO - [2025-03-04T04:48:28.584+0000] {dagbag.py:387} ERROR - Failed to import: /opt/airflow/dags/league.py
Traceback (most recent call last):
  File "/home/airflow/.local/lib/python3.12/site-packages/airflow/models/dagbag.py", line 383, in parse
    loader.exec_module(new_module)
  File "<frozen importlib._bootstrap_external>", line 999, in exec_module
  File "<frozen importlib._bootstrap>", line 488, in _call_with_frames_removed
  File "/opt/airflow/dags/league.py", line 7, in <module>
    from nba_api.stats.library.parameters import LeagueID
ModuleNotFoundError: No module named 'nba_api'
[2025-03-04T04:48:28.585+0000] {processor.py:927} WARNING - No viable dags retrieved from /opt/airflow/dags/league.py
[2025-03-04T04:48:28.598+0000] {processor.py:208} INFO - Processing /opt/airflow/dags/league.py took 0.025 seconds
[2025-03-04T04:48:58.927+0000] {processor.py:186} INFO - Started process (PID=335) to work on /opt/airflow/dags/league.py
[2025-03-04T04:48:58.928+0000] {processor.py:914} INFO - Processing file /opt/airflow/dags/league.py for tasks to queue
[2025-03-04T04:48:58.929+0000] {logging_mixin.py:190} INFO - [2025-03-04T04:48:58.929+0000] {dagbag.py:588} INFO - Filling up the DagBag from /opt/airflow/dags/league.py
[2025-03-04T04:48:58.933+0000] {logging_mixin.py:190} INFO - [2025-03-04T04:48:58.932+0000] {dagbag.py:387} ERROR - Failed to import: /opt/airflow/dags/league.py
Traceback (most recent call last):
  File "/home/airflow/.local/lib/python3.12/site-packages/airflow/models/dagbag.py", line 383, in parse
    loader.exec_module(new_module)
  File "<frozen importlib._bootstrap_external>", line 999, in exec_module
  File "<frozen importlib._bootstrap>", line 488, in _call_with_frames_removed
  File "/opt/airflow/dags/league.py", line 7, in <module>
    from nba_api.stats.library.parameters import LeagueID
ModuleNotFoundError: No module named 'nba_api'
[2025-03-04T04:48:58.934+0000] {processor.py:927} WARNING - No viable dags retrieved from /opt/airflow/dags/league.py
[2025-03-04T04:48:58.947+0000] {processor.py:208} INFO - Processing /opt/airflow/dags/league.py took 0.026 seconds
[2025-03-04T04:49:29.235+0000] {processor.py:186} INFO - Started process (PID=342) to work on /opt/airflow/dags/league.py
[2025-03-04T04:49:29.235+0000] {processor.py:914} INFO - Processing file /opt/airflow/dags/league.py for tasks to queue
[2025-03-04T04:49:29.237+0000] {logging_mixin.py:190} INFO - [2025-03-04T04:49:29.237+0000] {dagbag.py:588} INFO - Filling up the DagBag from /opt/airflow/dags/league.py
[2025-03-04T04:49:29.241+0000] {logging_mixin.py:190} INFO - [2025-03-04T04:49:29.240+0000] {dagbag.py:387} ERROR - Failed to import: /opt/airflow/dags/league.py
Traceback (most recent call last):
  File "/home/airflow/.local/lib/python3.12/site-packages/airflow/models/dagbag.py", line 383, in parse
    loader.exec_module(new_module)
  File "<frozen importlib._bootstrap_external>", line 999, in exec_module
  File "<frozen importlib._bootstrap>", line 488, in _call_with_frames_removed
  File "/opt/airflow/dags/league.py", line 7, in <module>
    from nba_api.stats.library.parameters import LeagueID
ModuleNotFoundError: No module named 'nba_api'
[2025-03-04T04:49:29.241+0000] {processor.py:927} WARNING - No viable dags retrieved from /opt/airflow/dags/league.py
[2025-03-04T04:49:29.254+0000] {processor.py:208} INFO - Processing /opt/airflow/dags/league.py took 0.025 seconds
[2025-03-04T04:49:59.532+0000] {processor.py:186} INFO - Started process (PID=349) to work on /opt/airflow/dags/league.py
[2025-03-04T04:49:59.533+0000] {processor.py:914} INFO - Processing file /opt/airflow/dags/league.py for tasks to queue
[2025-03-04T04:49:59.534+0000] {logging_mixin.py:190} INFO - [2025-03-04T04:49:59.534+0000] {dagbag.py:588} INFO - Filling up the DagBag from /opt/airflow/dags/league.py
[2025-03-04T04:49:59.536+0000] {logging_mixin.py:190} INFO - [2025-03-04T04:49:59.535+0000] {dagbag.py:387} ERROR - Failed to import: /opt/airflow/dags/league.py
Traceback (most recent call last):
  File "/home/airflow/.local/lib/python3.12/site-packages/airflow/models/dagbag.py", line 383, in parse
    loader.exec_module(new_module)
  File "<frozen importlib._bootstrap_external>", line 999, in exec_module
  File "<frozen importlib._bootstrap>", line 488, in _call_with_frames_removed
  File "/opt/airflow/dags/league.py", line 7, in <module>
    from nba_api.stats.library.parameters import LeagueID
ModuleNotFoundError: No module named 'nba_api'
[2025-03-04T04:49:59.536+0000] {processor.py:927} WARNING - No viable dags retrieved from /opt/airflow/dags/league.py
[2025-03-04T04:49:59.545+0000] {processor.py:208} INFO - Processing /opt/airflow/dags/league.py took 0.015 seconds
[2025-03-04T04:54:17.471+0000] {processor.py:186} INFO - Started process (PID=48) to work on /opt/airflow/dags/league.py
[2025-03-04T04:54:17.472+0000] {processor.py:914} INFO - Processing file /opt/airflow/dags/league.py for tasks to queue
[2025-03-04T04:54:17.474+0000] {logging_mixin.py:190} INFO - [2025-03-04T04:54:17.473+0000] {dagbag.py:588} INFO - Filling up the DagBag from /opt/airflow/dags/league.py
[2025-03-04T04:54:17.485+0000] {processor.py:925} INFO - DAG(s) 'league' retrieved from /opt/airflow/dags/league.py
[2025-03-04T04:54:17.560+0000] {logging_mixin.py:190} INFO - [2025-03-04T04:54:17.560+0000] {override.py:1911} INFO - Created Permission View: can edit on DAG:league
[2025-03-04T04:54:17.564+0000] {logging_mixin.py:190} INFO - [2025-03-04T04:54:17.564+0000] {override.py:1911} INFO - Created Permission View: can delete on DAG:league
[2025-03-04T04:54:17.567+0000] {logging_mixin.py:190} INFO - [2025-03-04T04:54:17.567+0000] {override.py:1911} INFO - Created Permission View: can read on DAG:league
[2025-03-04T04:54:17.569+0000] {logging_mixin.py:190} INFO - [2025-03-04T04:54:17.569+0000] {override.py:1911} INFO - Created Permission View: can delete on DAG Run:league
[2025-03-04T04:54:17.573+0000] {logging_mixin.py:190} INFO - [2025-03-04T04:54:17.573+0000] {override.py:1911} INFO - Created Permission View: menu access on DAG Run:league
[2025-03-04T04:54:17.575+0000] {logging_mixin.py:190} INFO - [2025-03-04T04:54:17.575+0000] {override.py:1911} INFO - Created Permission View: can create on DAG Run:league
[2025-03-04T04:54:17.577+0000] {logging_mixin.py:190} INFO - [2025-03-04T04:54:17.577+0000] {override.py:1911} INFO - Created Permission View: can read on DAG Run:league
[2025-03-04T04:54:17.577+0000] {logging_mixin.py:190} INFO - [2025-03-04T04:54:17.577+0000] {dag.py:3239} INFO - Sync 1 DAGs
[2025-03-04T04:54:17.588+0000] {logging_mixin.py:190} INFO - [2025-03-04T04:54:17.588+0000] {dag.py:3262} INFO - Creating ORM DAG for league
[2025-03-04T04:54:17.596+0000] {logging_mixin.py:190} INFO - [2025-03-04T04:54:17.596+0000] {dag.py:4180} INFO - Setting next_dagrun for league to 2025-01-01 00:00:00+00:00, run_after=2025-01-02 00:00:00+00:00
[2025-03-04T04:54:17.736+0000] {processor.py:208} INFO - Processing /opt/airflow/dags/league.py took 0.271 seconds
[2025-03-04T04:54:47.984+0000] {processor.py:186} INFO - Started process (PID=55) to work on /opt/airflow/dags/league.py
[2025-03-04T04:54:47.985+0000] {processor.py:914} INFO - Processing file /opt/airflow/dags/league.py for tasks to queue
[2025-03-04T04:54:47.986+0000] {logging_mixin.py:190} INFO - [2025-03-04T04:54:47.986+0000] {dagbag.py:588} INFO - Filling up the DagBag from /opt/airflow/dags/league.py
[2025-03-04T04:54:47.995+0000] {processor.py:925} INFO - DAG(s) 'league' retrieved from /opt/airflow/dags/league.py
[2025-03-04T04:54:48.006+0000] {logging_mixin.py:190} INFO - [2025-03-04T04:54:48.006+0000] {dag.py:3239} INFO - Sync 1 DAGs
[2025-03-04T04:54:48.017+0000] {logging_mixin.py:190} INFO - [2025-03-04T04:54:48.017+0000] {dag.py:4180} INFO - Setting next_dagrun for league to 2025-01-01 00:00:00+00:00, run_after=2025-01-02 00:00:00+00:00
[2025-03-04T04:54:48.026+0000] {processor.py:208} INFO - Processing /opt/airflow/dags/league.py took 0.044 seconds
[2025-03-04T04:55:18.292+0000] {processor.py:186} INFO - Started process (PID=62) to work on /opt/airflow/dags/league.py
[2025-03-04T04:55:18.292+0000] {processor.py:914} INFO - Processing file /opt/airflow/dags/league.py for tasks to queue
[2025-03-04T04:55:18.294+0000] {logging_mixin.py:190} INFO - [2025-03-04T04:55:18.294+0000] {dagbag.py:588} INFO - Filling up the DagBag from /opt/airflow/dags/league.py
[2025-03-04T04:55:18.303+0000] {processor.py:925} INFO - DAG(s) 'league' retrieved from /opt/airflow/dags/league.py
[2025-03-04T04:55:18.316+0000] {logging_mixin.py:190} INFO - [2025-03-04T04:55:18.316+0000] {dag.py:3239} INFO - Sync 1 DAGs
[2025-03-04T04:55:18.325+0000] {logging_mixin.py:190} INFO - [2025-03-04T04:55:18.325+0000] {dag.py:4180} INFO - Setting next_dagrun for league to 2025-01-01 00:00:00+00:00, run_after=2025-01-02 00:00:00+00:00
[2025-03-04T04:55:18.332+0000] {processor.py:208} INFO - Processing /opt/airflow/dags/league.py took 0.044 seconds
[2025-03-04T04:55:48.588+0000] {processor.py:186} INFO - Started process (PID=69) to work on /opt/airflow/dags/league.py
[2025-03-04T04:55:48.589+0000] {processor.py:914} INFO - Processing file /opt/airflow/dags/league.py for tasks to queue
[2025-03-04T04:55:48.591+0000] {logging_mixin.py:190} INFO - [2025-03-04T04:55:48.591+0000] {dagbag.py:588} INFO - Filling up the DagBag from /opt/airflow/dags/league.py
[2025-03-04T04:55:48.603+0000] {processor.py:925} INFO - DAG(s) 'league' retrieved from /opt/airflow/dags/league.py
[2025-03-04T04:55:48.617+0000] {logging_mixin.py:190} INFO - [2025-03-04T04:55:48.617+0000] {dag.py:3239} INFO - Sync 1 DAGs
[2025-03-04T04:55:48.627+0000] {logging_mixin.py:190} INFO - [2025-03-04T04:55:48.627+0000] {dag.py:4180} INFO - Setting next_dagrun for league to 2025-01-01 00:00:00+00:00, run_after=2025-01-02 00:00:00+00:00
[2025-03-04T04:55:48.634+0000] {processor.py:208} INFO - Processing /opt/airflow/dags/league.py took 0.051 seconds
[2025-03-04T04:56:18.842+0000] {processor.py:186} INFO - Started process (PID=76) to work on /opt/airflow/dags/league.py
[2025-03-04T04:56:18.842+0000] {processor.py:914} INFO - Processing file /opt/airflow/dags/league.py for tasks to queue
[2025-03-04T04:56:18.845+0000] {logging_mixin.py:190} INFO - [2025-03-04T04:56:18.845+0000] {dagbag.py:588} INFO - Filling up the DagBag from /opt/airflow/dags/league.py
[2025-03-04T04:56:18.853+0000] {processor.py:925} INFO - DAG(s) 'league' retrieved from /opt/airflow/dags/league.py
[2025-03-04T04:56:18.865+0000] {logging_mixin.py:190} INFO - [2025-03-04T04:56:18.865+0000] {dag.py:3239} INFO - Sync 1 DAGs
[2025-03-04T04:56:18.874+0000] {logging_mixin.py:190} INFO - [2025-03-04T04:56:18.874+0000] {dag.py:4180} INFO - Setting next_dagrun for league to 2025-01-01 00:00:00+00:00, run_after=2025-01-02 00:00:00+00:00
[2025-03-04T04:56:18.881+0000] {processor.py:208} INFO - Processing /opt/airflow/dags/league.py took 0.042 seconds
[2025-03-04T04:56:49.075+0000] {processor.py:186} INFO - Started process (PID=83) to work on /opt/airflow/dags/league.py
[2025-03-04T04:56:49.076+0000] {processor.py:914} INFO - Processing file /opt/airflow/dags/league.py for tasks to queue
[2025-03-04T04:56:49.077+0000] {logging_mixin.py:190} INFO - [2025-03-04T04:56:49.077+0000] {dagbag.py:588} INFO - Filling up the DagBag from /opt/airflow/dags/league.py
[2025-03-04T04:56:49.087+0000] {processor.py:925} INFO - DAG(s) 'league' retrieved from /opt/airflow/dags/league.py
[2025-03-04T04:56:49.098+0000] {logging_mixin.py:190} INFO - [2025-03-04T04:56:49.098+0000] {dag.py:3239} INFO - Sync 1 DAGs
[2025-03-04T04:56:49.107+0000] {logging_mixin.py:190} INFO - [2025-03-04T04:56:49.107+0000] {dag.py:4180} INFO - Setting next_dagrun for league to 2025-01-01 00:00:00+00:00, run_after=2025-01-02 00:00:00+00:00
[2025-03-04T04:56:49.114+0000] {processor.py:208} INFO - Processing /opt/airflow/dags/league.py took 0.043 seconds
[2025-03-04T04:57:19.383+0000] {processor.py:186} INFO - Started process (PID=96) to work on /opt/airflow/dags/league.py
[2025-03-04T04:57:19.383+0000] {processor.py:914} INFO - Processing file /opt/airflow/dags/league.py for tasks to queue
[2025-03-04T04:57:19.384+0000] {logging_mixin.py:190} INFO - [2025-03-04T04:57:19.384+0000] {dagbag.py:588} INFO - Filling up the DagBag from /opt/airflow/dags/league.py
[2025-03-04T04:57:19.391+0000] {processor.py:925} INFO - DAG(s) 'league' retrieved from /opt/airflow/dags/league.py
[2025-03-04T04:57:19.401+0000] {logging_mixin.py:190} INFO - [2025-03-04T04:57:19.401+0000] {dag.py:3239} INFO - Sync 1 DAGs
[2025-03-04T04:57:19.410+0000] {logging_mixin.py:190} INFO - [2025-03-04T04:57:19.410+0000] {dag.py:4180} INFO - Setting next_dagrun for league to 2025-01-01 00:00:00+00:00, run_after=2025-01-02 00:00:00+00:00
[2025-03-04T04:57:19.476+0000] {processor.py:208} INFO - Processing /opt/airflow/dags/league.py took 0.096 seconds
[2025-03-04T04:57:49.709+0000] {processor.py:186} INFO - Started process (PID=103) to work on /opt/airflow/dags/league.py
[2025-03-04T04:57:49.710+0000] {processor.py:914} INFO - Processing file /opt/airflow/dags/league.py for tasks to queue
[2025-03-04T04:57:49.712+0000] {logging_mixin.py:190} INFO - [2025-03-04T04:57:49.711+0000] {dagbag.py:588} INFO - Filling up the DagBag from /opt/airflow/dags/league.py
[2025-03-04T04:57:49.727+0000] {processor.py:925} INFO - DAG(s) 'league' retrieved from /opt/airflow/dags/league.py
[2025-03-04T04:57:49.739+0000] {logging_mixin.py:190} INFO - [2025-03-04T04:57:49.739+0000] {dag.py:3239} INFO - Sync 1 DAGs
[2025-03-04T04:57:49.824+0000] {logging_mixin.py:190} INFO - [2025-03-04T04:57:49.824+0000] {dag.py:4180} INFO - Setting next_dagrun for league to 2025-01-01 00:00:00+00:00, run_after=2025-01-02 00:00:00+00:00
[2025-03-04T04:57:49.830+0000] {processor.py:208} INFO - Processing /opt/airflow/dags/league.py took 0.126 seconds
[2025-03-04T04:58:20.029+0000] {processor.py:186} INFO - Started process (PID=110) to work on /opt/airflow/dags/league.py
[2025-03-04T04:58:20.030+0000] {processor.py:914} INFO - Processing file /opt/airflow/dags/league.py for tasks to queue
[2025-03-04T04:58:20.031+0000] {logging_mixin.py:190} INFO - [2025-03-04T04:58:20.031+0000] {dagbag.py:588} INFO - Filling up the DagBag from /opt/airflow/dags/league.py
[2025-03-04T04:58:20.043+0000] {processor.py:925} INFO - DAG(s) 'league' retrieved from /opt/airflow/dags/league.py
[2025-03-04T04:58:20.059+0000] {logging_mixin.py:190} INFO - [2025-03-04T04:58:20.059+0000] {dag.py:3239} INFO - Sync 1 DAGs
[2025-03-04T04:58:20.132+0000] {logging_mixin.py:190} INFO - [2025-03-04T04:58:20.132+0000] {dag.py:4180} INFO - Setting next_dagrun for league to 2025-01-01 00:00:00+00:00, run_after=2025-01-02 00:00:00+00:00
[2025-03-04T04:58:20.137+0000] {processor.py:208} INFO - Processing /opt/airflow/dags/league.py took 0.114 seconds
[2025-03-04T04:58:50.389+0000] {processor.py:186} INFO - Started process (PID=117) to work on /opt/airflow/dags/league.py
[2025-03-04T04:58:50.390+0000] {processor.py:914} INFO - Processing file /opt/airflow/dags/league.py for tasks to queue
[2025-03-04T04:58:50.392+0000] {logging_mixin.py:190} INFO - [2025-03-04T04:58:50.391+0000] {dagbag.py:588} INFO - Filling up the DagBag from /opt/airflow/dags/league.py
[2025-03-04T04:58:50.402+0000] {processor.py:925} INFO - DAG(s) 'league' retrieved from /opt/airflow/dags/league.py
[2025-03-04T04:58:50.481+0000] {logging_mixin.py:190} INFO - [2025-03-04T04:58:50.481+0000] {dag.py:3239} INFO - Sync 1 DAGs
[2025-03-04T04:58:50.488+0000] {logging_mixin.py:190} INFO - [2025-03-04T04:58:50.488+0000] {dag.py:4180} INFO - Setting next_dagrun for league to 2025-01-01 00:00:00+00:00, run_after=2025-01-02 00:00:00+00:00
[2025-03-04T04:58:50.493+0000] {processor.py:208} INFO - Processing /opt/airflow/dags/league.py took 0.108 seconds
[2025-03-04T04:59:20.723+0000] {processor.py:186} INFO - Started process (PID=124) to work on /opt/airflow/dags/league.py
[2025-03-04T04:59:20.724+0000] {processor.py:914} INFO - Processing file /opt/airflow/dags/league.py for tasks to queue
[2025-03-04T04:59:20.810+0000] {logging_mixin.py:190} INFO - [2025-03-04T04:59:20.810+0000] {dagbag.py:588} INFO - Filling up the DagBag from /opt/airflow/dags/league.py
[2025-03-04T04:59:20.815+0000] {processor.py:925} INFO - DAG(s) 'league' retrieved from /opt/airflow/dags/league.py
[2025-03-04T04:59:20.823+0000] {logging_mixin.py:190} INFO - [2025-03-04T04:59:20.822+0000] {dag.py:3239} INFO - Sync 1 DAGs
[2025-03-04T04:59:20.829+0000] {logging_mixin.py:190} INFO - [2025-03-04T04:59:20.829+0000] {dag.py:4180} INFO - Setting next_dagrun for league to 2025-01-01 00:00:00+00:00, run_after=2025-01-02 00:00:00+00:00
[2025-03-04T04:59:20.834+0000] {processor.py:208} INFO - Processing /opt/airflow/dags/league.py took 0.116 seconds
[2025-03-04T05:00:43.252+0000] {processor.py:186} INFO - Started process (PID=50) to work on /opt/airflow/dags/league.py
[2025-03-04T05:00:43.253+0000] {processor.py:914} INFO - Processing file /opt/airflow/dags/league.py for tasks to queue
[2025-03-04T05:00:43.254+0000] {logging_mixin.py:190} INFO - [2025-03-04T05:00:43.254+0000] {dagbag.py:588} INFO - Filling up the DagBag from /opt/airflow/dags/league.py
[2025-03-04T05:00:43.262+0000] {processor.py:925} INFO - DAG(s) 'league' retrieved from /opt/airflow/dags/league.py
[2025-03-04T05:00:43.274+0000] {logging_mixin.py:190} INFO - [2025-03-04T05:00:43.274+0000] {dag.py:3239} INFO - Sync 1 DAGs
[2025-03-04T05:00:43.286+0000] {logging_mixin.py:190} INFO - [2025-03-04T05:00:43.285+0000] {dag.py:4180} INFO - Setting next_dagrun for league to 2025-01-01 00:00:00+00:00, run_after=2025-01-02 00:00:00+00:00
[2025-03-04T05:00:43.292+0000] {processor.py:208} INFO - Processing /opt/airflow/dags/league.py took 0.042 seconds
[2025-03-04T05:01:13.492+0000] {processor.py:186} INFO - Started process (PID=56) to work on /opt/airflow/dags/league.py
[2025-03-04T05:01:13.493+0000] {processor.py:914} INFO - Processing file /opt/airflow/dags/league.py for tasks to queue
[2025-03-04T05:01:13.494+0000] {logging_mixin.py:190} INFO - [2025-03-04T05:01:13.494+0000] {dagbag.py:588} INFO - Filling up the DagBag from /opt/airflow/dags/league.py
[2025-03-04T05:01:13.501+0000] {processor.py:925} INFO - DAG(s) 'league' retrieved from /opt/airflow/dags/league.py
[2025-03-04T05:01:13.512+0000] {logging_mixin.py:190} INFO - [2025-03-04T05:01:13.512+0000] {dag.py:3239} INFO - Sync 1 DAGs
[2025-03-04T05:01:13.522+0000] {logging_mixin.py:190} INFO - [2025-03-04T05:01:13.522+0000] {dag.py:4180} INFO - Setting next_dagrun for league to 2025-01-01 00:00:00+00:00, run_after=2025-01-02 00:00:00+00:00
[2025-03-04T05:01:13.529+0000] {processor.py:208} INFO - Processing /opt/airflow/dags/league.py took 0.041 seconds
[2025-03-04T05:01:41.725+0000] {processor.py:186} INFO - Started process (PID=63) to work on /opt/airflow/dags/league.py
[2025-03-04T05:01:41.725+0000] {processor.py:914} INFO - Processing file /opt/airflow/dags/league.py for tasks to queue
[2025-03-04T05:01:41.726+0000] {logging_mixin.py:190} INFO - [2025-03-04T05:01:41.726+0000] {dagbag.py:588} INFO - Filling up the DagBag from /opt/airflow/dags/league.py
[2025-03-04T05:01:41.737+0000] {processor.py:925} INFO - DAG(s) 'league' retrieved from /opt/airflow/dags/league.py
[2025-03-04T05:01:41.749+0000] {logging_mixin.py:190} INFO - [2025-03-04T05:01:41.748+0000] {dag.py:3239} INFO - Sync 1 DAGs
[2025-03-04T05:01:41.759+0000] {logging_mixin.py:190} INFO - [2025-03-04T05:01:41.759+0000] {dag.py:4180} INFO - Setting next_dagrun for league to 2025-01-01 00:00:00+00:00, run_after=2025-01-02 00:00:00+00:00
[2025-03-04T05:01:41.766+0000] {processor.py:208} INFO - Processing /opt/airflow/dags/league.py took 0.044 seconds
[2025-03-04T05:02:11.979+0000] {processor.py:186} INFO - Started process (PID=69) to work on /opt/airflow/dags/league.py
[2025-03-04T05:02:11.980+0000] {processor.py:914} INFO - Processing file /opt/airflow/dags/league.py for tasks to queue
[2025-03-04T05:02:11.982+0000] {logging_mixin.py:190} INFO - [2025-03-04T05:02:11.982+0000] {dagbag.py:588} INFO - Filling up the DagBag from /opt/airflow/dags/league.py
[2025-03-04T05:02:11.997+0000] {processor.py:925} INFO - DAG(s) 'league' retrieved from /opt/airflow/dags/league.py
[2025-03-04T05:02:12.012+0000] {logging_mixin.py:190} INFO - [2025-03-04T05:02:12.012+0000] {dag.py:3239} INFO - Sync 1 DAGs
[2025-03-04T05:02:12.024+0000] {logging_mixin.py:190} INFO - [2025-03-04T05:02:12.024+0000] {dag.py:4180} INFO - Setting next_dagrun for league to 2025-01-01 00:00:00+00:00, run_after=2025-01-02 00:00:00+00:00
[2025-03-04T05:02:12.033+0000] {processor.py:208} INFO - Processing /opt/airflow/dags/league.py took 0.059 seconds
[2025-03-04T05:02:42.236+0000] {processor.py:186} INFO - Started process (PID=76) to work on /opt/airflow/dags/league.py
[2025-03-04T05:02:42.237+0000] {processor.py:914} INFO - Processing file /opt/airflow/dags/league.py for tasks to queue
[2025-03-04T05:02:42.238+0000] {logging_mixin.py:190} INFO - [2025-03-04T05:02:42.238+0000] {dagbag.py:588} INFO - Filling up the DagBag from /opt/airflow/dags/league.py
[2025-03-04T05:02:42.244+0000] {processor.py:925} INFO - DAG(s) 'league' retrieved from /opt/airflow/dags/league.py
[2025-03-04T05:02:42.253+0000] {logging_mixin.py:190} INFO - [2025-03-04T05:02:42.253+0000] {dag.py:3239} INFO - Sync 1 DAGs
[2025-03-04T05:02:42.262+0000] {logging_mixin.py:190} INFO - [2025-03-04T05:02:42.262+0000] {dag.py:4180} INFO - Setting next_dagrun for league to 2025-01-01 00:00:00+00:00, run_after=2025-01-02 00:00:00+00:00
[2025-03-04T05:02:42.328+0000] {processor.py:208} INFO - Processing /opt/airflow/dags/league.py took 0.094 seconds
[2025-03-04T05:03:12.515+0000] {processor.py:186} INFO - Started process (PID=83) to work on /opt/airflow/dags/league.py
[2025-03-04T05:03:12.516+0000] {processor.py:914} INFO - Processing file /opt/airflow/dags/league.py for tasks to queue
[2025-03-04T05:03:12.517+0000] {logging_mixin.py:190} INFO - [2025-03-04T05:03:12.517+0000] {dagbag.py:588} INFO - Filling up the DagBag from /opt/airflow/dags/league.py
[2025-03-04T05:03:12.524+0000] {processor.py:925} INFO - DAG(s) 'league' retrieved from /opt/airflow/dags/league.py
[2025-03-04T05:03:12.534+0000] {logging_mixin.py:190} INFO - [2025-03-04T05:03:12.534+0000] {dag.py:3239} INFO - Sync 1 DAGs
[2025-03-04T05:03:12.607+0000] {logging_mixin.py:190} INFO - [2025-03-04T05:03:12.607+0000] {dag.py:4180} INFO - Setting next_dagrun for league to 2025-01-01 00:00:00+00:00, run_after=2025-01-02 00:00:00+00:00
[2025-03-04T05:03:12.613+0000] {processor.py:208} INFO - Processing /opt/airflow/dags/league.py took 0.099 seconds
[2025-03-04T05:03:42.838+0000] {processor.py:186} INFO - Started process (PID=90) to work on /opt/airflow/dags/league.py
[2025-03-04T05:03:42.839+0000] {processor.py:914} INFO - Processing file /opt/airflow/dags/league.py for tasks to queue
[2025-03-04T05:03:42.842+0000] {logging_mixin.py:190} INFO - [2025-03-04T05:03:42.841+0000] {dagbag.py:588} INFO - Filling up the DagBag from /opt/airflow/dags/league.py
[2025-03-04T05:03:42.854+0000] {processor.py:925} INFO - DAG(s) 'league' retrieved from /opt/airflow/dags/league.py
[2025-03-04T05:03:42.868+0000] {logging_mixin.py:190} INFO - [2025-03-04T05:03:42.868+0000] {dag.py:3239} INFO - Sync 1 DAGs
[2025-03-04T05:03:42.940+0000] {logging_mixin.py:190} INFO - [2025-03-04T05:03:42.940+0000] {dag.py:4180} INFO - Setting next_dagrun for league to 2025-01-01 00:00:00+00:00, run_after=2025-01-02 00:00:00+00:00
[2025-03-04T05:03:42.946+0000] {processor.py:208} INFO - Processing /opt/airflow/dags/league.py took 0.114 seconds
[2025-03-04T05:05:02.039+0000] {processor.py:186} INFO - Started process (PID=48) to work on /opt/airflow/dags/league.py
[2025-03-04T05:05:02.039+0000] {processor.py:914} INFO - Processing file /opt/airflow/dags/league.py for tasks to queue
[2025-03-04T05:05:02.041+0000] {logging_mixin.py:190} INFO - [2025-03-04T05:05:02.041+0000] {dagbag.py:588} INFO - Filling up the DagBag from /opt/airflow/dags/league.py
[2025-03-04T05:05:02.048+0000] {processor.py:925} INFO - DAG(s) 'league' retrieved from /opt/airflow/dags/league.py
[2025-03-04T05:05:02.106+0000] {logging_mixin.py:190} INFO - [2025-03-04T05:05:02.105+0000] {override.py:1911} INFO - Created Permission View: can delete on DAG:league
[2025-03-04T05:05:02.111+0000] {logging_mixin.py:190} INFO - [2025-03-04T05:05:02.111+0000] {override.py:1911} INFO - Created Permission View: can read on DAG:league
[2025-03-04T05:05:02.113+0000] {logging_mixin.py:190} INFO - [2025-03-04T05:05:02.113+0000] {override.py:1911} INFO - Created Permission View: can edit on DAG:league
[2025-03-04T05:05:02.115+0000] {logging_mixin.py:190} INFO - [2025-03-04T05:05:02.115+0000] {override.py:1911} INFO - Created Permission View: menu access on DAG Run:league
[2025-03-04T05:05:02.116+0000] {logging_mixin.py:190} INFO - [2025-03-04T05:05:02.116+0000] {override.py:1911} INFO - Created Permission View: can create on DAG Run:league
[2025-03-04T05:05:02.118+0000] {logging_mixin.py:190} INFO - [2025-03-04T05:05:02.118+0000] {override.py:1911} INFO - Created Permission View: can delete on DAG Run:league
[2025-03-04T05:05:02.119+0000] {logging_mixin.py:190} INFO - [2025-03-04T05:05:02.119+0000] {override.py:1911} INFO - Created Permission View: can read on DAG Run:league
[2025-03-04T05:05:02.119+0000] {logging_mixin.py:190} INFO - [2025-03-04T05:05:02.119+0000] {dag.py:3239} INFO - Sync 1 DAGs
[2025-03-04T05:05:02.124+0000] {logging_mixin.py:190} INFO - [2025-03-04T05:05:02.124+0000] {dag.py:3262} INFO - Creating ORM DAG for league
[2025-03-04T05:05:02.129+0000] {logging_mixin.py:190} INFO - [2025-03-04T05:05:02.129+0000] {dag.py:4180} INFO - Setting next_dagrun for league to 2025-01-01 00:00:00+00:00, run_after=2025-01-02 00:00:00+00:00
[2025-03-04T05:05:02.234+0000] {processor.py:208} INFO - Processing /opt/airflow/dags/league.py took 0.199 seconds
