[2025-01-25T17:01:47.347+0000] {processor.py:186} INFO - Started process (PID=47) to work on /opt/airflow/dags/demo_dag_3.py
[2025-01-25T17:01:47.348+0000] {processor.py:914} INFO - Processing file /opt/airflow/dags/demo_dag_3.py for tasks to queue
[2025-01-25T17:01:47.350+0000] {logging_mixin.py:190} INFO - [2025-01-25T17:01:47.350+0000] {dagbag.py:588} INFO - Filling up the DagBag from /opt/airflow/dags/demo_dag_3.py
[2025-01-25T17:01:47.357+0000] {processor.py:925} INFO - DAG(s) 'demo_dag_3' retrieved from /opt/airflow/dags/demo_dag_3.py
[2025-01-25T17:01:47.375+0000] {logging_mixin.py:190} INFO - [2025-01-25T17:01:47.375+0000] {dag.py:3239} INFO - Sync 1 DAGs
[2025-01-25T17:01:47.386+0000] {logging_mixin.py:190} INFO - [2025-01-25T17:01:47.386+0000] {dag.py:4180} INFO - Setting next_dagrun for demo_dag_3 to 2025-01-31 00:00:00+00:00, run_after=2025-02-01 00:00:00+00:00
[2025-01-25T17:01:47.396+0000] {processor.py:208} INFO - Processing /opt/airflow/dags/demo_dag_3.py took 0.055 seconds
[2025-01-25T17:02:17.659+0000] {processor.py:186} INFO - Started process (PID=56) to work on /opt/airflow/dags/demo_dag_3.py
[2025-01-25T17:02:17.662+0000] {processor.py:914} INFO - Processing file /opt/airflow/dags/demo_dag_3.py for tasks to queue
[2025-01-25T17:02:17.663+0000] {logging_mixin.py:190} INFO - [2025-01-25T17:02:17.663+0000] {dagbag.py:588} INFO - Filling up the DagBag from /opt/airflow/dags/demo_dag_3.py
[2025-01-25T17:02:17.673+0000] {processor.py:925} INFO - DAG(s) 'demo_dag_3' retrieved from /opt/airflow/dags/demo_dag_3.py
[2025-01-25T17:02:17.688+0000] {logging_mixin.py:190} INFO - [2025-01-25T17:02:17.688+0000] {dag.py:3239} INFO - Sync 1 DAGs
[2025-01-25T17:02:17.701+0000] {logging_mixin.py:190} INFO - [2025-01-25T17:02:17.701+0000] {dag.py:4180} INFO - Setting next_dagrun for demo_dag_3 to 2025-01-31 00:00:00+00:00, run_after=2025-02-01 00:00:00+00:00
[2025-01-25T17:02:17.711+0000] {processor.py:208} INFO - Processing /opt/airflow/dags/demo_dag_3.py took 0.057 seconds
[2025-01-25T17:02:47.959+0000] {processor.py:186} INFO - Started process (PID=65) to work on /opt/airflow/dags/demo_dag_3.py
[2025-01-25T17:02:47.960+0000] {processor.py:914} INFO - Processing file /opt/airflow/dags/demo_dag_3.py for tasks to queue
[2025-01-25T17:02:47.962+0000] {logging_mixin.py:190} INFO - [2025-01-25T17:02:47.962+0000] {dagbag.py:588} INFO - Filling up the DagBag from /opt/airflow/dags/demo_dag_3.py
[2025-01-25T17:02:47.974+0000] {processor.py:925} INFO - DAG(s) 'demo_dag_3' retrieved from /opt/airflow/dags/demo_dag_3.py
[2025-01-25T17:02:47.994+0000] {logging_mixin.py:190} INFO - [2025-01-25T17:02:47.993+0000] {dag.py:3239} INFO - Sync 1 DAGs
[2025-01-25T17:02:48.004+0000] {logging_mixin.py:190} INFO - [2025-01-25T17:02:48.004+0000] {dag.py:4180} INFO - Setting next_dagrun for demo_dag_3 to 2025-01-31 00:00:00+00:00, run_after=2025-02-01 00:00:00+00:00
[2025-01-25T17:02:48.014+0000] {processor.py:208} INFO - Processing /opt/airflow/dags/demo_dag_3.py took 0.062 seconds
[2025-01-25T17:03:18.337+0000] {processor.py:186} INFO - Started process (PID=74) to work on /opt/airflow/dags/demo_dag_3.py
[2025-01-25T17:03:18.338+0000] {processor.py:914} INFO - Processing file /opt/airflow/dags/demo_dag_3.py for tasks to queue
[2025-01-25T17:03:18.341+0000] {logging_mixin.py:190} INFO - [2025-01-25T17:03:18.339+0000] {dagbag.py:588} INFO - Filling up the DagBag from /opt/airflow/dags/demo_dag_3.py
[2025-01-25T17:03:18.352+0000] {processor.py:925} INFO - DAG(s) 'demo_dag_3' retrieved from /opt/airflow/dags/demo_dag_3.py
[2025-01-25T17:03:18.367+0000] {logging_mixin.py:190} INFO - [2025-01-25T17:03:18.366+0000] {dag.py:3239} INFO - Sync 1 DAGs
[2025-01-25T17:03:18.377+0000] {logging_mixin.py:190} INFO - [2025-01-25T17:03:18.377+0000] {dag.py:4180} INFO - Setting next_dagrun for demo_dag_3 to 2025-01-31 00:00:00+00:00, run_after=2025-02-01 00:00:00+00:00
[2025-01-25T17:03:18.385+0000] {processor.py:208} INFO - Processing /opt/airflow/dags/demo_dag_3.py took 0.053 seconds
[2025-01-25T17:03:48.712+0000] {processor.py:186} INFO - Started process (PID=83) to work on /opt/airflow/dags/demo_dag_3.py
[2025-01-25T17:03:48.713+0000] {processor.py:914} INFO - Processing file /opt/airflow/dags/demo_dag_3.py for tasks to queue
[2025-01-25T17:03:48.715+0000] {logging_mixin.py:190} INFO - [2025-01-25T17:03:48.714+0000] {dagbag.py:588} INFO - Filling up the DagBag from /opt/airflow/dags/demo_dag_3.py
[2025-01-25T17:03:48.723+0000] {processor.py:925} INFO - DAG(s) 'demo_dag_3' retrieved from /opt/airflow/dags/demo_dag_3.py
[2025-01-25T17:03:48.738+0000] {logging_mixin.py:190} INFO - [2025-01-25T17:03:48.738+0000] {dag.py:3239} INFO - Sync 1 DAGs
[2025-01-25T17:03:48.748+0000] {logging_mixin.py:190} INFO - [2025-01-25T17:03:48.747+0000] {dag.py:4180} INFO - Setting next_dagrun for demo_dag_3 to 2025-01-31 00:00:00+00:00, run_after=2025-02-01 00:00:00+00:00
[2025-01-25T17:03:48.756+0000] {processor.py:208} INFO - Processing /opt/airflow/dags/demo_dag_3.py took 0.049 seconds
[2025-01-25T17:04:19.056+0000] {processor.py:186} INFO - Started process (PID=91) to work on /opt/airflow/dags/demo_dag_3.py
[2025-01-25T17:04:19.057+0000] {processor.py:914} INFO - Processing file /opt/airflow/dags/demo_dag_3.py for tasks to queue
[2025-01-25T17:04:19.060+0000] {logging_mixin.py:190} INFO - [2025-01-25T17:04:19.059+0000] {dagbag.py:588} INFO - Filling up the DagBag from /opt/airflow/dags/demo_dag_3.py
[2025-01-25T17:04:19.072+0000] {processor.py:925} INFO - DAG(s) 'demo_dag_3' retrieved from /opt/airflow/dags/demo_dag_3.py
[2025-01-25T17:04:19.085+0000] {logging_mixin.py:190} INFO - [2025-01-25T17:04:19.085+0000] {dag.py:3239} INFO - Sync 1 DAGs
[2025-01-25T17:04:19.095+0000] {logging_mixin.py:190} INFO - [2025-01-25T17:04:19.095+0000] {dag.py:4180} INFO - Setting next_dagrun for demo_dag_3 to 2025-01-31 00:00:00+00:00, run_after=2025-02-01 00:00:00+00:00
[2025-01-25T17:04:19.174+0000] {processor.py:208} INFO - Processing /opt/airflow/dags/demo_dag_3.py took 0.123 seconds
[2025-01-25T17:04:49.467+0000] {processor.py:186} INFO - Started process (PID=100) to work on /opt/airflow/dags/demo_dag_3.py
[2025-01-25T17:04:49.468+0000] {processor.py:914} INFO - Processing file /opt/airflow/dags/demo_dag_3.py for tasks to queue
[2025-01-25T17:04:49.470+0000] {logging_mixin.py:190} INFO - [2025-01-25T17:04:49.470+0000] {dagbag.py:588} INFO - Filling up the DagBag from /opt/airflow/dags/demo_dag_3.py
[2025-01-25T17:04:49.479+0000] {processor.py:925} INFO - DAG(s) 'demo_dag_3' retrieved from /opt/airflow/dags/demo_dag_3.py
[2025-01-25T17:04:49.494+0000] {logging_mixin.py:190} INFO - [2025-01-25T17:04:49.494+0000] {dag.py:3239} INFO - Sync 1 DAGs
[2025-01-25T17:04:49.577+0000] {logging_mixin.py:190} INFO - [2025-01-25T17:04:49.577+0000] {dag.py:4180} INFO - Setting next_dagrun for demo_dag_3 to 2025-01-31 00:00:00+00:00, run_after=2025-02-01 00:00:00+00:00
[2025-01-25T17:04:49.585+0000] {processor.py:208} INFO - Processing /opt/airflow/dags/demo_dag_3.py took 0.123 seconds
[2025-01-25T17:05:19.862+0000] {processor.py:186} INFO - Started process (PID=109) to work on /opt/airflow/dags/demo_dag_3.py
[2025-01-25T17:05:19.863+0000] {processor.py:914} INFO - Processing file /opt/airflow/dags/demo_dag_3.py for tasks to queue
[2025-01-25T17:05:19.864+0000] {logging_mixin.py:190} INFO - [2025-01-25T17:05:19.863+0000] {dagbag.py:588} INFO - Filling up the DagBag from /opt/airflow/dags/demo_dag_3.py
[2025-01-25T17:05:19.871+0000] {processor.py:925} INFO - DAG(s) 'demo_dag_3' retrieved from /opt/airflow/dags/demo_dag_3.py
[2025-01-25T17:05:19.888+0000] {logging_mixin.py:190} INFO - [2025-01-25T17:05:19.888+0000] {dag.py:3239} INFO - Sync 1 DAGs
[2025-01-25T17:05:19.978+0000] {logging_mixin.py:190} INFO - [2025-01-25T17:05:19.978+0000] {dag.py:4180} INFO - Setting next_dagrun for demo_dag_3 to 2025-01-31 00:00:00+00:00, run_after=2025-02-01 00:00:00+00:00
[2025-01-25T17:05:19.986+0000] {processor.py:208} INFO - Processing /opt/airflow/dags/demo_dag_3.py took 0.129 seconds
[2025-01-25T17:05:50.288+0000] {processor.py:186} INFO - Started process (PID=118) to work on /opt/airflow/dags/demo_dag_3.py
[2025-01-25T17:05:50.289+0000] {processor.py:914} INFO - Processing file /opt/airflow/dags/demo_dag_3.py for tasks to queue
[2025-01-25T17:05:50.291+0000] {logging_mixin.py:190} INFO - [2025-01-25T17:05:50.291+0000] {dagbag.py:588} INFO - Filling up the DagBag from /opt/airflow/dags/demo_dag_3.py
[2025-01-25T17:05:50.299+0000] {processor.py:925} INFO - DAG(s) 'demo_dag_3' retrieved from /opt/airflow/dags/demo_dag_3.py
[2025-01-25T17:05:50.387+0000] {logging_mixin.py:190} INFO - [2025-01-25T17:05:50.387+0000] {dag.py:3239} INFO - Sync 1 DAGs
[2025-01-25T17:05:50.398+0000] {logging_mixin.py:190} INFO - [2025-01-25T17:05:50.397+0000] {dag.py:4180} INFO - Setting next_dagrun for demo_dag_3 to 2025-01-31 00:00:00+00:00, run_after=2025-02-01 00:00:00+00:00
[2025-01-25T17:05:50.403+0000] {processor.py:208} INFO - Processing /opt/airflow/dags/demo_dag_3.py took 0.121 seconds
[2025-01-25T17:06:20.664+0000] {processor.py:186} INFO - Started process (PID=133) to work on /opt/airflow/dags/demo_dag_3.py
[2025-01-25T17:06:20.664+0000] {processor.py:914} INFO - Processing file /opt/airflow/dags/demo_dag_3.py for tasks to queue
[2025-01-25T17:06:20.666+0000] {logging_mixin.py:190} INFO - [2025-01-25T17:06:20.666+0000] {dagbag.py:588} INFO - Filling up the DagBag from /opt/airflow/dags/demo_dag_3.py
[2025-01-25T17:06:20.676+0000] {processor.py:925} INFO - DAG(s) 'demo_dag_3' retrieved from /opt/airflow/dags/demo_dag_3.py
[2025-01-25T17:06:20.690+0000] {logging_mixin.py:190} INFO - [2025-01-25T17:06:20.690+0000] {dag.py:3239} INFO - Sync 1 DAGs
[2025-01-25T17:06:20.700+0000] {logging_mixin.py:190} INFO - [2025-01-25T17:06:20.700+0000] {dag.py:4180} INFO - Setting next_dagrun for demo_dag_3 to 2025-01-31 00:00:00+00:00, run_after=2025-02-01 00:00:00+00:00
[2025-01-25T17:06:20.710+0000] {processor.py:208} INFO - Processing /opt/airflow/dags/demo_dag_3.py took 0.050 seconds
[2025-01-25T17:06:51.050+0000] {processor.py:186} INFO - Started process (PID=143) to work on /opt/airflow/dags/demo_dag_3.py
[2025-01-25T17:06:51.051+0000] {processor.py:914} INFO - Processing file /opt/airflow/dags/demo_dag_3.py for tasks to queue
[2025-01-25T17:06:51.054+0000] {logging_mixin.py:190} INFO - [2025-01-25T17:06:51.054+0000] {dagbag.py:588} INFO - Filling up the DagBag from /opt/airflow/dags/demo_dag_3.py
[2025-01-25T17:06:51.062+0000] {processor.py:925} INFO - DAG(s) 'demo_dag_3' retrieved from /opt/airflow/dags/demo_dag_3.py
[2025-01-25T17:06:51.079+0000] {logging_mixin.py:190} INFO - [2025-01-25T17:06:51.079+0000] {dag.py:3239} INFO - Sync 1 DAGs
[2025-01-25T17:06:51.091+0000] {logging_mixin.py:190} INFO - [2025-01-25T17:06:51.091+0000] {dag.py:4180} INFO - Setting next_dagrun for demo_dag_3 to 2025-01-31 00:00:00+00:00, run_after=2025-02-01 00:00:00+00:00
[2025-01-25T17:06:51.100+0000] {processor.py:208} INFO - Processing /opt/airflow/dags/demo_dag_3.py took 0.056 seconds
[2025-01-25T17:07:21.394+0000] {processor.py:186} INFO - Started process (PID=153) to work on /opt/airflow/dags/demo_dag_3.py
[2025-01-25T17:07:21.395+0000] {processor.py:914} INFO - Processing file /opt/airflow/dags/demo_dag_3.py for tasks to queue
[2025-01-25T17:07:21.397+0000] {logging_mixin.py:190} INFO - [2025-01-25T17:07:21.397+0000] {dagbag.py:588} INFO - Filling up the DagBag from /opt/airflow/dags/demo_dag_3.py
[2025-01-25T17:07:21.407+0000] {processor.py:925} INFO - DAG(s) 'demo_dag_3' retrieved from /opt/airflow/dags/demo_dag_3.py
[2025-01-25T17:07:21.423+0000] {logging_mixin.py:190} INFO - [2025-01-25T17:07:21.423+0000] {dag.py:3239} INFO - Sync 1 DAGs
[2025-01-25T17:07:21.433+0000] {logging_mixin.py:190} INFO - [2025-01-25T17:07:21.433+0000] {dag.py:4180} INFO - Setting next_dagrun for demo_dag_3 to 2025-01-31 00:00:00+00:00, run_after=2025-02-01 00:00:00+00:00
[2025-01-25T17:07:21.511+0000] {processor.py:208} INFO - Processing /opt/airflow/dags/demo_dag_3.py took 0.122 seconds
[2025-01-25T17:07:51.857+0000] {processor.py:186} INFO - Started process (PID=163) to work on /opt/airflow/dags/demo_dag_3.py
[2025-01-25T17:07:51.858+0000] {processor.py:914} INFO - Processing file /opt/airflow/dags/demo_dag_3.py for tasks to queue
[2025-01-25T17:07:51.859+0000] {logging_mixin.py:190} INFO - [2025-01-25T17:07:51.859+0000] {dagbag.py:588} INFO - Filling up the DagBag from /opt/airflow/dags/demo_dag_3.py
[2025-01-25T17:07:51.867+0000] {processor.py:925} INFO - DAG(s) 'demo_dag_3' retrieved from /opt/airflow/dags/demo_dag_3.py
[2025-01-25T17:07:51.881+0000] {logging_mixin.py:190} INFO - [2025-01-25T17:07:51.881+0000] {dag.py:3239} INFO - Sync 1 DAGs
[2025-01-25T17:07:51.961+0000] {logging_mixin.py:190} INFO - [2025-01-25T17:07:51.961+0000] {dag.py:4180} INFO - Setting next_dagrun for demo_dag_3 to 2025-01-31 00:00:00+00:00, run_after=2025-02-01 00:00:00+00:00
[2025-01-25T17:07:51.969+0000] {processor.py:208} INFO - Processing /opt/airflow/dags/demo_dag_3.py took 0.115 seconds
[2025-01-25T17:08:22.342+0000] {processor.py:186} INFO - Started process (PID=172) to work on /opt/airflow/dags/demo_dag_3.py
[2025-01-25T17:08:22.343+0000] {processor.py:914} INFO - Processing file /opt/airflow/dags/demo_dag_3.py for tasks to queue
[2025-01-25T17:08:22.345+0000] {logging_mixin.py:190} INFO - [2025-01-25T17:08:22.344+0000] {dagbag.py:588} INFO - Filling up the DagBag from /opt/airflow/dags/demo_dag_3.py
[2025-01-25T17:08:22.351+0000] {processor.py:925} INFO - DAG(s) 'demo_dag_3' retrieved from /opt/airflow/dags/demo_dag_3.py
[2025-01-25T17:08:22.365+0000] {logging_mixin.py:190} INFO - [2025-01-25T17:08:22.365+0000] {dag.py:3239} INFO - Sync 1 DAGs
[2025-01-25T17:08:22.460+0000] {logging_mixin.py:190} INFO - [2025-01-25T17:08:22.460+0000] {dag.py:4180} INFO - Setting next_dagrun for demo_dag_3 to 2025-01-31 00:00:00+00:00, run_after=2025-02-01 00:00:00+00:00
[2025-01-25T17:08:22.467+0000] {processor.py:208} INFO - Processing /opt/airflow/dags/demo_dag_3.py took 0.129 seconds
[2025-01-25T17:08:52.812+0000] {processor.py:186} INFO - Started process (PID=181) to work on /opt/airflow/dags/demo_dag_3.py
[2025-01-25T17:08:52.812+0000] {processor.py:914} INFO - Processing file /opt/airflow/dags/demo_dag_3.py for tasks to queue
[2025-01-25T17:08:52.813+0000] {logging_mixin.py:190} INFO - [2025-01-25T17:08:52.813+0000] {dagbag.py:588} INFO - Filling up the DagBag from /opt/airflow/dags/demo_dag_3.py
[2025-01-25T17:08:52.822+0000] {processor.py:925} INFO - DAG(s) 'demo_dag_3' retrieved from /opt/airflow/dags/demo_dag_3.py
[2025-01-25T17:08:52.912+0000] {logging_mixin.py:190} INFO - [2025-01-25T17:08:52.912+0000] {dag.py:3239} INFO - Sync 1 DAGs
[2025-01-25T17:08:52.921+0000] {logging_mixin.py:190} INFO - [2025-01-25T17:08:52.921+0000] {dag.py:4180} INFO - Setting next_dagrun for demo_dag_3 to 2025-01-31 00:00:00+00:00, run_after=2025-02-01 00:00:00+00:00
[2025-01-25T17:08:52.928+0000] {processor.py:208} INFO - Processing /opt/airflow/dags/demo_dag_3.py took 0.120 seconds
[2025-01-25T17:09:23.222+0000] {processor.py:186} INFO - Started process (PID=191) to work on /opt/airflow/dags/demo_dag_3.py
[2025-01-25T17:09:23.223+0000] {processor.py:914} INFO - Processing file /opt/airflow/dags/demo_dag_3.py for tasks to queue
[2025-01-25T17:09:23.225+0000] {logging_mixin.py:190} INFO - [2025-01-25T17:09:23.225+0000] {dagbag.py:588} INFO - Filling up the DagBag from /opt/airflow/dags/demo_dag_3.py
[2025-01-25T17:09:23.237+0000] {processor.py:925} INFO - DAG(s) 'demo_dag_3' retrieved from /opt/airflow/dags/demo_dag_3.py
[2025-01-25T17:09:23.251+0000] {logging_mixin.py:190} INFO - [2025-01-25T17:09:23.251+0000] {dag.py:3239} INFO - Sync 1 DAGs
[2025-01-25T17:09:23.261+0000] {logging_mixin.py:190} INFO - [2025-01-25T17:09:23.261+0000] {dag.py:4180} INFO - Setting next_dagrun for demo_dag_3 to 2025-01-31 00:00:00+00:00, run_after=2025-02-01 00:00:00+00:00
[2025-01-25T17:09:23.270+0000] {processor.py:208} INFO - Processing /opt/airflow/dags/demo_dag_3.py took 0.053 seconds
[2025-01-25T17:09:53.543+0000] {processor.py:186} INFO - Started process (PID=201) to work on /opt/airflow/dags/demo_dag_3.py
[2025-01-25T17:09:53.544+0000] {processor.py:914} INFO - Processing file /opt/airflow/dags/demo_dag_3.py for tasks to queue
[2025-01-25T17:09:53.546+0000] {logging_mixin.py:190} INFO - [2025-01-25T17:09:53.546+0000] {dagbag.py:588} INFO - Filling up the DagBag from /opt/airflow/dags/demo_dag_3.py
[2025-01-25T17:09:53.556+0000] {processor.py:925} INFO - DAG(s) 'demo_dag_3' retrieved from /opt/airflow/dags/demo_dag_3.py
[2025-01-25T17:09:53.570+0000] {logging_mixin.py:190} INFO - [2025-01-25T17:09:53.570+0000] {dag.py:3239} INFO - Sync 1 DAGs
[2025-01-25T17:09:53.579+0000] {logging_mixin.py:190} INFO - [2025-01-25T17:09:53.579+0000] {dag.py:4180} INFO - Setting next_dagrun for demo_dag_3 to 2025-01-31 00:00:00+00:00, run_after=2025-02-01 00:00:00+00:00
[2025-01-25T17:09:53.589+0000] {processor.py:208} INFO - Processing /opt/airflow/dags/demo_dag_3.py took 0.049 seconds
