[2025-01-25T17:01:47.347+0000] {processor.py:186} INFO - Started process (PID=48) to work on /opt/airflow/dags/demo_dag_2.py
[2025-01-25T17:01:47.347+0000] {processor.py:914} INFO - Processing file /opt/airflow/dags/demo_dag_2.py for tasks to queue
[2025-01-25T17:01:47.349+0000] {logging_mixin.py:190} INFO - [2025-01-25T17:01:47.349+0000] {dagbag.py:588} INFO - Filling up the DagBag from /opt/airflow/dags/demo_dag_2.py
[2025-01-25T17:01:47.358+0000] {processor.py:925} INFO - DAG(s) 'demo_dag_2' retrieved from /opt/airflow/dags/demo_dag_2.py
[2025-01-25T17:01:47.375+0000] {logging_mixin.py:190} INFO - [2025-01-25T17:01:47.375+0000] {dag.py:3239} INFO - Sync 1 DAGs
[2025-01-25T17:01:47.386+0000] {logging_mixin.py:190} INFO - [2025-01-25T17:01:47.386+0000] {dag.py:4180} INFO - Setting next_dagrun for demo_dag_2 to 2025-01-31 00:00:00+00:00, run_after=2025-02-01 00:00:00+00:00
[2025-01-25T17:01:47.396+0000] {processor.py:208} INFO - Processing /opt/airflow/dags/demo_dag_2.py took 0.054 seconds
[2025-01-25T17:02:17.660+0000] {processor.py:186} INFO - Started process (PID=57) to work on /opt/airflow/dags/demo_dag_2.py
[2025-01-25T17:02:17.660+0000] {processor.py:914} INFO - Processing file /opt/airflow/dags/demo_dag_2.py for tasks to queue
[2025-01-25T17:02:17.664+0000] {logging_mixin.py:190} INFO - [2025-01-25T17:02:17.664+0000] {dagbag.py:588} INFO - Filling up the DagBag from /opt/airflow/dags/demo_dag_2.py
[2025-01-25T17:02:17.673+0000] {processor.py:925} INFO - DAG(s) 'demo_dag_2' retrieved from /opt/airflow/dags/demo_dag_2.py
[2025-01-25T17:02:17.687+0000] {logging_mixin.py:190} INFO - [2025-01-25T17:02:17.686+0000] {dag.py:3239} INFO - Sync 1 DAGs
[2025-01-25T17:02:17.699+0000] {logging_mixin.py:190} INFO - [2025-01-25T17:02:17.699+0000] {dag.py:4180} INFO - Setting next_dagrun for demo_dag_2 to 2025-01-31 00:00:00+00:00, run_after=2025-02-01 00:00:00+00:00
[2025-01-25T17:02:17.708+0000] {processor.py:208} INFO - Processing /opt/airflow/dags/demo_dag_2.py took 0.053 seconds
[2025-01-25T17:02:47.962+0000] {processor.py:186} INFO - Started process (PID=66) to work on /opt/airflow/dags/demo_dag_2.py
[2025-01-25T17:02:47.963+0000] {processor.py:914} INFO - Processing file /opt/airflow/dags/demo_dag_2.py for tasks to queue
[2025-01-25T17:02:47.966+0000] {logging_mixin.py:190} INFO - [2025-01-25T17:02:47.966+0000] {dagbag.py:588} INFO - Filling up the DagBag from /opt/airflow/dags/demo_dag_2.py
[2025-01-25T17:02:47.977+0000] {processor.py:925} INFO - DAG(s) 'demo_dag_2' retrieved from /opt/airflow/dags/demo_dag_2.py
[2025-01-25T17:02:47.993+0000] {logging_mixin.py:190} INFO - [2025-01-25T17:02:47.993+0000] {dag.py:3239} INFO - Sync 1 DAGs
[2025-01-25T17:02:48.004+0000] {logging_mixin.py:190} INFO - [2025-01-25T17:02:48.004+0000] {dag.py:4180} INFO - Setting next_dagrun for demo_dag_2 to 2025-01-31 00:00:00+00:00, run_after=2025-02-01 00:00:00+00:00
[2025-01-25T17:02:48.014+0000] {processor.py:208} INFO - Processing /opt/airflow/dags/demo_dag_2.py took 0.057 seconds
[2025-01-25T17:03:18.339+0000] {processor.py:186} INFO - Started process (PID=75) to work on /opt/airflow/dags/demo_dag_2.py
[2025-01-25T17:03:18.341+0000] {processor.py:914} INFO - Processing file /opt/airflow/dags/demo_dag_2.py for tasks to queue
[2025-01-25T17:03:18.343+0000] {logging_mixin.py:190} INFO - [2025-01-25T17:03:18.343+0000] {dagbag.py:588} INFO - Filling up the DagBag from /opt/airflow/dags/demo_dag_2.py
[2025-01-25T17:03:18.352+0000] {processor.py:925} INFO - DAG(s) 'demo_dag_2' retrieved from /opt/airflow/dags/demo_dag_2.py
[2025-01-25T17:03:18.366+0000] {logging_mixin.py:190} INFO - [2025-01-25T17:03:18.366+0000] {dag.py:3239} INFO - Sync 1 DAGs
[2025-01-25T17:03:18.376+0000] {logging_mixin.py:190} INFO - [2025-01-25T17:03:18.376+0000] {dag.py:4180} INFO - Setting next_dagrun for demo_dag_2 to 2025-01-31 00:00:00+00:00, run_after=2025-02-01 00:00:00+00:00
[2025-01-25T17:03:18.385+0000] {processor.py:208} INFO - Processing /opt/airflow/dags/demo_dag_2.py took 0.050 seconds
[2025-01-25T17:03:48.713+0000] {processor.py:186} INFO - Started process (PID=84) to work on /opt/airflow/dags/demo_dag_2.py
[2025-01-25T17:03:48.715+0000] {processor.py:914} INFO - Processing file /opt/airflow/dags/demo_dag_2.py for tasks to queue
[2025-01-25T17:03:48.716+0000] {logging_mixin.py:190} INFO - [2025-01-25T17:03:48.716+0000] {dagbag.py:588} INFO - Filling up the DagBag from /opt/airflow/dags/demo_dag_2.py
[2025-01-25T17:03:48.725+0000] {processor.py:925} INFO - DAG(s) 'demo_dag_2' retrieved from /opt/airflow/dags/demo_dag_2.py
[2025-01-25T17:03:48.739+0000] {logging_mixin.py:190} INFO - [2025-01-25T17:03:48.739+0000] {dag.py:3239} INFO - Sync 1 DAGs
[2025-01-25T17:03:48.750+0000] {logging_mixin.py:190} INFO - [2025-01-25T17:03:48.749+0000] {dag.py:4180} INFO - Setting next_dagrun for demo_dag_2 to 2025-01-31 00:00:00+00:00, run_after=2025-02-01 00:00:00+00:00
[2025-01-25T17:03:48.758+0000] {processor.py:208} INFO - Processing /opt/airflow/dags/demo_dag_2.py took 0.049 seconds
[2025-01-25T17:04:19.057+0000] {processor.py:186} INFO - Started process (PID=92) to work on /opt/airflow/dags/demo_dag_2.py
[2025-01-25T17:04:19.059+0000] {processor.py:914} INFO - Processing file /opt/airflow/dags/demo_dag_2.py for tasks to queue
[2025-01-25T17:04:19.062+0000] {logging_mixin.py:190} INFO - [2025-01-25T17:04:19.062+0000] {dagbag.py:588} INFO - Filling up the DagBag from /opt/airflow/dags/demo_dag_2.py
[2025-01-25T17:04:19.072+0000] {processor.py:925} INFO - DAG(s) 'demo_dag_2' retrieved from /opt/airflow/dags/demo_dag_2.py
[2025-01-25T17:04:19.085+0000] {logging_mixin.py:190} INFO - [2025-01-25T17:04:19.085+0000] {dag.py:3239} INFO - Sync 1 DAGs
[2025-01-25T17:04:19.100+0000] {logging_mixin.py:190} INFO - [2025-01-25T17:04:19.100+0000] {dag.py:4180} INFO - Setting next_dagrun for demo_dag_2 to 2025-01-31 00:00:00+00:00, run_after=2025-02-01 00:00:00+00:00
[2025-01-25T17:04:19.174+0000] {processor.py:208} INFO - Processing /opt/airflow/dags/demo_dag_2.py took 0.121 seconds
[2025-01-25T17:04:49.468+0000] {processor.py:186} INFO - Started process (PID=101) to work on /opt/airflow/dags/demo_dag_2.py
[2025-01-25T17:04:49.469+0000] {processor.py:914} INFO - Processing file /opt/airflow/dags/demo_dag_2.py for tasks to queue
[2025-01-25T17:04:49.470+0000] {logging_mixin.py:190} INFO - [2025-01-25T17:04:49.470+0000] {dagbag.py:588} INFO - Filling up the DagBag from /opt/airflow/dags/demo_dag_2.py
[2025-01-25T17:04:49.480+0000] {processor.py:925} INFO - DAG(s) 'demo_dag_2' retrieved from /opt/airflow/dags/demo_dag_2.py
[2025-01-25T17:04:49.495+0000] {logging_mixin.py:190} INFO - [2025-01-25T17:04:49.495+0000] {dag.py:3239} INFO - Sync 1 DAGs
[2025-01-25T17:04:49.576+0000] {logging_mixin.py:190} INFO - [2025-01-25T17:04:49.576+0000] {dag.py:4180} INFO - Setting next_dagrun for demo_dag_2 to 2025-01-31 00:00:00+00:00, run_after=2025-02-01 00:00:00+00:00
[2025-01-25T17:04:49.585+0000] {processor.py:208} INFO - Processing /opt/airflow/dags/demo_dag_2.py took 0.122 seconds
[2025-01-25T17:05:19.863+0000] {processor.py:186} INFO - Started process (PID=110) to work on /opt/airflow/dags/demo_dag_2.py
[2025-01-25T17:05:19.864+0000] {processor.py:914} INFO - Processing file /opt/airflow/dags/demo_dag_2.py for tasks to queue
[2025-01-25T17:05:19.865+0000] {logging_mixin.py:190} INFO - [2025-01-25T17:05:19.865+0000] {dagbag.py:588} INFO - Filling up the DagBag from /opt/airflow/dags/demo_dag_2.py
[2025-01-25T17:05:19.877+0000] {processor.py:925} INFO - DAG(s) 'demo_dag_2' retrieved from /opt/airflow/dags/demo_dag_2.py
[2025-01-25T17:05:19.892+0000] {logging_mixin.py:190} INFO - [2025-01-25T17:05:19.892+0000] {dag.py:3239} INFO - Sync 1 DAGs
[2025-01-25T17:05:19.982+0000] {logging_mixin.py:190} INFO - [2025-01-25T17:05:19.982+0000] {dag.py:4180} INFO - Setting next_dagrun for demo_dag_2 to 2025-01-31 00:00:00+00:00, run_after=2025-02-01 00:00:00+00:00
[2025-01-25T17:05:19.989+0000] {processor.py:208} INFO - Processing /opt/airflow/dags/demo_dag_2.py took 0.129 seconds
[2025-01-25T17:05:50.288+0000] {processor.py:186} INFO - Started process (PID=119) to work on /opt/airflow/dags/demo_dag_2.py
[2025-01-25T17:05:50.290+0000] {processor.py:914} INFO - Processing file /opt/airflow/dags/demo_dag_2.py for tasks to queue
[2025-01-25T17:05:50.291+0000] {logging_mixin.py:190} INFO - [2025-01-25T17:05:50.291+0000] {dagbag.py:588} INFO - Filling up the DagBag from /opt/airflow/dags/demo_dag_2.py
[2025-01-25T17:05:50.304+0000] {processor.py:925} INFO - DAG(s) 'demo_dag_2' retrieved from /opt/airflow/dags/demo_dag_2.py
[2025-01-25T17:05:50.388+0000] {logging_mixin.py:190} INFO - [2025-01-25T17:05:50.388+0000] {dag.py:3239} INFO - Sync 1 DAGs
[2025-01-25T17:05:50.397+0000] {logging_mixin.py:190} INFO - [2025-01-25T17:05:50.397+0000] {dag.py:4180} INFO - Setting next_dagrun for demo_dag_2 to 2025-01-31 00:00:00+00:00, run_after=2025-02-01 00:00:00+00:00
[2025-01-25T17:05:50.403+0000] {processor.py:208} INFO - Processing /opt/airflow/dags/demo_dag_2.py took 0.119 seconds
[2025-01-25T17:06:20.664+0000] {processor.py:186} INFO - Started process (PID=134) to work on /opt/airflow/dags/demo_dag_2.py
[2025-01-25T17:06:20.664+0000] {processor.py:914} INFO - Processing file /opt/airflow/dags/demo_dag_2.py for tasks to queue
[2025-01-25T17:06:20.666+0000] {logging_mixin.py:190} INFO - [2025-01-25T17:06:20.666+0000] {dagbag.py:588} INFO - Filling up the DagBag from /opt/airflow/dags/demo_dag_2.py
[2025-01-25T17:06:20.675+0000] {processor.py:925} INFO - DAG(s) 'demo_dag_2' retrieved from /opt/airflow/dags/demo_dag_2.py
[2025-01-25T17:06:20.690+0000] {logging_mixin.py:190} INFO - [2025-01-25T17:06:20.690+0000] {dag.py:3239} INFO - Sync 1 DAGs
[2025-01-25T17:06:20.700+0000] {logging_mixin.py:190} INFO - [2025-01-25T17:06:20.700+0000] {dag.py:4180} INFO - Setting next_dagrun for demo_dag_2 to 2025-01-31 00:00:00+00:00, run_after=2025-02-01 00:00:00+00:00
[2025-01-25T17:06:20.710+0000] {processor.py:208} INFO - Processing /opt/airflow/dags/demo_dag_2.py took 0.049 seconds
[2025-01-25T17:06:51.051+0000] {processor.py:186} INFO - Started process (PID=144) to work on /opt/airflow/dags/demo_dag_2.py
[2025-01-25T17:06:51.052+0000] {processor.py:914} INFO - Processing file /opt/airflow/dags/demo_dag_2.py for tasks to queue
[2025-01-25T17:06:51.055+0000] {logging_mixin.py:190} INFO - [2025-01-25T17:06:51.055+0000] {dagbag.py:588} INFO - Filling up the DagBag from /opt/airflow/dags/demo_dag_2.py
[2025-01-25T17:06:51.067+0000] {processor.py:925} INFO - DAG(s) 'demo_dag_2' retrieved from /opt/airflow/dags/demo_dag_2.py
[2025-01-25T17:06:51.083+0000] {logging_mixin.py:190} INFO - [2025-01-25T17:06:51.083+0000] {dag.py:3239} INFO - Sync 1 DAGs
[2025-01-25T17:06:51.093+0000] {logging_mixin.py:190} INFO - [2025-01-25T17:06:51.093+0000] {dag.py:4180} INFO - Setting next_dagrun for demo_dag_2 to 2025-01-31 00:00:00+00:00, run_after=2025-02-01 00:00:00+00:00
[2025-01-25T17:06:51.101+0000] {processor.py:208} INFO - Processing /opt/airflow/dags/demo_dag_2.py took 0.054 seconds
[2025-01-25T17:07:21.395+0000] {processor.py:186} INFO - Started process (PID=154) to work on /opt/airflow/dags/demo_dag_2.py
[2025-01-25T17:07:21.396+0000] {processor.py:914} INFO - Processing file /opt/airflow/dags/demo_dag_2.py for tasks to queue
[2025-01-25T17:07:21.398+0000] {logging_mixin.py:190} INFO - [2025-01-25T17:07:21.398+0000] {dagbag.py:588} INFO - Filling up the DagBag from /opt/airflow/dags/demo_dag_2.py
[2025-01-25T17:07:21.409+0000] {processor.py:925} INFO - DAG(s) 'demo_dag_2' retrieved from /opt/airflow/dags/demo_dag_2.py
[2025-01-25T17:07:21.424+0000] {logging_mixin.py:190} INFO - [2025-01-25T17:07:21.424+0000] {dag.py:3239} INFO - Sync 1 DAGs
[2025-01-25T17:07:21.435+0000] {logging_mixin.py:190} INFO - [2025-01-25T17:07:21.435+0000] {dag.py:4180} INFO - Setting next_dagrun for demo_dag_2 to 2025-01-31 00:00:00+00:00, run_after=2025-02-01 00:00:00+00:00
[2025-01-25T17:07:21.512+0000] {processor.py:208} INFO - Processing /opt/airflow/dags/demo_dag_2.py took 0.121 seconds
[2025-01-25T17:07:51.857+0000] {processor.py:186} INFO - Started process (PID=164) to work on /opt/airflow/dags/demo_dag_2.py
[2025-01-25T17:07:51.858+0000] {processor.py:914} INFO - Processing file /opt/airflow/dags/demo_dag_2.py for tasks to queue
[2025-01-25T17:07:51.859+0000] {logging_mixin.py:190} INFO - [2025-01-25T17:07:51.859+0000] {dagbag.py:588} INFO - Filling up the DagBag from /opt/airflow/dags/demo_dag_2.py
[2025-01-25T17:07:51.865+0000] {processor.py:925} INFO - DAG(s) 'demo_dag_2' retrieved from /opt/airflow/dags/demo_dag_2.py
[2025-01-25T17:07:51.878+0000] {logging_mixin.py:190} INFO - [2025-01-25T17:07:51.878+0000] {dag.py:3239} INFO - Sync 1 DAGs
[2025-01-25T17:07:51.961+0000] {logging_mixin.py:190} INFO - [2025-01-25T17:07:51.961+0000] {dag.py:4180} INFO - Setting next_dagrun for demo_dag_2 to 2025-01-31 00:00:00+00:00, run_after=2025-02-01 00:00:00+00:00
[2025-01-25T17:07:51.968+0000] {processor.py:208} INFO - Processing /opt/airflow/dags/demo_dag_2.py took 0.114 seconds
[2025-01-25T17:08:22.343+0000] {processor.py:186} INFO - Started process (PID=173) to work on /opt/airflow/dags/demo_dag_2.py
[2025-01-25T17:08:22.344+0000] {processor.py:914} INFO - Processing file /opt/airflow/dags/demo_dag_2.py for tasks to queue
[2025-01-25T17:08:22.345+0000] {logging_mixin.py:190} INFO - [2025-01-25T17:08:22.345+0000] {dagbag.py:588} INFO - Filling up the DagBag from /opt/airflow/dags/demo_dag_2.py
[2025-01-25T17:08:22.356+0000] {processor.py:925} INFO - DAG(s) 'demo_dag_2' retrieved from /opt/airflow/dags/demo_dag_2.py
[2025-01-25T17:08:22.371+0000] {logging_mixin.py:190} INFO - [2025-01-25T17:08:22.370+0000] {dag.py:3239} INFO - Sync 1 DAGs
[2025-01-25T17:08:22.467+0000] {logging_mixin.py:190} INFO - [2025-01-25T17:08:22.467+0000] {dag.py:4180} INFO - Setting next_dagrun for demo_dag_2 to 2025-01-31 00:00:00+00:00, run_after=2025-02-01 00:00:00+00:00
[2025-01-25T17:08:22.473+0000] {processor.py:208} INFO - Processing /opt/airflow/dags/demo_dag_2.py took 0.133 seconds
[2025-01-25T17:08:52.812+0000] {processor.py:186} INFO - Started process (PID=182) to work on /opt/airflow/dags/demo_dag_2.py
[2025-01-25T17:08:52.813+0000] {processor.py:914} INFO - Processing file /opt/airflow/dags/demo_dag_2.py for tasks to queue
[2025-01-25T17:08:52.814+0000] {logging_mixin.py:190} INFO - [2025-01-25T17:08:52.814+0000] {dagbag.py:588} INFO - Filling up the DagBag from /opt/airflow/dags/demo_dag_2.py
[2025-01-25T17:08:52.823+0000] {processor.py:925} INFO - DAG(s) 'demo_dag_2' retrieved from /opt/airflow/dags/demo_dag_2.py
[2025-01-25T17:08:52.912+0000] {logging_mixin.py:190} INFO - [2025-01-25T17:08:52.911+0000] {dag.py:3239} INFO - Sync 1 DAGs
[2025-01-25T17:08:52.919+0000] {logging_mixin.py:190} INFO - [2025-01-25T17:08:52.918+0000] {dag.py:4180} INFO - Setting next_dagrun for demo_dag_2 to 2025-01-31 00:00:00+00:00, run_after=2025-02-01 00:00:00+00:00
[2025-01-25T17:08:52.926+0000] {processor.py:208} INFO - Processing /opt/airflow/dags/demo_dag_2.py took 0.118 seconds
[2025-01-25T17:09:23.224+0000] {processor.py:186} INFO - Started process (PID=192) to work on /opt/airflow/dags/demo_dag_2.py
[2025-01-25T17:09:23.225+0000] {processor.py:914} INFO - Processing file /opt/airflow/dags/demo_dag_2.py for tasks to queue
[2025-01-25T17:09:23.228+0000] {logging_mixin.py:190} INFO - [2025-01-25T17:09:23.228+0000] {dagbag.py:588} INFO - Filling up the DagBag from /opt/airflow/dags/demo_dag_2.py
[2025-01-25T17:09:23.238+0000] {processor.py:925} INFO - DAG(s) 'demo_dag_2' retrieved from /opt/airflow/dags/demo_dag_2.py
[2025-01-25T17:09:23.255+0000] {logging_mixin.py:190} INFO - [2025-01-25T17:09:23.255+0000] {dag.py:3239} INFO - Sync 1 DAGs
[2025-01-25T17:09:23.266+0000] {logging_mixin.py:190} INFO - [2025-01-25T17:09:23.266+0000] {dag.py:4180} INFO - Setting next_dagrun for demo_dag_2 to 2025-01-31 00:00:00+00:00, run_after=2025-02-01 00:00:00+00:00
[2025-01-25T17:09:23.273+0000] {processor.py:208} INFO - Processing /opt/airflow/dags/demo_dag_2.py took 0.053 seconds
[2025-01-25T17:09:53.544+0000] {processor.py:186} INFO - Started process (PID=202) to work on /opt/airflow/dags/demo_dag_2.py
[2025-01-25T17:09:53.545+0000] {processor.py:914} INFO - Processing file /opt/airflow/dags/demo_dag_2.py for tasks to queue
[2025-01-25T17:09:53.546+0000] {logging_mixin.py:190} INFO - [2025-01-25T17:09:53.546+0000] {dagbag.py:588} INFO - Filling up the DagBag from /opt/airflow/dags/demo_dag_2.py
[2025-01-25T17:09:53.555+0000] {processor.py:925} INFO - DAG(s) 'demo_dag_2' retrieved from /opt/airflow/dags/demo_dag_2.py
[2025-01-25T17:09:53.570+0000] {logging_mixin.py:190} INFO - [2025-01-25T17:09:53.570+0000] {dag.py:3239} INFO - Sync 1 DAGs
[2025-01-25T17:09:53.581+0000] {logging_mixin.py:190} INFO - [2025-01-25T17:09:53.581+0000] {dag.py:4180} INFO - Setting next_dagrun for demo_dag_2 to 2025-01-31 00:00:00+00:00, run_after=2025-02-01 00:00:00+00:00
[2025-01-25T17:09:53.591+0000] {processor.py:208} INFO - Processing /opt/airflow/dags/demo_dag_2.py took 0.050 seconds
