[2025-01-21T07:56:37.520+0000] {processor.py:186} INFO - Started process (PID=50) to work on /opt/airflow/dags/demo_dag.py
[2025-01-21T07:56:37.521+0000] {processor.py:914} INFO - Processing file /opt/airflow/dags/demo_dag.py for tasks to queue
[2025-01-21T07:56:37.522+0000] {logging_mixin.py:190} INFO - [2025-01-21T07:56:37.522+0000] {dagbag.py:588} INFO - Filling up the DagBag from /opt/airflow/dags/demo_dag.py
[2025-01-21T07:56:37.529+0000] {processor.py:925} INFO - DAG(s) 'demo_dag' retrieved from /opt/airflow/dags/demo_dag.py
[2025-01-21T07:56:37.580+0000] {logging_mixin.py:190} INFO - [2025-01-21T07:56:37.580+0000] {override.py:1911} INFO - Created Permission View: can read on DAG:demo_dag
[2025-01-21T07:56:37.583+0000] {logging_mixin.py:190} INFO - [2025-01-21T07:56:37.583+0000] {override.py:1911} INFO - Created Permission View: can delete on DAG:demo_dag
[2025-01-21T07:56:37.585+0000] {logging_mixin.py:190} INFO - [2025-01-21T07:56:37.585+0000] {override.py:1911} INFO - Created Permission View: can edit on DAG:demo_dag
[2025-01-21T07:56:37.587+0000] {logging_mixin.py:190} INFO - [2025-01-21T07:56:37.586+0000] {override.py:1911} INFO - Created Permission View: can read on DAG Run:demo_dag
[2025-01-21T07:56:37.588+0000] {logging_mixin.py:190} INFO - [2025-01-21T07:56:37.588+0000] {override.py:1911} INFO - Created Permission View: can delete on DAG Run:demo_dag
[2025-01-21T07:56:37.590+0000] {logging_mixin.py:190} INFO - [2025-01-21T07:56:37.590+0000] {override.py:1911} INFO - Created Permission View: menu access on DAG Run:demo_dag
[2025-01-21T07:56:37.592+0000] {logging_mixin.py:190} INFO - [2025-01-21T07:56:37.592+0000] {override.py:1911} INFO - Created Permission View: can create on DAG Run:demo_dag
[2025-01-21T07:56:37.592+0000] {logging_mixin.py:190} INFO - [2025-01-21T07:56:37.592+0000] {dag.py:3239} INFO - Sync 1 DAGs
[2025-01-21T07:56:37.596+0000] {logging_mixin.py:190} INFO - [2025-01-21T07:56:37.596+0000] {dag.py:3262} INFO - Creating ORM DAG for demo_dag
[2025-01-21T07:56:37.601+0000] {logging_mixin.py:190} INFO - [2025-01-21T07:56:37.601+0000] {dag.py:4180} INFO - Setting next_dagrun for demo_dag to 2025-01-31 00:00:00+00:00, run_after=2025-02-01 00:00:00+00:00
[2025-01-21T07:56:37.691+0000] {processor.py:208} INFO - Processing /opt/airflow/dags/demo_dag.py took 0.174 seconds
[2025-01-21T07:57:07.846+0000] {processor.py:186} INFO - Started process (PID=58) to work on /opt/airflow/dags/demo_dag.py
[2025-01-21T07:57:07.846+0000] {processor.py:914} INFO - Processing file /opt/airflow/dags/demo_dag.py for tasks to queue
[2025-01-21T07:57:07.848+0000] {logging_mixin.py:190} INFO - [2025-01-21T07:57:07.847+0000] {dagbag.py:588} INFO - Filling up the DagBag from /opt/airflow/dags/demo_dag.py
[2025-01-21T07:57:07.854+0000] {processor.py:925} INFO - DAG(s) 'demo_dag' retrieved from /opt/airflow/dags/demo_dag.py
[2025-01-21T07:57:07.875+0000] {logging_mixin.py:190} INFO - [2025-01-21T07:57:07.875+0000] {dag.py:3239} INFO - Sync 1 DAGs
[2025-01-21T07:57:07.890+0000] {logging_mixin.py:190} INFO - [2025-01-21T07:57:07.889+0000] {dag.py:4180} INFO - Setting next_dagrun for demo_dag to 2025-01-31 00:00:00+00:00, run_after=2025-02-01 00:00:00+00:00
[2025-01-21T07:57:07.904+0000] {processor.py:208} INFO - Processing /opt/airflow/dags/demo_dag.py took 0.063 seconds
[2025-01-21T07:57:37.994+0000] {processor.py:186} INFO - Started process (PID=66) to work on /opt/airflow/dags/demo_dag.py
[2025-01-21T07:57:37.996+0000] {processor.py:914} INFO - Processing file /opt/airflow/dags/demo_dag.py for tasks to queue
[2025-01-21T07:57:37.997+0000] {logging_mixin.py:190} INFO - [2025-01-21T07:57:37.997+0000] {dagbag.py:588} INFO - Filling up the DagBag from /opt/airflow/dags/demo_dag.py
[2025-01-21T07:57:38.002+0000] {processor.py:925} INFO - DAG(s) 'demo_dag' retrieved from /opt/airflow/dags/demo_dag.py
[2025-01-21T07:57:38.012+0000] {logging_mixin.py:190} INFO - [2025-01-21T07:57:38.012+0000] {dag.py:3239} INFO - Sync 1 DAGs
[2025-01-21T07:57:38.022+0000] {logging_mixin.py:190} INFO - [2025-01-21T07:57:38.022+0000] {dag.py:4180} INFO - Setting next_dagrun for demo_dag to 2025-01-31 00:00:00+00:00, run_after=2025-02-01 00:00:00+00:00
[2025-01-21T07:57:38.031+0000] {processor.py:208} INFO - Processing /opt/airflow/dags/demo_dag.py took 0.039 seconds
[2025-01-21T07:58:08.197+0000] {processor.py:186} INFO - Started process (PID=74) to work on /opt/airflow/dags/demo_dag.py
[2025-01-21T07:58:08.197+0000] {processor.py:914} INFO - Processing file /opt/airflow/dags/demo_dag.py for tasks to queue
[2025-01-21T07:58:08.198+0000] {logging_mixin.py:190} INFO - [2025-01-21T07:58:08.198+0000] {dagbag.py:588} INFO - Filling up the DagBag from /opt/airflow/dags/demo_dag.py
[2025-01-21T07:58:08.207+0000] {processor.py:925} INFO - DAG(s) 'demo_dag' retrieved from /opt/airflow/dags/demo_dag.py
[2025-01-21T07:58:08.221+0000] {logging_mixin.py:190} INFO - [2025-01-21T07:58:08.221+0000] {dag.py:3239} INFO - Sync 1 DAGs
[2025-01-21T07:58:08.230+0000] {logging_mixin.py:190} INFO - [2025-01-21T07:58:08.230+0000] {dag.py:4180} INFO - Setting next_dagrun for demo_dag to 2025-01-31 00:00:00+00:00, run_after=2025-02-01 00:00:00+00:00
[2025-01-21T07:58:08.240+0000] {processor.py:208} INFO - Processing /opt/airflow/dags/demo_dag.py took 0.047 seconds
[2025-01-21T07:58:38.374+0000] {processor.py:186} INFO - Started process (PID=82) to work on /opt/airflow/dags/demo_dag.py
[2025-01-21T07:58:38.375+0000] {processor.py:914} INFO - Processing file /opt/airflow/dags/demo_dag.py for tasks to queue
[2025-01-21T07:58:38.376+0000] {logging_mixin.py:190} INFO - [2025-01-21T07:58:38.376+0000] {dagbag.py:588} INFO - Filling up the DagBag from /opt/airflow/dags/demo_dag.py
[2025-01-21T07:58:38.382+0000] {processor.py:925} INFO - DAG(s) 'demo_dag' retrieved from /opt/airflow/dags/demo_dag.py
[2025-01-21T07:58:38.395+0000] {logging_mixin.py:190} INFO - [2025-01-21T07:58:38.395+0000] {dag.py:3239} INFO - Sync 1 DAGs
[2025-01-21T07:58:38.405+0000] {logging_mixin.py:190} INFO - [2025-01-21T07:58:38.405+0000] {dag.py:4180} INFO - Setting next_dagrun for demo_dag to 2025-01-31 00:00:00+00:00, run_after=2025-02-01 00:00:00+00:00
[2025-01-21T07:58:38.415+0000] {processor.py:208} INFO - Processing /opt/airflow/dags/demo_dag.py took 0.043 seconds
[2025-01-21T07:59:08.570+0000] {processor.py:186} INFO - Started process (PID=96) to work on /opt/airflow/dags/demo_dag.py
[2025-01-21T07:59:08.570+0000] {processor.py:914} INFO - Processing file /opt/airflow/dags/demo_dag.py for tasks to queue
[2025-01-21T07:59:08.571+0000] {logging_mixin.py:190} INFO - [2025-01-21T07:59:08.571+0000] {dagbag.py:588} INFO - Filling up the DagBag from /opt/airflow/dags/demo_dag.py
[2025-01-21T07:59:08.579+0000] {processor.py:925} INFO - DAG(s) 'demo_dag' retrieved from /opt/airflow/dags/demo_dag.py
[2025-01-21T07:59:08.589+0000] {logging_mixin.py:190} INFO - [2025-01-21T07:59:08.589+0000] {dag.py:3239} INFO - Sync 1 DAGs
[2025-01-21T07:59:08.598+0000] {logging_mixin.py:190} INFO - [2025-01-21T07:59:08.598+0000] {dag.py:4180} INFO - Setting next_dagrun for demo_dag to 2025-01-31 00:00:00+00:00, run_after=2025-02-01 00:00:00+00:00
[2025-01-21T07:59:08.607+0000] {processor.py:208} INFO - Processing /opt/airflow/dags/demo_dag.py took 0.039 seconds
[2025-01-21T07:59:38.773+0000] {processor.py:186} INFO - Started process (PID=104) to work on /opt/airflow/dags/demo_dag.py
[2025-01-21T07:59:38.773+0000] {processor.py:914} INFO - Processing file /opt/airflow/dags/demo_dag.py for tasks to queue
[2025-01-21T07:59:38.774+0000] {logging_mixin.py:190} INFO - [2025-01-21T07:59:38.774+0000] {dagbag.py:588} INFO - Filling up the DagBag from /opt/airflow/dags/demo_dag.py
[2025-01-21T07:59:38.780+0000] {processor.py:925} INFO - DAG(s) 'demo_dag' retrieved from /opt/airflow/dags/demo_dag.py
[2025-01-21T07:59:38.791+0000] {logging_mixin.py:190} INFO - [2025-01-21T07:59:38.791+0000] {dag.py:3239} INFO - Sync 1 DAGs
[2025-01-21T07:59:38.801+0000] {logging_mixin.py:190} INFO - [2025-01-21T07:59:38.801+0000] {dag.py:4180} INFO - Setting next_dagrun for demo_dag to 2025-01-31 00:00:00+00:00, run_after=2025-02-01 00:00:00+00:00
[2025-01-21T07:59:38.810+0000] {processor.py:208} INFO - Processing /opt/airflow/dags/demo_dag.py took 0.039 seconds
[2025-01-21T08:00:08.966+0000] {processor.py:186} INFO - Started process (PID=112) to work on /opt/airflow/dags/demo_dag.py
[2025-01-21T08:00:08.967+0000] {processor.py:914} INFO - Processing file /opt/airflow/dags/demo_dag.py for tasks to queue
[2025-01-21T08:00:08.969+0000] {logging_mixin.py:190} INFO - [2025-01-21T08:00:08.969+0000] {dagbag.py:588} INFO - Filling up the DagBag from /opt/airflow/dags/demo_dag.py
[2025-01-21T08:00:08.992+0000] {processor.py:925} INFO - DAG(s) 'demo_dag' retrieved from /opt/airflow/dags/demo_dag.py
[2025-01-21T08:00:09.014+0000] {logging_mixin.py:190} INFO - [2025-01-21T08:00:09.014+0000] {dag.py:3239} INFO - Sync 1 DAGs
[2025-01-21T08:00:09.149+0000] {logging_mixin.py:190} INFO - [2025-01-21T08:00:09.149+0000] {dag.py:4180} INFO - Setting next_dagrun for demo_dag to 2025-01-31 00:00:00+00:00, run_after=2025-02-01 00:00:00+00:00
[2025-01-21T08:00:09.159+0000] {processor.py:208} INFO - Processing /opt/airflow/dags/demo_dag.py took 0.197 seconds
[2025-01-21T08:00:39.325+0000] {processor.py:186} INFO - Started process (PID=120) to work on /opt/airflow/dags/demo_dag.py
[2025-01-21T08:00:39.325+0000] {processor.py:914} INFO - Processing file /opt/airflow/dags/demo_dag.py for tasks to queue
[2025-01-21T08:00:39.326+0000] {logging_mixin.py:190} INFO - [2025-01-21T08:00:39.326+0000] {dagbag.py:588} INFO - Filling up the DagBag from /opt/airflow/dags/demo_dag.py
[2025-01-21T08:00:39.331+0000] {processor.py:925} INFO - DAG(s) 'demo_dag' retrieved from /opt/airflow/dags/demo_dag.py
[2025-01-21T08:00:39.343+0000] {logging_mixin.py:190} INFO - [2025-01-21T08:00:39.342+0000] {dag.py:3239} INFO - Sync 1 DAGs
[2025-01-21T08:00:39.423+0000] {logging_mixin.py:190} INFO - [2025-01-21T08:00:39.423+0000] {dag.py:4180} INFO - Setting next_dagrun for demo_dag to 2025-01-31 00:00:00+00:00, run_after=2025-02-01 00:00:00+00:00
[2025-01-21T08:00:39.431+0000] {processor.py:208} INFO - Processing /opt/airflow/dags/demo_dag.py took 0.109 seconds
[2025-01-21T08:01:09.598+0000] {processor.py:186} INFO - Started process (PID=128) to work on /opt/airflow/dags/demo_dag.py
[2025-01-21T08:01:09.598+0000] {processor.py:914} INFO - Processing file /opt/airflow/dags/demo_dag.py for tasks to queue
[2025-01-21T08:01:09.600+0000] {logging_mixin.py:190} INFO - [2025-01-21T08:01:09.600+0000] {dagbag.py:588} INFO - Filling up the DagBag from /opt/airflow/dags/demo_dag.py
[2025-01-21T08:01:09.610+0000] {processor.py:925} INFO - DAG(s) 'demo_dag' retrieved from /opt/airflow/dags/demo_dag.py
[2025-01-21T08:01:09.698+0000] {logging_mixin.py:190} INFO - [2025-01-21T08:01:09.698+0000] {dag.py:3239} INFO - Sync 1 DAGs
[2025-01-21T08:01:09.705+0000] {logging_mixin.py:190} INFO - [2025-01-21T08:01:09.705+0000] {dag.py:4180} INFO - Setting next_dagrun for demo_dag to 2025-01-31 00:00:00+00:00, run_after=2025-02-01 00:00:00+00:00
[2025-01-21T08:01:09.714+0000] {processor.py:208} INFO - Processing /opt/airflow/dags/demo_dag.py took 0.121 seconds
[2025-01-21T08:01:39.850+0000] {processor.py:186} INFO - Started process (PID=137) to work on /opt/airflow/dags/demo_dag.py
[2025-01-21T08:01:39.851+0000] {processor.py:914} INFO - Processing file /opt/airflow/dags/demo_dag.py for tasks to queue
[2025-01-21T08:01:39.852+0000] {logging_mixin.py:190} INFO - [2025-01-21T08:01:39.852+0000] {dagbag.py:588} INFO - Filling up the DagBag from /opt/airflow/dags/demo_dag.py
[2025-01-21T08:01:39.858+0000] {processor.py:925} INFO - DAG(s) 'demo_dag' retrieved from /opt/airflow/dags/demo_dag.py
[2025-01-21T08:01:39.871+0000] {logging_mixin.py:190} INFO - [2025-01-21T08:01:39.870+0000] {dag.py:3239} INFO - Sync 1 DAGs
[2025-01-21T08:01:39.880+0000] {logging_mixin.py:190} INFO - [2025-01-21T08:01:39.880+0000] {dag.py:4180} INFO - Setting next_dagrun for demo_dag to 2025-01-31 00:00:00+00:00, run_after=2025-02-01 00:00:00+00:00
[2025-01-21T08:01:39.889+0000] {processor.py:208} INFO - Processing /opt/airflow/dags/demo_dag.py took 0.041 seconds
[2025-01-21T08:02:10.067+0000] {processor.py:186} INFO - Started process (PID=146) to work on /opt/airflow/dags/demo_dag.py
[2025-01-21T08:02:10.068+0000] {processor.py:914} INFO - Processing file /opt/airflow/dags/demo_dag.py for tasks to queue
[2025-01-21T08:02:10.070+0000] {logging_mixin.py:190} INFO - [2025-01-21T08:02:10.070+0000] {dagbag.py:588} INFO - Filling up the DagBag from /opt/airflow/dags/demo_dag.py
[2025-01-21T08:02:10.079+0000] {processor.py:925} INFO - DAG(s) 'demo_dag' retrieved from /opt/airflow/dags/demo_dag.py
[2025-01-21T08:02:10.092+0000] {logging_mixin.py:190} INFO - [2025-01-21T08:02:10.092+0000] {dag.py:3239} INFO - Sync 1 DAGs
[2025-01-21T08:02:10.103+0000] {logging_mixin.py:190} INFO - [2025-01-21T08:02:10.103+0000] {dag.py:4180} INFO - Setting next_dagrun for demo_dag to 2025-01-31 00:00:00+00:00, run_after=2025-02-01 00:00:00+00:00
[2025-01-21T08:02:10.113+0000] {processor.py:208} INFO - Processing /opt/airflow/dags/demo_dag.py took 0.050 seconds
[2025-01-21T08:02:40.255+0000] {processor.py:186} INFO - Started process (PID=155) to work on /opt/airflow/dags/demo_dag.py
[2025-01-21T08:02:40.258+0000] {processor.py:914} INFO - Processing file /opt/airflow/dags/demo_dag.py for tasks to queue
[2025-01-21T08:02:40.260+0000] {logging_mixin.py:190} INFO - [2025-01-21T08:02:40.260+0000] {dagbag.py:588} INFO - Filling up the DagBag from /opt/airflow/dags/demo_dag.py
[2025-01-21T08:02:40.265+0000] {processor.py:925} INFO - DAG(s) 'demo_dag' retrieved from /opt/airflow/dags/demo_dag.py
[2025-01-21T08:02:40.279+0000] {logging_mixin.py:190} INFO - [2025-01-21T08:02:40.278+0000] {dag.py:3239} INFO - Sync 1 DAGs
[2025-01-21T08:02:40.292+0000] {logging_mixin.py:190} INFO - [2025-01-21T08:02:40.292+0000] {dag.py:4180} INFO - Setting next_dagrun for demo_dag to 2025-01-31 00:00:00+00:00, run_after=2025-02-01 00:00:00+00:00
[2025-01-21T08:02:40.379+0000] {processor.py:208} INFO - Processing /opt/airflow/dags/demo_dag.py took 0.127 seconds
[2025-01-21T08:03:10.509+0000] {processor.py:186} INFO - Started process (PID=163) to work on /opt/airflow/dags/demo_dag.py
[2025-01-21T08:03:10.511+0000] {processor.py:914} INFO - Processing file /opt/airflow/dags/demo_dag.py for tasks to queue
[2025-01-21T08:03:10.513+0000] {logging_mixin.py:190} INFO - [2025-01-21T08:03:10.513+0000] {dagbag.py:588} INFO - Filling up the DagBag from /opt/airflow/dags/demo_dag.py
[2025-01-21T08:03:10.521+0000] {processor.py:925} INFO - DAG(s) 'demo_dag' retrieved from /opt/airflow/dags/demo_dag.py
[2025-01-21T08:03:10.536+0000] {logging_mixin.py:190} INFO - [2025-01-21T08:03:10.536+0000] {dag.py:3239} INFO - Sync 1 DAGs
[2025-01-21T08:03:10.621+0000] {logging_mixin.py:190} INFO - [2025-01-21T08:03:10.621+0000] {dag.py:4180} INFO - Setting next_dagrun for demo_dag to 2025-01-31 00:00:00+00:00, run_after=2025-02-01 00:00:00+00:00
[2025-01-21T08:03:10.629+0000] {processor.py:208} INFO - Processing /opt/airflow/dags/demo_dag.py took 0.123 seconds
[2025-01-21T08:03:40.821+0000] {processor.py:186} INFO - Started process (PID=172) to work on /opt/airflow/dags/demo_dag.py
[2025-01-21T08:03:40.822+0000] {processor.py:914} INFO - Processing file /opt/airflow/dags/demo_dag.py for tasks to queue
[2025-01-21T08:03:40.824+0000] {logging_mixin.py:190} INFO - [2025-01-21T08:03:40.824+0000] {dagbag.py:588} INFO - Filling up the DagBag from /opt/airflow/dags/demo_dag.py
[2025-01-21T08:03:40.833+0000] {processor.py:925} INFO - DAG(s) 'demo_dag' retrieved from /opt/airflow/dags/demo_dag.py
[2025-01-21T08:03:40.846+0000] {logging_mixin.py:190} INFO - [2025-01-21T08:03:40.846+0000] {dag.py:3239} INFO - Sync 1 DAGs
[2025-01-21T08:03:40.930+0000] {logging_mixin.py:190} INFO - [2025-01-21T08:03:40.930+0000] {dag.py:4180} INFO - Setting next_dagrun for demo_dag to 2025-01-31 00:00:00+00:00, run_after=2025-02-01 00:00:00+00:00
[2025-01-21T08:03:40.937+0000] {processor.py:208} INFO - Processing /opt/airflow/dags/demo_dag.py took 0.120 seconds
[2025-01-21T08:04:11.066+0000] {processor.py:186} INFO - Started process (PID=181) to work on /opt/airflow/dags/demo_dag.py
[2025-01-21T08:04:11.067+0000] {processor.py:914} INFO - Processing file /opt/airflow/dags/demo_dag.py for tasks to queue
[2025-01-21T08:04:11.068+0000] {logging_mixin.py:190} INFO - [2025-01-21T08:04:11.068+0000] {dagbag.py:588} INFO - Filling up the DagBag from /opt/airflow/dags/demo_dag.py
[2025-01-21T08:04:11.073+0000] {processor.py:925} INFO - DAG(s) 'demo_dag' retrieved from /opt/airflow/dags/demo_dag.py
[2025-01-21T08:04:11.157+0000] {logging_mixin.py:190} INFO - [2025-01-21T08:04:11.157+0000] {dag.py:3239} INFO - Sync 1 DAGs
[2025-01-21T08:04:11.165+0000] {logging_mixin.py:190} INFO - [2025-01-21T08:04:11.165+0000] {dag.py:4180} INFO - Setting next_dagrun for demo_dag to 2025-01-31 00:00:00+00:00, run_after=2025-02-01 00:00:00+00:00
[2025-01-21T08:04:11.172+0000] {processor.py:208} INFO - Processing /opt/airflow/dags/demo_dag.py took 0.108 seconds
[2025-01-21T08:04:41.349+0000] {processor.py:186} INFO - Started process (PID=190) to work on /opt/airflow/dags/demo_dag.py
[2025-01-21T08:04:41.352+0000] {processor.py:914} INFO - Processing file /opt/airflow/dags/demo_dag.py for tasks to queue
[2025-01-21T08:04:41.354+0000] {logging_mixin.py:190} INFO - [2025-01-21T08:04:41.354+0000] {dagbag.py:588} INFO - Filling up the DagBag from /opt/airflow/dags/demo_dag.py
[2025-01-21T08:04:41.362+0000] {processor.py:925} INFO - DAG(s) 'demo_dag' retrieved from /opt/airflow/dags/demo_dag.py
[2025-01-21T08:04:41.384+0000] {logging_mixin.py:190} INFO - [2025-01-21T08:04:41.383+0000] {dag.py:3239} INFO - Sync 1 DAGs
[2025-01-21T08:04:41.393+0000] {logging_mixin.py:190} INFO - [2025-01-21T08:04:41.393+0000] {dag.py:4180} INFO - Setting next_dagrun for demo_dag to 2025-01-31 00:00:00+00:00, run_after=2025-02-01 00:00:00+00:00
[2025-01-21T08:04:41.401+0000] {processor.py:208} INFO - Processing /opt/airflow/dags/demo_dag.py took 0.055 seconds
[2025-01-21T08:05:11.557+0000] {processor.py:186} INFO - Started process (PID=199) to work on /opt/airflow/dags/demo_dag.py
[2025-01-21T08:05:11.557+0000] {processor.py:914} INFO - Processing file /opt/airflow/dags/demo_dag.py for tasks to queue
[2025-01-21T08:05:11.558+0000] {logging_mixin.py:190} INFO - [2025-01-21T08:05:11.558+0000] {dagbag.py:588} INFO - Filling up the DagBag from /opt/airflow/dags/demo_dag.py
[2025-01-21T08:05:11.564+0000] {processor.py:925} INFO - DAG(s) 'demo_dag' retrieved from /opt/airflow/dags/demo_dag.py
[2025-01-21T08:05:11.576+0000] {logging_mixin.py:190} INFO - [2025-01-21T08:05:11.576+0000] {dag.py:3239} INFO - Sync 1 DAGs
[2025-01-21T08:05:11.586+0000] {logging_mixin.py:190} INFO - [2025-01-21T08:05:11.586+0000] {dag.py:4180} INFO - Setting next_dagrun for demo_dag to 2025-01-31 00:00:00+00:00, run_after=2025-02-01 00:00:00+00:00
[2025-01-21T08:05:11.597+0000] {processor.py:208} INFO - Processing /opt/airflow/dags/demo_dag.py took 0.042 seconds
[2025-01-21T08:05:41.772+0000] {processor.py:186} INFO - Started process (PID=208) to work on /opt/airflow/dags/demo_dag.py
[2025-01-21T08:05:41.772+0000] {processor.py:914} INFO - Processing file /opt/airflow/dags/demo_dag.py for tasks to queue
[2025-01-21T08:05:41.774+0000] {logging_mixin.py:190} INFO - [2025-01-21T08:05:41.774+0000] {dagbag.py:588} INFO - Filling up the DagBag from /opt/airflow/dags/demo_dag.py
[2025-01-21T08:05:41.781+0000] {processor.py:925} INFO - DAG(s) 'demo_dag' retrieved from /opt/airflow/dags/demo_dag.py
[2025-01-21T08:05:41.792+0000] {logging_mixin.py:190} INFO - [2025-01-21T08:05:41.792+0000] {dag.py:3239} INFO - Sync 1 DAGs
[2025-01-21T08:05:41.802+0000] {logging_mixin.py:190} INFO - [2025-01-21T08:05:41.802+0000] {dag.py:4180} INFO - Setting next_dagrun for demo_dag to 2025-01-31 00:00:00+00:00, run_after=2025-02-01 00:00:00+00:00
[2025-01-21T08:05:41.892+0000] {processor.py:208} INFO - Processing /opt/airflow/dags/demo_dag.py took 0.123 seconds
[2025-01-21T08:06:12.075+0000] {processor.py:186} INFO - Started process (PID=217) to work on /opt/airflow/dags/demo_dag.py
[2025-01-21T08:06:12.076+0000] {processor.py:914} INFO - Processing file /opt/airflow/dags/demo_dag.py for tasks to queue
[2025-01-21T08:06:12.078+0000] {logging_mixin.py:190} INFO - [2025-01-21T08:06:12.078+0000] {dagbag.py:588} INFO - Filling up the DagBag from /opt/airflow/dags/demo_dag.py
[2025-01-21T08:06:12.083+0000] {processor.py:925} INFO - DAG(s) 'demo_dag' retrieved from /opt/airflow/dags/demo_dag.py
[2025-01-21T08:06:12.101+0000] {logging_mixin.py:190} INFO - [2025-01-21T08:06:12.101+0000] {dag.py:3239} INFO - Sync 1 DAGs
[2025-01-21T08:06:12.189+0000] {logging_mixin.py:190} INFO - [2025-01-21T08:06:12.189+0000] {dag.py:4180} INFO - Setting next_dagrun for demo_dag to 2025-01-31 00:00:00+00:00, run_after=2025-02-01 00:00:00+00:00
[2025-01-21T08:06:12.196+0000] {processor.py:208} INFO - Processing /opt/airflow/dags/demo_dag.py took 0.124 seconds
[2025-01-21T08:06:42.393+0000] {processor.py:186} INFO - Started process (PID=226) to work on /opt/airflow/dags/demo_dag.py
[2025-01-21T08:06:42.393+0000] {processor.py:914} INFO - Processing file /opt/airflow/dags/demo_dag.py for tasks to queue
[2025-01-21T08:06:42.394+0000] {logging_mixin.py:190} INFO - [2025-01-21T08:06:42.394+0000] {dagbag.py:588} INFO - Filling up the DagBag from /opt/airflow/dags/demo_dag.py
[2025-01-21T08:06:42.399+0000] {processor.py:925} INFO - DAG(s) 'demo_dag' retrieved from /opt/airflow/dags/demo_dag.py
[2025-01-21T08:06:42.489+0000] {logging_mixin.py:190} INFO - [2025-01-21T08:06:42.489+0000] {dag.py:3239} INFO - Sync 1 DAGs
[2025-01-21T08:06:42.496+0000] {logging_mixin.py:190} INFO - [2025-01-21T08:06:42.496+0000] {dag.py:4180} INFO - Setting next_dagrun for demo_dag to 2025-01-31 00:00:00+00:00, run_after=2025-02-01 00:00:00+00:00
[2025-01-21T08:06:42.506+0000] {processor.py:208} INFO - Processing /opt/airflow/dags/demo_dag.py took 0.116 seconds
[2025-01-21T08:07:12.676+0000] {processor.py:186} INFO - Started process (PID=235) to work on /opt/airflow/dags/demo_dag.py
[2025-01-21T08:07:12.677+0000] {processor.py:914} INFO - Processing file /opt/airflow/dags/demo_dag.py for tasks to queue
[2025-01-21T08:07:12.677+0000] {logging_mixin.py:190} INFO - [2025-01-21T08:07:12.677+0000] {dagbag.py:588} INFO - Filling up the DagBag from /opt/airflow/dags/demo_dag.py
[2025-01-21T08:07:12.762+0000] {processor.py:925} INFO - DAG(s) 'demo_dag' retrieved from /opt/airflow/dags/demo_dag.py
[2025-01-21T08:07:12.776+0000] {logging_mixin.py:190} INFO - [2025-01-21T08:07:12.776+0000] {dag.py:3239} INFO - Sync 1 DAGs
[2025-01-21T08:07:12.784+0000] {logging_mixin.py:190} INFO - [2025-01-21T08:07:12.783+0000] {dag.py:4180} INFO - Setting next_dagrun for demo_dag to 2025-01-31 00:00:00+00:00, run_after=2025-02-01 00:00:00+00:00
[2025-01-21T08:07:12.792+0000] {processor.py:208} INFO - Processing /opt/airflow/dags/demo_dag.py took 0.118 seconds
[2025-01-21T08:07:43.014+0000] {processor.py:186} INFO - Started process (PID=244) to work on /opt/airflow/dags/demo_dag.py
[2025-01-21T08:07:43.014+0000] {processor.py:914} INFO - Processing file /opt/airflow/dags/demo_dag.py for tasks to queue
[2025-01-21T08:07:43.015+0000] {logging_mixin.py:190} INFO - [2025-01-21T08:07:43.015+0000] {dagbag.py:588} INFO - Filling up the DagBag from /opt/airflow/dags/demo_dag.py
[2025-01-21T08:07:43.021+0000] {processor.py:925} INFO - DAG(s) 'demo_dag' retrieved from /opt/airflow/dags/demo_dag.py
[2025-01-21T08:07:43.034+0000] {logging_mixin.py:190} INFO - [2025-01-21T08:07:43.033+0000] {dag.py:3239} INFO - Sync 1 DAGs
[2025-01-21T08:07:43.044+0000] {logging_mixin.py:190} INFO - [2025-01-21T08:07:43.044+0000] {dag.py:4180} INFO - Setting next_dagrun for demo_dag to 2025-01-31 00:00:00+00:00, run_after=2025-02-01 00:00:00+00:00
[2025-01-21T08:07:43.054+0000] {processor.py:208} INFO - Processing /opt/airflow/dags/demo_dag.py took 0.043 seconds
[2025-01-21T08:08:13.218+0000] {processor.py:186} INFO - Started process (PID=252) to work on /opt/airflow/dags/demo_dag.py
[2025-01-21T08:08:13.219+0000] {processor.py:914} INFO - Processing file /opt/airflow/dags/demo_dag.py for tasks to queue
[2025-01-21T08:08:13.220+0000] {logging_mixin.py:190} INFO - [2025-01-21T08:08:13.220+0000] {dagbag.py:588} INFO - Filling up the DagBag from /opt/airflow/dags/demo_dag.py
[2025-01-21T08:08:13.227+0000] {processor.py:925} INFO - DAG(s) 'demo_dag' retrieved from /opt/airflow/dags/demo_dag.py
[2025-01-21T08:08:13.244+0000] {logging_mixin.py:190} INFO - [2025-01-21T08:08:13.244+0000] {dag.py:3239} INFO - Sync 1 DAGs
[2025-01-21T08:08:13.255+0000] {logging_mixin.py:190} INFO - [2025-01-21T08:08:13.255+0000] {dag.py:4180} INFO - Setting next_dagrun for demo_dag to 2025-01-31 00:00:00+00:00, run_after=2025-02-01 00:00:00+00:00
[2025-01-21T08:08:13.265+0000] {processor.py:208} INFO - Processing /opt/airflow/dags/demo_dag.py took 0.050 seconds
[2025-01-21T08:08:43.406+0000] {processor.py:186} INFO - Started process (PID=261) to work on /opt/airflow/dags/demo_dag.py
[2025-01-21T08:08:43.407+0000] {processor.py:914} INFO - Processing file /opt/airflow/dags/demo_dag.py for tasks to queue
[2025-01-21T08:08:43.409+0000] {logging_mixin.py:190} INFO - [2025-01-21T08:08:43.409+0000] {dagbag.py:588} INFO - Filling up the DagBag from /opt/airflow/dags/demo_dag.py
[2025-01-21T08:08:43.415+0000] {processor.py:925} INFO - DAG(s) 'demo_dag' retrieved from /opt/airflow/dags/demo_dag.py
[2025-01-21T08:08:43.425+0000] {logging_mixin.py:190} INFO - [2025-01-21T08:08:43.425+0000] {dag.py:3239} INFO - Sync 1 DAGs
[2025-01-21T08:08:43.434+0000] {logging_mixin.py:190} INFO - [2025-01-21T08:08:43.434+0000] {dag.py:4180} INFO - Setting next_dagrun for demo_dag to 2025-01-31 00:00:00+00:00, run_after=2025-02-01 00:00:00+00:00
[2025-01-21T08:08:43.442+0000] {processor.py:208} INFO - Processing /opt/airflow/dags/demo_dag.py took 0.039 seconds
[2025-01-21T08:09:13.619+0000] {processor.py:186} INFO - Started process (PID=269) to work on /opt/airflow/dags/demo_dag.py
[2025-01-21T08:09:13.619+0000] {processor.py:914} INFO - Processing file /opt/airflow/dags/demo_dag.py for tasks to queue
[2025-01-21T08:09:13.620+0000] {logging_mixin.py:190} INFO - [2025-01-21T08:09:13.620+0000] {dagbag.py:588} INFO - Filling up the DagBag from /opt/airflow/dags/demo_dag.py
[2025-01-21T08:09:13.626+0000] {processor.py:925} INFO - DAG(s) 'demo_dag' retrieved from /opt/airflow/dags/demo_dag.py
[2025-01-21T08:09:13.639+0000] {logging_mixin.py:190} INFO - [2025-01-21T08:09:13.638+0000] {dag.py:3239} INFO - Sync 1 DAGs
[2025-01-21T08:09:13.648+0000] {logging_mixin.py:190} INFO - [2025-01-21T08:09:13.648+0000] {dag.py:4180} INFO - Setting next_dagrun for demo_dag to 2025-01-31 00:00:00+00:00, run_after=2025-02-01 00:00:00+00:00
[2025-01-21T08:09:13.657+0000] {processor.py:208} INFO - Processing /opt/airflow/dags/demo_dag.py took 0.040 seconds
[2025-01-21T08:09:43.838+0000] {processor.py:186} INFO - Started process (PID=278) to work on /opt/airflow/dags/demo_dag.py
[2025-01-21T08:09:43.838+0000] {processor.py:914} INFO - Processing file /opt/airflow/dags/demo_dag.py for tasks to queue
[2025-01-21T08:09:43.839+0000] {logging_mixin.py:190} INFO - [2025-01-21T08:09:43.839+0000] {dagbag.py:588} INFO - Filling up the DagBag from /opt/airflow/dags/demo_dag.py
[2025-01-21T08:09:43.846+0000] {processor.py:925} INFO - DAG(s) 'demo_dag' retrieved from /opt/airflow/dags/demo_dag.py
[2025-01-21T08:09:43.857+0000] {logging_mixin.py:190} INFO - [2025-01-21T08:09:43.857+0000] {dag.py:3239} INFO - Sync 1 DAGs
[2025-01-21T08:09:43.867+0000] {logging_mixin.py:190} INFO - [2025-01-21T08:09:43.867+0000] {dag.py:4180} INFO - Setting next_dagrun for demo_dag to 2025-01-31 00:00:00+00:00, run_after=2025-02-01 00:00:00+00:00
[2025-01-21T08:09:43.876+0000] {processor.py:208} INFO - Processing /opt/airflow/dags/demo_dag.py took 0.041 seconds
[2025-01-21T08:10:14.035+0000] {processor.py:186} INFO - Started process (PID=287) to work on /opt/airflow/dags/demo_dag.py
[2025-01-21T08:10:14.036+0000] {processor.py:914} INFO - Processing file /opt/airflow/dags/demo_dag.py for tasks to queue
[2025-01-21T08:10:14.037+0000] {logging_mixin.py:190} INFO - [2025-01-21T08:10:14.037+0000] {dagbag.py:588} INFO - Filling up the DagBag from /opt/airflow/dags/demo_dag.py
[2025-01-21T08:10:14.042+0000] {processor.py:925} INFO - DAG(s) 'demo_dag' retrieved from /opt/airflow/dags/demo_dag.py
[2025-01-21T08:10:14.056+0000] {logging_mixin.py:190} INFO - [2025-01-21T08:10:14.056+0000] {dag.py:3239} INFO - Sync 1 DAGs
[2025-01-21T08:10:14.065+0000] {logging_mixin.py:190} INFO - [2025-01-21T08:10:14.065+0000] {dag.py:4180} INFO - Setting next_dagrun for demo_dag to 2025-01-31 00:00:00+00:00, run_after=2025-02-01 00:00:00+00:00
[2025-01-21T08:10:14.074+0000] {processor.py:208} INFO - Processing /opt/airflow/dags/demo_dag.py took 0.042 seconds
[2025-01-21T08:11:14.348+0000] {processor.py:186} INFO - Started process (PID=52) to work on /opt/airflow/dags/demo_dag.py
[2025-01-21T08:11:14.349+0000] {processor.py:914} INFO - Processing file /opt/airflow/dags/demo_dag.py for tasks to queue
[2025-01-21T08:11:14.350+0000] {logging_mixin.py:190} INFO - [2025-01-21T08:11:14.350+0000] {dagbag.py:588} INFO - Filling up the DagBag from /opt/airflow/dags/demo_dag.py
[2025-01-21T08:11:14.355+0000] {processor.py:925} INFO - DAG(s) 'demo_dag' retrieved from /opt/airflow/dags/demo_dag.py
[2025-01-21T08:11:14.397+0000] {logging_mixin.py:190} INFO - [2025-01-21T08:11:14.396+0000] {override.py:1911} INFO - Created Permission View: can read on DAG:demo_dag
[2025-01-21T08:11:14.400+0000] {logging_mixin.py:190} INFO - [2025-01-21T08:11:14.400+0000] {override.py:1911} INFO - Created Permission View: can edit on DAG:demo_dag
[2025-01-21T08:11:14.401+0000] {logging_mixin.py:190} INFO - [2025-01-21T08:11:14.401+0000] {override.py:1911} INFO - Created Permission View: can delete on DAG:demo_dag
[2025-01-21T08:11:14.403+0000] {logging_mixin.py:190} INFO - [2025-01-21T08:11:14.403+0000] {override.py:1911} INFO - Created Permission View: can read on DAG Run:demo_dag
[2025-01-21T08:11:14.405+0000] {logging_mixin.py:190} INFO - [2025-01-21T08:11:14.405+0000] {override.py:1911} INFO - Created Permission View: menu access on DAG Run:demo_dag
[2025-01-21T08:11:14.406+0000] {logging_mixin.py:190} INFO - [2025-01-21T08:11:14.406+0000] {override.py:1911} INFO - Created Permission View: can create on DAG Run:demo_dag
[2025-01-21T08:11:14.408+0000] {logging_mixin.py:190} INFO - [2025-01-21T08:11:14.408+0000] {override.py:1911} INFO - Created Permission View: can delete on DAG Run:demo_dag
[2025-01-21T08:11:14.408+0000] {logging_mixin.py:190} INFO - [2025-01-21T08:11:14.408+0000] {dag.py:3239} INFO - Sync 1 DAGs
[2025-01-21T08:11:14.412+0000] {logging_mixin.py:190} INFO - [2025-01-21T08:11:14.412+0000] {dag.py:3262} INFO - Creating ORM DAG for demo_dag
[2025-01-21T08:11:14.417+0000] {logging_mixin.py:190} INFO - [2025-01-21T08:11:14.417+0000] {dag.py:4180} INFO - Setting next_dagrun for demo_dag to 2025-01-31 00:00:00+00:00, run_after=2025-02-01 00:00:00+00:00
[2025-01-21T08:11:14.500+0000] {processor.py:208} INFO - Processing /opt/airflow/dags/demo_dag.py took 0.154 seconds
[2025-01-21T08:11:44.680+0000] {processor.py:186} INFO - Started process (PID=61) to work on /opt/airflow/dags/demo_dag.py
[2025-01-21T08:11:44.680+0000] {processor.py:914} INFO - Processing file /opt/airflow/dags/demo_dag.py for tasks to queue
[2025-01-21T08:11:44.681+0000] {logging_mixin.py:190} INFO - [2025-01-21T08:11:44.681+0000] {dagbag.py:588} INFO - Filling up the DagBag from /opt/airflow/dags/demo_dag.py
[2025-01-21T08:11:44.686+0000] {processor.py:925} INFO - DAG(s) 'demo_dag' retrieved from /opt/airflow/dags/demo_dag.py
[2025-01-21T08:11:44.696+0000] {logging_mixin.py:190} INFO - [2025-01-21T08:11:44.696+0000] {dag.py:3239} INFO - Sync 1 DAGs
[2025-01-21T08:11:44.706+0000] {logging_mixin.py:190} INFO - [2025-01-21T08:11:44.706+0000] {dag.py:4180} INFO - Setting next_dagrun for demo_dag to 2025-01-31 00:00:00+00:00, run_after=2025-02-01 00:00:00+00:00
[2025-01-21T08:11:44.712+0000] {processor.py:208} INFO - Processing /opt/airflow/dags/demo_dag.py took 0.035 seconds
[2025-01-21T08:12:15.013+0000] {processor.py:186} INFO - Started process (PID=70) to work on /opt/airflow/dags/demo_dag.py
[2025-01-21T08:12:15.014+0000] {processor.py:914} INFO - Processing file /opt/airflow/dags/demo_dag.py for tasks to queue
[2025-01-21T08:12:15.015+0000] {logging_mixin.py:190} INFO - [2025-01-21T08:12:15.014+0000] {dagbag.py:588} INFO - Filling up the DagBag from /opt/airflow/dags/demo_dag.py
[2025-01-21T08:12:15.020+0000] {processor.py:925} INFO - DAG(s) 'demo_dag' retrieved from /opt/airflow/dags/demo_dag.py
[2025-01-21T08:12:15.030+0000] {logging_mixin.py:190} INFO - [2025-01-21T08:12:15.030+0000] {dag.py:3239} INFO - Sync 1 DAGs
[2025-01-21T08:12:15.040+0000] {logging_mixin.py:190} INFO - [2025-01-21T08:12:15.040+0000] {dag.py:4180} INFO - Setting next_dagrun for demo_dag to 2025-01-31 00:00:00+00:00, run_after=2025-02-01 00:00:00+00:00
[2025-01-21T08:12:15.046+0000] {processor.py:208} INFO - Processing /opt/airflow/dags/demo_dag.py took 0.035 seconds
[2025-01-21T08:12:45.371+0000] {processor.py:186} INFO - Started process (PID=79) to work on /opt/airflow/dags/demo_dag.py
[2025-01-21T08:12:45.371+0000] {processor.py:914} INFO - Processing file /opt/airflow/dags/demo_dag.py for tasks to queue
[2025-01-21T08:12:45.372+0000] {logging_mixin.py:190} INFO - [2025-01-21T08:12:45.372+0000] {dagbag.py:588} INFO - Filling up the DagBag from /opt/airflow/dags/demo_dag.py
[2025-01-21T08:12:45.377+0000] {processor.py:925} INFO - DAG(s) 'demo_dag' retrieved from /opt/airflow/dags/demo_dag.py
[2025-01-21T08:12:45.387+0000] {logging_mixin.py:190} INFO - [2025-01-21T08:12:45.387+0000] {dag.py:3239} INFO - Sync 1 DAGs
[2025-01-21T08:12:45.395+0000] {logging_mixin.py:190} INFO - [2025-01-21T08:12:45.395+0000] {dag.py:4180} INFO - Setting next_dagrun for demo_dag to 2025-01-31 00:00:00+00:00, run_after=2025-02-01 00:00:00+00:00
[2025-01-21T08:12:45.400+0000] {processor.py:208} INFO - Processing /opt/airflow/dags/demo_dag.py took 0.032 seconds
[2025-01-21T08:13:15.699+0000] {processor.py:186} INFO - Started process (PID=94) to work on /opt/airflow/dags/demo_dag.py
[2025-01-21T08:13:15.700+0000] {processor.py:914} INFO - Processing file /opt/airflow/dags/demo_dag.py for tasks to queue
[2025-01-21T08:13:15.701+0000] {logging_mixin.py:190} INFO - [2025-01-21T08:13:15.701+0000] {dagbag.py:588} INFO - Filling up the DagBag from /opt/airflow/dags/demo_dag.py
[2025-01-21T08:13:15.707+0000] {processor.py:925} INFO - DAG(s) 'demo_dag' retrieved from /opt/airflow/dags/demo_dag.py
[2025-01-21T08:13:15.718+0000] {logging_mixin.py:190} INFO - [2025-01-21T08:13:15.718+0000] {dag.py:3239} INFO - Sync 1 DAGs
[2025-01-21T08:13:15.728+0000] {logging_mixin.py:190} INFO - [2025-01-21T08:13:15.728+0000] {dag.py:4180} INFO - Setting next_dagrun for demo_dag to 2025-01-31 00:00:00+00:00, run_after=2025-02-01 00:00:00+00:00
[2025-01-21T08:13:15.736+0000] {processor.py:208} INFO - Processing /opt/airflow/dags/demo_dag.py took 0.039 seconds
[2025-01-21T08:13:46.057+0000] {processor.py:186} INFO - Started process (PID=103) to work on /opt/airflow/dags/demo_dag.py
[2025-01-21T08:13:46.057+0000] {processor.py:914} INFO - Processing file /opt/airflow/dags/demo_dag.py for tasks to queue
[2025-01-21T08:13:46.058+0000] {logging_mixin.py:190} INFO - [2025-01-21T08:13:46.058+0000] {dagbag.py:588} INFO - Filling up the DagBag from /opt/airflow/dags/demo_dag.py
[2025-01-21T08:13:46.063+0000] {processor.py:925} INFO - DAG(s) 'demo_dag' retrieved from /opt/airflow/dags/demo_dag.py
[2025-01-21T08:13:46.074+0000] {logging_mixin.py:190} INFO - [2025-01-21T08:13:46.074+0000] {dag.py:3239} INFO - Sync 1 DAGs
[2025-01-21T08:13:46.082+0000] {logging_mixin.py:190} INFO - [2025-01-21T08:13:46.082+0000] {dag.py:4180} INFO - Setting next_dagrun for demo_dag to 2025-01-31 00:00:00+00:00, run_after=2025-02-01 00:00:00+00:00
[2025-01-21T08:13:46.087+0000] {processor.py:208} INFO - Processing /opt/airflow/dags/demo_dag.py took 0.033 seconds
[2025-01-21T08:14:16.441+0000] {processor.py:186} INFO - Started process (PID=112) to work on /opt/airflow/dags/demo_dag.py
[2025-01-21T08:14:16.442+0000] {processor.py:914} INFO - Processing file /opt/airflow/dags/demo_dag.py for tasks to queue
[2025-01-21T08:14:16.443+0000] {logging_mixin.py:190} INFO - [2025-01-21T08:14:16.443+0000] {dagbag.py:588} INFO - Filling up the DagBag from /opt/airflow/dags/demo_dag.py
[2025-01-21T08:14:16.449+0000] {processor.py:925} INFO - DAG(s) 'demo_dag' retrieved from /opt/airflow/dags/demo_dag.py
[2025-01-21T08:14:16.461+0000] {logging_mixin.py:190} INFO - [2025-01-21T08:14:16.461+0000] {dag.py:3239} INFO - Sync 1 DAGs
[2025-01-21T08:14:16.470+0000] {logging_mixin.py:190} INFO - [2025-01-21T08:14:16.469+0000] {dag.py:4180} INFO - Setting next_dagrun for demo_dag to 2025-01-31 00:00:00+00:00, run_after=2025-02-01 00:00:00+00:00
[2025-01-21T08:14:16.476+0000] {processor.py:208} INFO - Processing /opt/airflow/dags/demo_dag.py took 0.037 seconds
[2025-01-21T08:14:46.887+0000] {processor.py:186} INFO - Started process (PID=121) to work on /opt/airflow/dags/demo_dag.py
[2025-01-21T08:14:46.888+0000] {processor.py:914} INFO - Processing file /opt/airflow/dags/demo_dag.py for tasks to queue
[2025-01-21T08:14:46.889+0000] {logging_mixin.py:190} INFO - [2025-01-21T08:14:46.889+0000] {dagbag.py:588} INFO - Filling up the DagBag from /opt/airflow/dags/demo_dag.py
[2025-01-21T08:14:46.893+0000] {processor.py:925} INFO - DAG(s) 'demo_dag' retrieved from /opt/airflow/dags/demo_dag.py
[2025-01-21T08:14:46.903+0000] {logging_mixin.py:190} INFO - [2025-01-21T08:14:46.903+0000] {dag.py:3239} INFO - Sync 1 DAGs
[2025-01-21T08:14:46.974+0000] {logging_mixin.py:190} INFO - [2025-01-21T08:14:46.974+0000] {dag.py:4180} INFO - Setting next_dagrun for demo_dag to 2025-01-31 00:00:00+00:00, run_after=2025-02-01 00:00:00+00:00
[2025-01-21T08:14:46.980+0000] {processor.py:208} INFO - Processing /opt/airflow/dags/demo_dag.py took 0.095 seconds
[2025-01-21T08:15:17.279+0000] {processor.py:186} INFO - Started process (PID=130) to work on /opt/airflow/dags/demo_dag.py
[2025-01-21T08:15:17.279+0000] {processor.py:914} INFO - Processing file /opt/airflow/dags/demo_dag.py for tasks to queue
[2025-01-21T08:15:17.280+0000] {logging_mixin.py:190} INFO - [2025-01-21T08:15:17.280+0000] {dagbag.py:588} INFO - Filling up the DagBag from /opt/airflow/dags/demo_dag.py
[2025-01-21T08:15:17.284+0000] {processor.py:925} INFO - DAG(s) 'demo_dag' retrieved from /opt/airflow/dags/demo_dag.py
[2025-01-21T08:15:17.293+0000] {logging_mixin.py:190} INFO - [2025-01-21T08:15:17.293+0000] {dag.py:3239} INFO - Sync 1 DAGs
[2025-01-21T08:15:17.361+0000] {logging_mixin.py:190} INFO - [2025-01-21T08:15:17.360+0000] {dag.py:4180} INFO - Setting next_dagrun for demo_dag to 2025-01-31 00:00:00+00:00, run_after=2025-02-01 00:00:00+00:00
[2025-01-21T08:15:17.366+0000] {processor.py:208} INFO - Processing /opt/airflow/dags/demo_dag.py took 0.089 seconds
[2025-01-21T08:15:47.741+0000] {processor.py:186} INFO - Started process (PID=139) to work on /opt/airflow/dags/demo_dag.py
[2025-01-21T08:15:47.741+0000] {processor.py:914} INFO - Processing file /opt/airflow/dags/demo_dag.py for tasks to queue
[2025-01-21T08:15:47.742+0000] {logging_mixin.py:190} INFO - [2025-01-21T08:15:47.742+0000] {dagbag.py:588} INFO - Filling up the DagBag from /opt/airflow/dags/demo_dag.py
[2025-01-21T08:15:47.746+0000] {processor.py:925} INFO - DAG(s) 'demo_dag' retrieved from /opt/airflow/dags/demo_dag.py
[2025-01-21T08:15:47.818+0000] {logging_mixin.py:190} INFO - [2025-01-21T08:15:47.818+0000] {dag.py:3239} INFO - Sync 1 DAGs
[2025-01-21T08:15:47.825+0000] {logging_mixin.py:190} INFO - [2025-01-21T08:15:47.824+0000] {dag.py:4180} INFO - Setting next_dagrun for demo_dag to 2025-01-31 00:00:00+00:00, run_after=2025-02-01 00:00:00+00:00
[2025-01-21T08:15:47.830+0000] {processor.py:208} INFO - Processing /opt/airflow/dags/demo_dag.py took 0.091 seconds
[2025-01-21T08:16:18.125+0000] {processor.py:186} INFO - Started process (PID=148) to work on /opt/airflow/dags/demo_dag.py
[2025-01-21T08:16:18.126+0000] {processor.py:914} INFO - Processing file /opt/airflow/dags/demo_dag.py for tasks to queue
[2025-01-21T08:16:18.127+0000] {logging_mixin.py:190} INFO - [2025-01-21T08:16:18.127+0000] {dagbag.py:588} INFO - Filling up the DagBag from /opt/airflow/dags/demo_dag.py
[2025-01-21T08:16:18.134+0000] {processor.py:925} INFO - DAG(s) 'demo_dag' retrieved from /opt/airflow/dags/demo_dag.py
[2025-01-21T08:16:18.147+0000] {logging_mixin.py:190} INFO - [2025-01-21T08:16:18.147+0000] {dag.py:3239} INFO - Sync 1 DAGs
[2025-01-21T08:16:18.157+0000] {logging_mixin.py:190} INFO - [2025-01-21T08:16:18.157+0000] {dag.py:4180} INFO - Setting next_dagrun for demo_dag to 2025-01-31 00:00:00+00:00, run_after=2025-02-01 00:00:00+00:00
[2025-01-21T08:16:18.164+0000] {processor.py:208} INFO - Processing /opt/airflow/dags/demo_dag.py took 0.042 seconds
[2025-01-21T08:16:48.498+0000] {processor.py:186} INFO - Started process (PID=157) to work on /opt/airflow/dags/demo_dag.py
[2025-01-21T08:16:48.498+0000] {processor.py:914} INFO - Processing file /opt/airflow/dags/demo_dag.py for tasks to queue
[2025-01-21T08:16:48.499+0000] {logging_mixin.py:190} INFO - [2025-01-21T08:16:48.499+0000] {dagbag.py:588} INFO - Filling up the DagBag from /opt/airflow/dags/demo_dag.py
[2025-01-21T08:16:48.504+0000] {processor.py:925} INFO - DAG(s) 'demo_dag' retrieved from /opt/airflow/dags/demo_dag.py
[2025-01-21T08:16:48.514+0000] {logging_mixin.py:190} INFO - [2025-01-21T08:16:48.514+0000] {dag.py:3239} INFO - Sync 1 DAGs
[2025-01-21T08:16:48.521+0000] {logging_mixin.py:190} INFO - [2025-01-21T08:16:48.521+0000] {dag.py:4180} INFO - Setting next_dagrun for demo_dag to 2025-01-31 00:00:00+00:00, run_after=2025-02-01 00:00:00+00:00
[2025-01-21T08:16:48.527+0000] {processor.py:208} INFO - Processing /opt/airflow/dags/demo_dag.py took 0.032 seconds
[2025-01-21T08:17:18.949+0000] {processor.py:186} INFO - Started process (PID=166) to work on /opt/airflow/dags/demo_dag.py
[2025-01-21T08:17:18.949+0000] {processor.py:914} INFO - Processing file /opt/airflow/dags/demo_dag.py for tasks to queue
[2025-01-21T08:17:18.950+0000] {logging_mixin.py:190} INFO - [2025-01-21T08:17:18.950+0000] {dagbag.py:588} INFO - Filling up the DagBag from /opt/airflow/dags/demo_dag.py
[2025-01-21T08:17:18.954+0000] {processor.py:925} INFO - DAG(s) 'demo_dag' retrieved from /opt/airflow/dags/demo_dag.py
[2025-01-21T08:17:18.963+0000] {logging_mixin.py:190} INFO - [2025-01-21T08:17:18.963+0000] {dag.py:3239} INFO - Sync 1 DAGs
[2025-01-21T08:17:18.971+0000] {logging_mixin.py:190} INFO - [2025-01-21T08:17:18.971+0000] {dag.py:4180} INFO - Setting next_dagrun for demo_dag to 2025-01-31 00:00:00+00:00, run_after=2025-02-01 00:00:00+00:00
[2025-01-21T08:17:19.037+0000] {processor.py:208} INFO - Processing /opt/airflow/dags/demo_dag.py took 0.090 seconds
[2025-01-21T08:17:49.394+0000] {processor.py:186} INFO - Started process (PID=175) to work on /opt/airflow/dags/demo_dag.py
[2025-01-21T08:17:49.394+0000] {processor.py:914} INFO - Processing file /opt/airflow/dags/demo_dag.py for tasks to queue
[2025-01-21T08:17:49.395+0000] {logging_mixin.py:190} INFO - [2025-01-21T08:17:49.395+0000] {dagbag.py:588} INFO - Filling up the DagBag from /opt/airflow/dags/demo_dag.py
[2025-01-21T08:17:49.399+0000] {processor.py:925} INFO - DAG(s) 'demo_dag' retrieved from /opt/airflow/dags/demo_dag.py
[2025-01-21T08:17:49.408+0000] {logging_mixin.py:190} INFO - [2025-01-21T08:17:49.408+0000] {dag.py:3239} INFO - Sync 1 DAGs
[2025-01-21T08:17:49.476+0000] {logging_mixin.py:190} INFO - [2025-01-21T08:17:49.476+0000] {dag.py:4180} INFO - Setting next_dagrun for demo_dag to 2025-01-31 00:00:00+00:00, run_after=2025-02-01 00:00:00+00:00
[2025-01-21T08:17:49.482+0000] {processor.py:208} INFO - Processing /opt/airflow/dags/demo_dag.py took 0.091 seconds
[2025-01-21T08:18:19.821+0000] {processor.py:186} INFO - Started process (PID=184) to work on /opt/airflow/dags/demo_dag.py
[2025-01-21T08:18:19.822+0000] {processor.py:914} INFO - Processing file /opt/airflow/dags/demo_dag.py for tasks to queue
[2025-01-21T08:18:19.823+0000] {logging_mixin.py:190} INFO - [2025-01-21T08:18:19.822+0000] {dagbag.py:588} INFO - Filling up the DagBag from /opt/airflow/dags/demo_dag.py
[2025-01-21T08:18:19.827+0000] {processor.py:925} INFO - DAG(s) 'demo_dag' retrieved from /opt/airflow/dags/demo_dag.py
[2025-01-21T08:18:19.836+0000] {logging_mixin.py:190} INFO - [2025-01-21T08:18:19.836+0000] {dag.py:3239} INFO - Sync 1 DAGs
[2025-01-21T08:18:19.906+0000] {logging_mixin.py:190} INFO - [2025-01-21T08:18:19.906+0000] {dag.py:4180} INFO - Setting next_dagrun for demo_dag to 2025-01-31 00:00:00+00:00, run_after=2025-02-01 00:00:00+00:00
[2025-01-21T08:18:19.912+0000] {processor.py:208} INFO - Processing /opt/airflow/dags/demo_dag.py took 0.093 seconds
[2025-01-21T08:18:50.285+0000] {processor.py:186} INFO - Started process (PID=193) to work on /opt/airflow/dags/demo_dag.py
[2025-01-21T08:18:50.286+0000] {processor.py:914} INFO - Processing file /opt/airflow/dags/demo_dag.py for tasks to queue
[2025-01-21T08:18:50.287+0000] {logging_mixin.py:190} INFO - [2025-01-21T08:18:50.286+0000] {dagbag.py:588} INFO - Filling up the DagBag from /opt/airflow/dags/demo_dag.py
[2025-01-21T08:18:50.291+0000] {processor.py:925} INFO - DAG(s) 'demo_dag' retrieved from /opt/airflow/dags/demo_dag.py
[2025-01-21T08:18:50.363+0000] {logging_mixin.py:190} INFO - [2025-01-21T08:18:50.363+0000] {dag.py:3239} INFO - Sync 1 DAGs
[2025-01-21T08:18:50.370+0000] {logging_mixin.py:190} INFO - [2025-01-21T08:18:50.370+0000] {dag.py:4180} INFO - Setting next_dagrun for demo_dag to 2025-01-31 00:00:00+00:00, run_after=2025-02-01 00:00:00+00:00
[2025-01-21T08:18:50.375+0000] {processor.py:208} INFO - Processing /opt/airflow/dags/demo_dag.py took 0.092 seconds
