[2025-01-21T07:56:37.520+0000] {processor.py:186} INFO - Started process (PID=49) to work on /opt/airflow/dags/demo_dag_2.py
[2025-01-21T07:56:37.521+0000] {processor.py:914} INFO - Processing file /opt/airflow/dags/demo_dag_2.py for tasks to queue
[2025-01-21T07:56:37.522+0000] {logging_mixin.py:190} INFO - [2025-01-21T07:56:37.522+0000] {dagbag.py:588} INFO - Filling up the DagBag from /opt/airflow/dags/demo_dag_2.py
[2025-01-21T07:56:37.529+0000] {processor.py:925} INFO - DAG(s) 'demo_dag_2' retrieved from /opt/airflow/dags/demo_dag_2.py
[2025-01-21T07:56:37.580+0000] {logging_mixin.py:190} INFO - [2025-01-21T07:56:37.580+0000] {override.py:1911} INFO - Created Permission View: can read on DAG:demo_dag_2
[2025-01-21T07:56:37.583+0000] {logging_mixin.py:190} INFO - [2025-01-21T07:56:37.583+0000] {override.py:1911} INFO - Created Permission View: can delete on DAG:demo_dag_2
[2025-01-21T07:56:37.585+0000] {logging_mixin.py:190} INFO - [2025-01-21T07:56:37.585+0000] {override.py:1911} INFO - Created Permission View: can edit on DAG:demo_dag_2
[2025-01-21T07:56:37.587+0000] {logging_mixin.py:190} INFO - [2025-01-21T07:56:37.587+0000] {override.py:1911} INFO - Created Permission View: can read on DAG Run:demo_dag_2
[2025-01-21T07:56:37.591+0000] {logging_mixin.py:190} INFO - [2025-01-21T07:56:37.591+0000] {override.py:1911} INFO - Created Permission View: can delete on DAG Run:demo_dag_2
[2025-01-21T07:56:37.593+0000] {logging_mixin.py:190} INFO - [2025-01-21T07:56:37.593+0000] {override.py:1911} INFO - Created Permission View: menu access on DAG Run:demo_dag_2
[2025-01-21T07:56:37.597+0000] {logging_mixin.py:190} INFO - [2025-01-21T07:56:37.597+0000] {override.py:1911} INFO - Created Permission View: can create on DAG Run:demo_dag_2
[2025-01-21T07:56:37.598+0000] {logging_mixin.py:190} INFO - [2025-01-21T07:56:37.598+0000] {dag.py:3239} INFO - Sync 1 DAGs
[2025-01-21T07:56:37.603+0000] {logging_mixin.py:190} INFO - [2025-01-21T07:56:37.603+0000] {dag.py:3262} INFO - Creating ORM DAG for demo_dag_2
[2025-01-21T07:56:37.607+0000] {logging_mixin.py:190} INFO - [2025-01-21T07:56:37.607+0000] {dag.py:4180} INFO - Setting next_dagrun for demo_dag_2 to 2025-01-31 00:00:00+00:00, run_after=2025-02-01 00:00:00+00:00
[2025-01-21T07:56:37.702+0000] {processor.py:208} INFO - Processing /opt/airflow/dags/demo_dag_2.py took 0.185 seconds
[2025-01-21T07:57:07.846+0000] {processor.py:186} INFO - Started process (PID=57) to work on /opt/airflow/dags/demo_dag_2.py
[2025-01-21T07:57:07.847+0000] {processor.py:914} INFO - Processing file /opt/airflow/dags/demo_dag_2.py for tasks to queue
[2025-01-21T07:57:07.849+0000] {logging_mixin.py:190} INFO - [2025-01-21T07:57:07.849+0000] {dagbag.py:588} INFO - Filling up the DagBag from /opt/airflow/dags/demo_dag_2.py
[2025-01-21T07:57:07.860+0000] {processor.py:925} INFO - DAG(s) 'demo_dag_2' retrieved from /opt/airflow/dags/demo_dag_2.py
[2025-01-21T07:57:07.880+0000] {logging_mixin.py:190} INFO - [2025-01-21T07:57:07.880+0000] {dag.py:3239} INFO - Sync 1 DAGs
[2025-01-21T07:57:07.895+0000] {logging_mixin.py:190} INFO - [2025-01-21T07:57:07.894+0000] {dag.py:4180} INFO - Setting next_dagrun for demo_dag_2 to 2025-01-31 00:00:00+00:00, run_after=2025-02-01 00:00:00+00:00
[2025-01-21T07:57:07.907+0000] {processor.py:208} INFO - Processing /opt/airflow/dags/demo_dag_2.py took 0.068 seconds
[2025-01-21T07:57:37.990+0000] {processor.py:186} INFO - Started process (PID=65) to work on /opt/airflow/dags/demo_dag_2.py
[2025-01-21T07:57:37.991+0000] {processor.py:914} INFO - Processing file /opt/airflow/dags/demo_dag_2.py for tasks to queue
[2025-01-21T07:57:37.992+0000] {logging_mixin.py:190} INFO - [2025-01-21T07:57:37.991+0000] {dagbag.py:588} INFO - Filling up the DagBag from /opt/airflow/dags/demo_dag_2.py
[2025-01-21T07:57:37.996+0000] {processor.py:925} INFO - DAG(s) 'demo_dag_2' retrieved from /opt/airflow/dags/demo_dag_2.py
[2025-01-21T07:57:38.006+0000] {logging_mixin.py:190} INFO - [2025-01-21T07:57:38.006+0000] {dag.py:3239} INFO - Sync 1 DAGs
[2025-01-21T07:57:38.016+0000] {logging_mixin.py:190} INFO - [2025-01-21T07:57:38.015+0000] {dag.py:4180} INFO - Setting next_dagrun for demo_dag_2 to 2025-01-31 00:00:00+00:00, run_after=2025-02-01 00:00:00+00:00
[2025-01-21T07:57:38.027+0000] {processor.py:208} INFO - Processing /opt/airflow/dags/demo_dag_2.py took 0.039 seconds
[2025-01-21T07:58:08.196+0000] {processor.py:186} INFO - Started process (PID=73) to work on /opt/airflow/dags/demo_dag_2.py
[2025-01-21T07:58:08.197+0000] {processor.py:914} INFO - Processing file /opt/airflow/dags/demo_dag_2.py for tasks to queue
[2025-01-21T07:58:08.199+0000] {logging_mixin.py:190} INFO - [2025-01-21T07:58:08.199+0000] {dagbag.py:588} INFO - Filling up the DagBag from /opt/airflow/dags/demo_dag_2.py
[2025-01-21T07:58:08.205+0000] {processor.py:925} INFO - DAG(s) 'demo_dag_2' retrieved from /opt/airflow/dags/demo_dag_2.py
[2025-01-21T07:58:08.220+0000] {logging_mixin.py:190} INFO - [2025-01-21T07:58:08.219+0000] {dag.py:3239} INFO - Sync 1 DAGs
[2025-01-21T07:58:08.230+0000] {logging_mixin.py:190} INFO - [2025-01-21T07:58:08.230+0000] {dag.py:4180} INFO - Setting next_dagrun for demo_dag_2 to 2025-01-31 00:00:00+00:00, run_after=2025-02-01 00:00:00+00:00
[2025-01-21T07:58:08.240+0000] {processor.py:208} INFO - Processing /opt/airflow/dags/demo_dag_2.py took 0.047 seconds
[2025-01-21T07:58:38.374+0000] {processor.py:186} INFO - Started process (PID=81) to work on /opt/airflow/dags/demo_dag_2.py
[2025-01-21T07:58:38.375+0000] {processor.py:914} INFO - Processing file /opt/airflow/dags/demo_dag_2.py for tasks to queue
[2025-01-21T07:58:38.376+0000] {logging_mixin.py:190} INFO - [2025-01-21T07:58:38.376+0000] {dagbag.py:588} INFO - Filling up the DagBag from /opt/airflow/dags/demo_dag_2.py
[2025-01-21T07:58:38.382+0000] {processor.py:925} INFO - DAG(s) 'demo_dag_2' retrieved from /opt/airflow/dags/demo_dag_2.py
[2025-01-21T07:58:38.393+0000] {logging_mixin.py:190} INFO - [2025-01-21T07:58:38.393+0000] {dag.py:3239} INFO - Sync 1 DAGs
[2025-01-21T07:58:38.402+0000] {logging_mixin.py:190} INFO - [2025-01-21T07:58:38.402+0000] {dag.py:4180} INFO - Setting next_dagrun for demo_dag_2 to 2025-01-31 00:00:00+00:00, run_after=2025-02-01 00:00:00+00:00
[2025-01-21T07:58:38.411+0000] {processor.py:208} INFO - Processing /opt/airflow/dags/demo_dag_2.py took 0.039 seconds
[2025-01-21T07:59:08.570+0000] {processor.py:186} INFO - Started process (PID=95) to work on /opt/airflow/dags/demo_dag_2.py
[2025-01-21T07:59:08.570+0000] {processor.py:914} INFO - Processing file /opt/airflow/dags/demo_dag_2.py for tasks to queue
[2025-01-21T07:59:08.571+0000] {logging_mixin.py:190} INFO - [2025-01-21T07:59:08.571+0000] {dagbag.py:588} INFO - Filling up the DagBag from /opt/airflow/dags/demo_dag_2.py
[2025-01-21T07:59:08.578+0000] {processor.py:925} INFO - DAG(s) 'demo_dag_2' retrieved from /opt/airflow/dags/demo_dag_2.py
[2025-01-21T07:59:08.592+0000] {logging_mixin.py:190} INFO - [2025-01-21T07:59:08.592+0000] {dag.py:3239} INFO - Sync 1 DAGs
[2025-01-21T07:59:08.602+0000] {logging_mixin.py:190} INFO - [2025-01-21T07:59:08.601+0000] {dag.py:4180} INFO - Setting next_dagrun for demo_dag_2 to 2025-01-31 00:00:00+00:00, run_after=2025-02-01 00:00:00+00:00
[2025-01-21T07:59:08.610+0000] {processor.py:208} INFO - Processing /opt/airflow/dags/demo_dag_2.py took 0.043 seconds
[2025-01-21T07:59:38.773+0000] {processor.py:186} INFO - Started process (PID=103) to work on /opt/airflow/dags/demo_dag_2.py
[2025-01-21T07:59:38.773+0000] {processor.py:914} INFO - Processing file /opt/airflow/dags/demo_dag_2.py for tasks to queue
[2025-01-21T07:59:38.774+0000] {logging_mixin.py:190} INFO - [2025-01-21T07:59:38.774+0000] {dagbag.py:588} INFO - Filling up the DagBag from /opt/airflow/dags/demo_dag_2.py
[2025-01-21T07:59:38.780+0000] {processor.py:925} INFO - DAG(s) 'demo_dag_2' retrieved from /opt/airflow/dags/demo_dag_2.py
[2025-01-21T07:59:38.793+0000] {logging_mixin.py:190} INFO - [2025-01-21T07:59:38.793+0000] {dag.py:3239} INFO - Sync 1 DAGs
[2025-01-21T07:59:38.801+0000] {logging_mixin.py:190} INFO - [2025-01-21T07:59:38.801+0000] {dag.py:4180} INFO - Setting next_dagrun for demo_dag_2 to 2025-01-31 00:00:00+00:00, run_after=2025-02-01 00:00:00+00:00
[2025-01-21T07:59:38.810+0000] {processor.py:208} INFO - Processing /opt/airflow/dags/demo_dag_2.py took 0.039 seconds
[2025-01-21T08:00:08.956+0000] {processor.py:186} INFO - Started process (PID=111) to work on /opt/airflow/dags/demo_dag_2.py
[2025-01-21T08:00:08.958+0000] {processor.py:914} INFO - Processing file /opt/airflow/dags/demo_dag_2.py for tasks to queue
[2025-01-21T08:00:08.960+0000] {logging_mixin.py:190} INFO - [2025-01-21T08:00:08.960+0000] {dagbag.py:588} INFO - Filling up the DagBag from /opt/airflow/dags/demo_dag_2.py
[2025-01-21T08:00:08.970+0000] {processor.py:925} INFO - DAG(s) 'demo_dag_2' retrieved from /opt/airflow/dags/demo_dag_2.py
[2025-01-21T08:00:09.006+0000] {logging_mixin.py:190} INFO - [2025-01-21T08:00:09.006+0000] {dag.py:3239} INFO - Sync 1 DAGs
[2025-01-21T08:00:09.157+0000] {logging_mixin.py:190} INFO - [2025-01-21T08:00:09.157+0000] {dag.py:4180} INFO - Setting next_dagrun for demo_dag_2 to 2025-01-31 00:00:00+00:00, run_after=2025-02-01 00:00:00+00:00
[2025-01-21T08:00:09.180+0000] {processor.py:208} INFO - Processing /opt/airflow/dags/demo_dag_2.py took 0.229 seconds
[2025-01-21T08:00:39.325+0000] {processor.py:186} INFO - Started process (PID=119) to work on /opt/airflow/dags/demo_dag_2.py
[2025-01-21T08:00:39.325+0000] {processor.py:914} INFO - Processing file /opt/airflow/dags/demo_dag_2.py for tasks to queue
[2025-01-21T08:00:39.327+0000] {logging_mixin.py:190} INFO - [2025-01-21T08:00:39.326+0000] {dagbag.py:588} INFO - Filling up the DagBag from /opt/airflow/dags/demo_dag_2.py
[2025-01-21T08:00:39.333+0000] {processor.py:925} INFO - DAG(s) 'demo_dag_2' retrieved from /opt/airflow/dags/demo_dag_2.py
[2025-01-21T08:00:39.343+0000] {logging_mixin.py:190} INFO - [2025-01-21T08:00:39.343+0000] {dag.py:3239} INFO - Sync 1 DAGs
[2025-01-21T08:00:39.422+0000] {logging_mixin.py:190} INFO - [2025-01-21T08:00:39.422+0000] {dag.py:4180} INFO - Setting next_dagrun for demo_dag_2 to 2025-01-31 00:00:00+00:00, run_after=2025-02-01 00:00:00+00:00
[2025-01-21T08:00:39.430+0000] {processor.py:208} INFO - Processing /opt/airflow/dags/demo_dag_2.py took 0.108 seconds
[2025-01-21T08:01:09.596+0000] {processor.py:186} INFO - Started process (PID=127) to work on /opt/airflow/dags/demo_dag_2.py
[2025-01-21T08:01:09.597+0000] {processor.py:914} INFO - Processing file /opt/airflow/dags/demo_dag_2.py for tasks to queue
[2025-01-21T08:01:09.599+0000] {logging_mixin.py:190} INFO - [2025-01-21T08:01:09.598+0000] {dagbag.py:588} INFO - Filling up the DagBag from /opt/airflow/dags/demo_dag_2.py
[2025-01-21T08:01:09.609+0000] {processor.py:925} INFO - DAG(s) 'demo_dag_2' retrieved from /opt/airflow/dags/demo_dag_2.py
[2025-01-21T08:01:09.698+0000] {logging_mixin.py:190} INFO - [2025-01-21T08:01:09.697+0000] {dag.py:3239} INFO - Sync 1 DAGs
[2025-01-21T08:01:09.706+0000] {logging_mixin.py:190} INFO - [2025-01-21T08:01:09.706+0000] {dag.py:4180} INFO - Setting next_dagrun for demo_dag_2 to 2025-01-31 00:00:00+00:00, run_after=2025-02-01 00:00:00+00:00
[2025-01-21T08:01:09.714+0000] {processor.py:208} INFO - Processing /opt/airflow/dags/demo_dag_2.py took 0.123 seconds
[2025-01-21T08:01:39.850+0000] {processor.py:186} INFO - Started process (PID=136) to work on /opt/airflow/dags/demo_dag_2.py
[2025-01-21T08:01:39.851+0000] {processor.py:914} INFO - Processing file /opt/airflow/dags/demo_dag_2.py for tasks to queue
[2025-01-21T08:01:39.852+0000] {logging_mixin.py:190} INFO - [2025-01-21T08:01:39.852+0000] {dagbag.py:588} INFO - Filling up the DagBag from /opt/airflow/dags/demo_dag_2.py
[2025-01-21T08:01:39.858+0000] {processor.py:925} INFO - DAG(s) 'demo_dag_2' retrieved from /opt/airflow/dags/demo_dag_2.py
[2025-01-21T08:01:39.874+0000] {logging_mixin.py:190} INFO - [2025-01-21T08:01:39.874+0000] {dag.py:3239} INFO - Sync 1 DAGs
[2025-01-21T08:01:39.884+0000] {logging_mixin.py:190} INFO - [2025-01-21T08:01:39.884+0000] {dag.py:4180} INFO - Setting next_dagrun for demo_dag_2 to 2025-01-31 00:00:00+00:00, run_after=2025-02-01 00:00:00+00:00
[2025-01-21T08:01:39.893+0000] {processor.py:208} INFO - Processing /opt/airflow/dags/demo_dag_2.py took 0.045 seconds
[2025-01-21T08:02:10.065+0000] {processor.py:186} INFO - Started process (PID=145) to work on /opt/airflow/dags/demo_dag_2.py
[2025-01-21T08:02:10.065+0000] {processor.py:914} INFO - Processing file /opt/airflow/dags/demo_dag_2.py for tasks to queue
[2025-01-21T08:02:10.067+0000] {logging_mixin.py:190} INFO - [2025-01-21T08:02:10.067+0000] {dagbag.py:588} INFO - Filling up the DagBag from /opt/airflow/dags/demo_dag_2.py
[2025-01-21T08:02:10.078+0000] {processor.py:925} INFO - DAG(s) 'demo_dag_2' retrieved from /opt/airflow/dags/demo_dag_2.py
[2025-01-21T08:02:10.094+0000] {logging_mixin.py:190} INFO - [2025-01-21T08:02:10.094+0000] {dag.py:3239} INFO - Sync 1 DAGs
[2025-01-21T08:02:10.105+0000] {logging_mixin.py:190} INFO - [2025-01-21T08:02:10.105+0000] {dag.py:4180} INFO - Setting next_dagrun for demo_dag_2 to 2025-01-31 00:00:00+00:00, run_after=2025-02-01 00:00:00+00:00
[2025-01-21T08:02:10.115+0000] {processor.py:208} INFO - Processing /opt/airflow/dags/demo_dag_2.py took 0.056 seconds
[2025-01-21T08:02:40.249+0000] {processor.py:186} INFO - Started process (PID=154) to work on /opt/airflow/dags/demo_dag_2.py
[2025-01-21T08:02:40.252+0000] {processor.py:914} INFO - Processing file /opt/airflow/dags/demo_dag_2.py for tasks to queue
[2025-01-21T08:02:40.253+0000] {logging_mixin.py:190} INFO - [2025-01-21T08:02:40.253+0000] {dagbag.py:588} INFO - Filling up the DagBag from /opt/airflow/dags/demo_dag_2.py
[2025-01-21T08:02:40.258+0000] {processor.py:925} INFO - DAG(s) 'demo_dag_2' retrieved from /opt/airflow/dags/demo_dag_2.py
[2025-01-21T08:02:40.272+0000] {logging_mixin.py:190} INFO - [2025-01-21T08:02:40.272+0000] {dag.py:3239} INFO - Sync 1 DAGs
[2025-01-21T08:02:40.281+0000] {logging_mixin.py:190} INFO - [2025-01-21T08:02:40.281+0000] {dag.py:4180} INFO - Setting next_dagrun for demo_dag_2 to 2025-01-31 00:00:00+00:00, run_after=2025-02-01 00:00:00+00:00
[2025-01-21T08:02:40.376+0000] {processor.py:208} INFO - Processing /opt/airflow/dags/demo_dag_2.py took 0.129 seconds
[2025-01-21T08:03:10.509+0000] {processor.py:186} INFO - Started process (PID=162) to work on /opt/airflow/dags/demo_dag_2.py
[2025-01-21T08:03:10.509+0000] {processor.py:914} INFO - Processing file /opt/airflow/dags/demo_dag_2.py for tasks to queue
[2025-01-21T08:03:10.512+0000] {logging_mixin.py:190} INFO - [2025-01-21T08:03:10.512+0000] {dagbag.py:588} INFO - Filling up the DagBag from /opt/airflow/dags/demo_dag_2.py
[2025-01-21T08:03:10.521+0000] {processor.py:925} INFO - DAG(s) 'demo_dag_2' retrieved from /opt/airflow/dags/demo_dag_2.py
[2025-01-21T08:03:10.536+0000] {logging_mixin.py:190} INFO - [2025-01-21T08:03:10.535+0000] {dag.py:3239} INFO - Sync 1 DAGs
[2025-01-21T08:03:10.621+0000] {logging_mixin.py:190} INFO - [2025-01-21T08:03:10.621+0000] {dag.py:4180} INFO - Setting next_dagrun for demo_dag_2 to 2025-01-31 00:00:00+00:00, run_after=2025-02-01 00:00:00+00:00
[2025-01-21T08:03:10.632+0000] {processor.py:208} INFO - Processing /opt/airflow/dags/demo_dag_2.py took 0.127 seconds
[2025-01-21T08:03:40.817+0000] {processor.py:186} INFO - Started process (PID=171) to work on /opt/airflow/dags/demo_dag_2.py
[2025-01-21T08:03:40.821+0000] {processor.py:914} INFO - Processing file /opt/airflow/dags/demo_dag_2.py for tasks to queue
[2025-01-21T08:03:40.822+0000] {logging_mixin.py:190} INFO - [2025-01-21T08:03:40.822+0000] {dagbag.py:588} INFO - Filling up the DagBag from /opt/airflow/dags/demo_dag_2.py
[2025-01-21T08:03:40.832+0000] {processor.py:925} INFO - DAG(s) 'demo_dag_2' retrieved from /opt/airflow/dags/demo_dag_2.py
[2025-01-21T08:03:40.848+0000] {logging_mixin.py:190} INFO - [2025-01-21T08:03:40.847+0000] {dag.py:3239} INFO - Sync 1 DAGs
[2025-01-21T08:03:40.930+0000] {logging_mixin.py:190} INFO - [2025-01-21T08:03:40.930+0000] {dag.py:4180} INFO - Setting next_dagrun for demo_dag_2 to 2025-01-31 00:00:00+00:00, run_after=2025-02-01 00:00:00+00:00
[2025-01-21T08:03:40.937+0000] {processor.py:208} INFO - Processing /opt/airflow/dags/demo_dag_2.py took 0.125 seconds
[2025-01-21T08:04:11.066+0000] {processor.py:186} INFO - Started process (PID=180) to work on /opt/airflow/dags/demo_dag_2.py
[2025-01-21T08:04:11.067+0000] {processor.py:914} INFO - Processing file /opt/airflow/dags/demo_dag_2.py for tasks to queue
[2025-01-21T08:04:11.068+0000] {logging_mixin.py:190} INFO - [2025-01-21T08:04:11.068+0000] {dagbag.py:588} INFO - Filling up the DagBag from /opt/airflow/dags/demo_dag_2.py
[2025-01-21T08:04:11.075+0000] {processor.py:925} INFO - DAG(s) 'demo_dag_2' retrieved from /opt/airflow/dags/demo_dag_2.py
[2025-01-21T08:04:11.157+0000] {logging_mixin.py:190} INFO - [2025-01-21T08:04:11.157+0000] {dag.py:3239} INFO - Sync 1 DAGs
[2025-01-21T08:04:11.167+0000] {logging_mixin.py:190} INFO - [2025-01-21T08:04:11.167+0000] {dag.py:4180} INFO - Setting next_dagrun for demo_dag_2 to 2025-01-31 00:00:00+00:00, run_after=2025-02-01 00:00:00+00:00
[2025-01-21T08:04:11.176+0000] {processor.py:208} INFO - Processing /opt/airflow/dags/demo_dag_2.py took 0.113 seconds
[2025-01-21T08:04:41.346+0000] {processor.py:186} INFO - Started process (PID=189) to work on /opt/airflow/dags/demo_dag_2.py
[2025-01-21T08:04:41.346+0000] {processor.py:914} INFO - Processing file /opt/airflow/dags/demo_dag_2.py for tasks to queue
[2025-01-21T08:04:41.347+0000] {logging_mixin.py:190} INFO - [2025-01-21T08:04:41.347+0000] {dagbag.py:588} INFO - Filling up the DagBag from /opt/airflow/dags/demo_dag_2.py
[2025-01-21T08:04:41.352+0000] {processor.py:925} INFO - DAG(s) 'demo_dag_2' retrieved from /opt/airflow/dags/demo_dag_2.py
[2025-01-21T08:04:41.370+0000] {logging_mixin.py:190} INFO - [2025-01-21T08:04:41.370+0000] {dag.py:3239} INFO - Sync 1 DAGs
[2025-01-21T08:04:41.383+0000] {logging_mixin.py:190} INFO - [2025-01-21T08:04:41.383+0000] {dag.py:4180} INFO - Setting next_dagrun for demo_dag_2 to 2025-01-31 00:00:00+00:00, run_after=2025-02-01 00:00:00+00:00
[2025-01-21T08:04:41.393+0000] {processor.py:208} INFO - Processing /opt/airflow/dags/demo_dag_2.py took 0.053 seconds
[2025-01-21T08:05:11.557+0000] {processor.py:186} INFO - Started process (PID=198) to work on /opt/airflow/dags/demo_dag_2.py
[2025-01-21T08:05:11.557+0000] {processor.py:914} INFO - Processing file /opt/airflow/dags/demo_dag_2.py for tasks to queue
[2025-01-21T08:05:11.559+0000] {logging_mixin.py:190} INFO - [2025-01-21T08:05:11.558+0000] {dagbag.py:588} INFO - Filling up the DagBag from /opt/airflow/dags/demo_dag_2.py
[2025-01-21T08:05:11.564+0000] {processor.py:925} INFO - DAG(s) 'demo_dag_2' retrieved from /opt/airflow/dags/demo_dag_2.py
[2025-01-21T08:05:11.576+0000] {logging_mixin.py:190} INFO - [2025-01-21T08:05:11.576+0000] {dag.py:3239} INFO - Sync 1 DAGs
[2025-01-21T08:05:11.585+0000] {logging_mixin.py:190} INFO - [2025-01-21T08:05:11.585+0000] {dag.py:4180} INFO - Setting next_dagrun for demo_dag_2 to 2025-01-31 00:00:00+00:00, run_after=2025-02-01 00:00:00+00:00
[2025-01-21T08:05:11.594+0000] {processor.py:208} INFO - Processing /opt/airflow/dags/demo_dag_2.py took 0.039 seconds
[2025-01-21T08:05:41.772+0000] {processor.py:186} INFO - Started process (PID=207) to work on /opt/airflow/dags/demo_dag_2.py
[2025-01-21T08:05:41.772+0000] {processor.py:914} INFO - Processing file /opt/airflow/dags/demo_dag_2.py for tasks to queue
[2025-01-21T08:05:41.773+0000] {logging_mixin.py:190} INFO - [2025-01-21T08:05:41.773+0000] {dagbag.py:588} INFO - Filling up the DagBag from /opt/airflow/dags/demo_dag_2.py
[2025-01-21T08:05:41.779+0000] {processor.py:925} INFO - DAG(s) 'demo_dag_2' retrieved from /opt/airflow/dags/demo_dag_2.py
[2025-01-21T08:05:41.790+0000] {logging_mixin.py:190} INFO - [2025-01-21T08:05:41.790+0000] {dag.py:3239} INFO - Sync 1 DAGs
[2025-01-21T08:05:41.799+0000] {logging_mixin.py:190} INFO - [2025-01-21T08:05:41.799+0000] {dag.py:4180} INFO - Setting next_dagrun for demo_dag_2 to 2025-01-31 00:00:00+00:00, run_after=2025-02-01 00:00:00+00:00
[2025-01-21T08:05:41.890+0000] {processor.py:208} INFO - Processing /opt/airflow/dags/demo_dag_2.py took 0.121 seconds
[2025-01-21T08:06:12.068+0000] {processor.py:186} INFO - Started process (PID=216) to work on /opt/airflow/dags/demo_dag_2.py
[2025-01-21T08:06:12.070+0000] {processor.py:914} INFO - Processing file /opt/airflow/dags/demo_dag_2.py for tasks to queue
[2025-01-21T08:06:12.072+0000] {logging_mixin.py:190} INFO - [2025-01-21T08:06:12.072+0000] {dagbag.py:588} INFO - Filling up the DagBag from /opt/airflow/dags/demo_dag_2.py
[2025-01-21T08:06:12.077+0000] {processor.py:925} INFO - DAG(s) 'demo_dag_2' retrieved from /opt/airflow/dags/demo_dag_2.py
[2025-01-21T08:06:12.091+0000] {logging_mixin.py:190} INFO - [2025-01-21T08:06:12.091+0000] {dag.py:3239} INFO - Sync 1 DAGs
[2025-01-21T08:06:12.181+0000] {logging_mixin.py:190} INFO - [2025-01-21T08:06:12.180+0000] {dag.py:4180} INFO - Setting next_dagrun for demo_dag_2 to 2025-01-31 00:00:00+00:00, run_after=2025-02-01 00:00:00+00:00
[2025-01-21T08:06:12.190+0000] {processor.py:208} INFO - Processing /opt/airflow/dags/demo_dag_2.py took 0.125 seconds
[2025-01-21T08:06:42.392+0000] {processor.py:186} INFO - Started process (PID=225) to work on /opt/airflow/dags/demo_dag_2.py
[2025-01-21T08:06:42.393+0000] {processor.py:914} INFO - Processing file /opt/airflow/dags/demo_dag_2.py for tasks to queue
[2025-01-21T08:06:42.394+0000] {logging_mixin.py:190} INFO - [2025-01-21T08:06:42.394+0000] {dagbag.py:588} INFO - Filling up the DagBag from /opt/airflow/dags/demo_dag_2.py
[2025-01-21T08:06:42.399+0000] {processor.py:925} INFO - DAG(s) 'demo_dag_2' retrieved from /opt/airflow/dags/demo_dag_2.py
[2025-01-21T08:06:42.488+0000] {logging_mixin.py:190} INFO - [2025-01-21T08:06:42.488+0000] {dag.py:3239} INFO - Sync 1 DAGs
[2025-01-21T08:06:42.495+0000] {logging_mixin.py:190} INFO - [2025-01-21T08:06:42.495+0000] {dag.py:4180} INFO - Setting next_dagrun for demo_dag_2 to 2025-01-31 00:00:00+00:00, run_after=2025-02-01 00:00:00+00:00
[2025-01-21T08:06:42.503+0000] {processor.py:208} INFO - Processing /opt/airflow/dags/demo_dag_2.py took 0.113 seconds
[2025-01-21T08:07:12.676+0000] {processor.py:186} INFO - Started process (PID=234) to work on /opt/airflow/dags/demo_dag_2.py
[2025-01-21T08:07:12.677+0000] {processor.py:914} INFO - Processing file /opt/airflow/dags/demo_dag_2.py for tasks to queue
[2025-01-21T08:07:12.679+0000] {logging_mixin.py:190} INFO - [2025-01-21T08:07:12.679+0000] {dagbag.py:588} INFO - Filling up the DagBag from /opt/airflow/dags/demo_dag_2.py
[2025-01-21T08:07:12.761+0000] {processor.py:925} INFO - DAG(s) 'demo_dag_2' retrieved from /opt/airflow/dags/demo_dag_2.py
[2025-01-21T08:07:12.772+0000] {logging_mixin.py:190} INFO - [2025-01-21T08:07:12.772+0000] {dag.py:3239} INFO - Sync 1 DAGs
[2025-01-21T08:07:12.781+0000] {logging_mixin.py:190} INFO - [2025-01-21T08:07:12.781+0000] {dag.py:4180} INFO - Setting next_dagrun for demo_dag_2 to 2025-01-31 00:00:00+00:00, run_after=2025-02-01 00:00:00+00:00
[2025-01-21T08:07:12.787+0000] {processor.py:208} INFO - Processing /opt/airflow/dags/demo_dag_2.py took 0.113 seconds
[2025-01-21T08:07:43.014+0000] {processor.py:186} INFO - Started process (PID=243) to work on /opt/airflow/dags/demo_dag_2.py
[2025-01-21T08:07:43.014+0000] {processor.py:914} INFO - Processing file /opt/airflow/dags/demo_dag_2.py for tasks to queue
[2025-01-21T08:07:43.015+0000] {logging_mixin.py:190} INFO - [2025-01-21T08:07:43.015+0000] {dagbag.py:588} INFO - Filling up the DagBag from /opt/airflow/dags/demo_dag_2.py
[2025-01-21T08:07:43.020+0000] {processor.py:925} INFO - DAG(s) 'demo_dag_2' retrieved from /opt/airflow/dags/demo_dag_2.py
[2025-01-21T08:07:43.035+0000] {logging_mixin.py:190} INFO - [2025-01-21T08:07:43.035+0000] {dag.py:3239} INFO - Sync 1 DAGs
[2025-01-21T08:07:43.045+0000] {logging_mixin.py:190} INFO - [2025-01-21T08:07:43.045+0000] {dag.py:4180} INFO - Setting next_dagrun for demo_dag_2 to 2025-01-31 00:00:00+00:00, run_after=2025-02-01 00:00:00+00:00
[2025-01-21T08:07:43.054+0000] {processor.py:208} INFO - Processing /opt/airflow/dags/demo_dag_2.py took 0.043 seconds
[2025-01-21T08:08:13.218+0000] {processor.py:186} INFO - Started process (PID=251) to work on /opt/airflow/dags/demo_dag_2.py
[2025-01-21T08:08:13.219+0000] {processor.py:914} INFO - Processing file /opt/airflow/dags/demo_dag_2.py for tasks to queue
[2025-01-21T08:08:13.220+0000] {logging_mixin.py:190} INFO - [2025-01-21T08:08:13.220+0000] {dagbag.py:588} INFO - Filling up the DagBag from /opt/airflow/dags/demo_dag_2.py
[2025-01-21T08:08:13.227+0000] {processor.py:925} INFO - DAG(s) 'demo_dag_2' retrieved from /opt/airflow/dags/demo_dag_2.py
[2025-01-21T08:08:13.243+0000] {logging_mixin.py:190} INFO - [2025-01-21T08:08:13.243+0000] {dag.py:3239} INFO - Sync 1 DAGs
[2025-01-21T08:08:13.256+0000] {logging_mixin.py:190} INFO - [2025-01-21T08:08:13.255+0000] {dag.py:4180} INFO - Setting next_dagrun for demo_dag_2 to 2025-01-31 00:00:00+00:00, run_after=2025-02-01 00:00:00+00:00
[2025-01-21T08:08:13.266+0000] {processor.py:208} INFO - Processing /opt/airflow/dags/demo_dag_2.py took 0.051 seconds
[2025-01-21T08:08:43.403+0000] {processor.py:186} INFO - Started process (PID=260) to work on /opt/airflow/dags/demo_dag_2.py
[2025-01-21T08:08:43.404+0000] {processor.py:914} INFO - Processing file /opt/airflow/dags/demo_dag_2.py for tasks to queue
[2025-01-21T08:08:43.406+0000] {logging_mixin.py:190} INFO - [2025-01-21T08:08:43.406+0000] {dagbag.py:588} INFO - Filling up the DagBag from /opt/airflow/dags/demo_dag_2.py
[2025-01-21T08:08:43.413+0000] {processor.py:925} INFO - DAG(s) 'demo_dag_2' retrieved from /opt/airflow/dags/demo_dag_2.py
[2025-01-21T08:08:43.427+0000] {logging_mixin.py:190} INFO - [2025-01-21T08:08:43.427+0000] {dag.py:3239} INFO - Sync 1 DAGs
[2025-01-21T08:08:43.438+0000] {logging_mixin.py:190} INFO - [2025-01-21T08:08:43.438+0000] {dag.py:4180} INFO - Setting next_dagrun for demo_dag_2 to 2025-01-31 00:00:00+00:00, run_after=2025-02-01 00:00:00+00:00
[2025-01-21T08:08:43.445+0000] {processor.py:208} INFO - Processing /opt/airflow/dags/demo_dag_2.py took 0.044 seconds
[2025-01-21T08:09:13.619+0000] {processor.py:186} INFO - Started process (PID=268) to work on /opt/airflow/dags/demo_dag_2.py
[2025-01-21T08:09:13.619+0000] {processor.py:914} INFO - Processing file /opt/airflow/dags/demo_dag_2.py for tasks to queue
[2025-01-21T08:09:13.621+0000] {logging_mixin.py:190} INFO - [2025-01-21T08:09:13.621+0000] {dagbag.py:588} INFO - Filling up the DagBag from /opt/airflow/dags/demo_dag_2.py
[2025-01-21T08:09:13.626+0000] {processor.py:925} INFO - DAG(s) 'demo_dag_2' retrieved from /opt/airflow/dags/demo_dag_2.py
[2025-01-21T08:09:13.641+0000] {logging_mixin.py:190} INFO - [2025-01-21T08:09:13.641+0000] {dag.py:3239} INFO - Sync 1 DAGs
[2025-01-21T08:09:13.649+0000] {logging_mixin.py:190} INFO - [2025-01-21T08:09:13.649+0000] {dag.py:4180} INFO - Setting next_dagrun for demo_dag_2 to 2025-01-31 00:00:00+00:00, run_after=2025-02-01 00:00:00+00:00
[2025-01-21T08:09:13.659+0000] {processor.py:208} INFO - Processing /opt/airflow/dags/demo_dag_2.py took 0.043 seconds
[2025-01-21T08:09:43.838+0000] {processor.py:186} INFO - Started process (PID=277) to work on /opt/airflow/dags/demo_dag_2.py
[2025-01-21T08:09:43.838+0000] {processor.py:914} INFO - Processing file /opt/airflow/dags/demo_dag_2.py for tasks to queue
[2025-01-21T08:09:43.839+0000] {logging_mixin.py:190} INFO - [2025-01-21T08:09:43.839+0000] {dagbag.py:588} INFO - Filling up the DagBag from /opt/airflow/dags/demo_dag_2.py
[2025-01-21T08:09:43.845+0000] {processor.py:925} INFO - DAG(s) 'demo_dag_2' retrieved from /opt/airflow/dags/demo_dag_2.py
[2025-01-21T08:09:43.857+0000] {logging_mixin.py:190} INFO - [2025-01-21T08:09:43.857+0000] {dag.py:3239} INFO - Sync 1 DAGs
[2025-01-21T08:09:43.867+0000] {logging_mixin.py:190} INFO - [2025-01-21T08:09:43.867+0000] {dag.py:4180} INFO - Setting next_dagrun for demo_dag_2 to 2025-01-31 00:00:00+00:00, run_after=2025-02-01 00:00:00+00:00
[2025-01-21T08:09:43.876+0000] {processor.py:208} INFO - Processing /opt/airflow/dags/demo_dag_2.py took 0.042 seconds
[2025-01-21T08:10:14.035+0000] {processor.py:186} INFO - Started process (PID=286) to work on /opt/airflow/dags/demo_dag_2.py
[2025-01-21T08:10:14.036+0000] {processor.py:914} INFO - Processing file /opt/airflow/dags/demo_dag_2.py for tasks to queue
[2025-01-21T08:10:14.037+0000] {logging_mixin.py:190} INFO - [2025-01-21T08:10:14.037+0000] {dagbag.py:588} INFO - Filling up the DagBag from /opt/airflow/dags/demo_dag_2.py
[2025-01-21T08:10:14.046+0000] {processor.py:925} INFO - DAG(s) 'demo_dag_2' retrieved from /opt/airflow/dags/demo_dag_2.py
[2025-01-21T08:10:14.057+0000] {logging_mixin.py:190} INFO - [2025-01-21T08:10:14.057+0000] {dag.py:3239} INFO - Sync 1 DAGs
[2025-01-21T08:10:14.069+0000] {logging_mixin.py:190} INFO - [2025-01-21T08:10:14.069+0000] {dag.py:4180} INFO - Setting next_dagrun for demo_dag_2 to 2025-01-31 00:00:00+00:00, run_after=2025-02-01 00:00:00+00:00
[2025-01-21T08:10:14.078+0000] {processor.py:208} INFO - Processing /opt/airflow/dags/demo_dag_2.py took 0.045 seconds
[2025-01-21T08:11:14.132+0000] {processor.py:186} INFO - Started process (PID=51) to work on /opt/airflow/dags/demo_dag_2.py
[2025-01-21T08:11:14.132+0000] {processor.py:914} INFO - Processing file /opt/airflow/dags/demo_dag_2.py for tasks to queue
[2025-01-21T08:11:14.133+0000] {logging_mixin.py:190} INFO - [2025-01-21T08:11:14.133+0000] {dagbag.py:588} INFO - Filling up the DagBag from /opt/airflow/dags/demo_dag_2.py
[2025-01-21T08:11:14.142+0000] {processor.py:925} INFO - DAG(s) 'demo_dag_2' retrieved from /opt/airflow/dags/demo_dag_2.py
[2025-01-21T08:11:14.199+0000] {logging_mixin.py:190} INFO - [2025-01-21T08:11:14.199+0000] {override.py:1911} INFO - Created Permission View: can read on DAG:demo_dag_2
[2025-01-21T08:11:14.204+0000] {logging_mixin.py:190} INFO - [2025-01-21T08:11:14.204+0000] {override.py:1911} INFO - Created Permission View: can edit on DAG:demo_dag_2
[2025-01-21T08:11:14.207+0000] {logging_mixin.py:190} INFO - [2025-01-21T08:11:14.207+0000] {override.py:1911} INFO - Created Permission View: can delete on DAG:demo_dag_2
[2025-01-21T08:11:14.210+0000] {logging_mixin.py:190} INFO - [2025-01-21T08:11:14.210+0000] {override.py:1911} INFO - Created Permission View: can read on DAG Run:demo_dag_2
[2025-01-21T08:11:14.213+0000] {logging_mixin.py:190} INFO - [2025-01-21T08:11:14.213+0000] {override.py:1911} INFO - Created Permission View: menu access on DAG Run:demo_dag_2
[2025-01-21T08:11:14.215+0000] {logging_mixin.py:190} INFO - [2025-01-21T08:11:14.215+0000] {override.py:1911} INFO - Created Permission View: can create on DAG Run:demo_dag_2
[2025-01-21T08:11:14.218+0000] {logging_mixin.py:190} INFO - [2025-01-21T08:11:14.218+0000] {override.py:1911} INFO - Created Permission View: can delete on DAG Run:demo_dag_2
[2025-01-21T08:11:14.219+0000] {logging_mixin.py:190} INFO - [2025-01-21T08:11:14.219+0000] {dag.py:3239} INFO - Sync 1 DAGs
[2025-01-21T08:11:14.225+0000] {logging_mixin.py:190} INFO - [2025-01-21T08:11:14.225+0000] {dag.py:3262} INFO - Creating ORM DAG for demo_dag_2
[2025-01-21T08:11:14.230+0000] {logging_mixin.py:190} INFO - [2025-01-21T08:11:14.230+0000] {dag.py:4180} INFO - Setting next_dagrun for demo_dag_2 to 2025-01-31 00:00:00+00:00, run_after=2025-02-01 00:00:00+00:00
[2025-01-21T08:11:14.339+0000] {processor.py:208} INFO - Processing /opt/airflow/dags/demo_dag_2.py took 0.209 seconds
[2025-01-21T08:11:44.615+0000] {processor.py:186} INFO - Started process (PID=60) to work on /opt/airflow/dags/demo_dag_2.py
[2025-01-21T08:11:44.616+0000] {processor.py:914} INFO - Processing file /opt/airflow/dags/demo_dag_2.py for tasks to queue
[2025-01-21T08:11:44.618+0000] {logging_mixin.py:190} INFO - [2025-01-21T08:11:44.617+0000] {dagbag.py:588} INFO - Filling up the DagBag from /opt/airflow/dags/demo_dag_2.py
[2025-01-21T08:11:44.631+0000] {processor.py:925} INFO - DAG(s) 'demo_dag_2' retrieved from /opt/airflow/dags/demo_dag_2.py
[2025-01-21T08:11:44.647+0000] {logging_mixin.py:190} INFO - [2025-01-21T08:11:44.647+0000] {dag.py:3239} INFO - Sync 1 DAGs
[2025-01-21T08:11:44.660+0000] {logging_mixin.py:190} INFO - [2025-01-21T08:11:44.660+0000] {dag.py:4180} INFO - Setting next_dagrun for demo_dag_2 to 2025-01-31 00:00:00+00:00, run_after=2025-02-01 00:00:00+00:00
[2025-01-21T08:11:44.670+0000] {processor.py:208} INFO - Processing /opt/airflow/dags/demo_dag_2.py took 0.058 seconds
[2025-01-21T08:12:14.958+0000] {processor.py:186} INFO - Started process (PID=69) to work on /opt/airflow/dags/demo_dag_2.py
[2025-01-21T08:12:14.961+0000] {processor.py:914} INFO - Processing file /opt/airflow/dags/demo_dag_2.py for tasks to queue
[2025-01-21T08:12:14.962+0000] {logging_mixin.py:190} INFO - [2025-01-21T08:12:14.961+0000] {dagbag.py:588} INFO - Filling up the DagBag from /opt/airflow/dags/demo_dag_2.py
[2025-01-21T08:12:14.968+0000] {processor.py:925} INFO - DAG(s) 'demo_dag_2' retrieved from /opt/airflow/dags/demo_dag_2.py
[2025-01-21T08:12:14.981+0000] {logging_mixin.py:190} INFO - [2025-01-21T08:12:14.981+0000] {dag.py:3239} INFO - Sync 1 DAGs
[2025-01-21T08:12:14.995+0000] {logging_mixin.py:190} INFO - [2025-01-21T08:12:14.995+0000] {dag.py:4180} INFO - Setting next_dagrun for demo_dag_2 to 2025-01-31 00:00:00+00:00, run_after=2025-02-01 00:00:00+00:00
[2025-01-21T08:12:15.005+0000] {processor.py:208} INFO - Processing /opt/airflow/dags/demo_dag_2.py took 0.049 seconds
[2025-01-21T08:12:45.318+0000] {processor.py:186} INFO - Started process (PID=78) to work on /opt/airflow/dags/demo_dag_2.py
[2025-01-21T08:12:45.319+0000] {processor.py:914} INFO - Processing file /opt/airflow/dags/demo_dag_2.py for tasks to queue
[2025-01-21T08:12:45.321+0000] {logging_mixin.py:190} INFO - [2025-01-21T08:12:45.321+0000] {dagbag.py:588} INFO - Filling up the DagBag from /opt/airflow/dags/demo_dag_2.py
[2025-01-21T08:12:45.330+0000] {processor.py:925} INFO - DAG(s) 'demo_dag_2' retrieved from /opt/airflow/dags/demo_dag_2.py
[2025-01-21T08:12:45.343+0000] {logging_mixin.py:190} INFO - [2025-01-21T08:12:45.343+0000] {dag.py:3239} INFO - Sync 1 DAGs
[2025-01-21T08:12:45.355+0000] {logging_mixin.py:190} INFO - [2025-01-21T08:12:45.355+0000] {dag.py:4180} INFO - Setting next_dagrun for demo_dag_2 to 2025-01-31 00:00:00+00:00, run_after=2025-02-01 00:00:00+00:00
[2025-01-21T08:12:45.364+0000] {processor.py:208} INFO - Processing /opt/airflow/dags/demo_dag_2.py took 0.050 seconds
[2025-01-21T08:13:15.647+0000] {processor.py:186} INFO - Started process (PID=93) to work on /opt/airflow/dags/demo_dag_2.py
[2025-01-21T08:13:15.648+0000] {processor.py:914} INFO - Processing file /opt/airflow/dags/demo_dag_2.py for tasks to queue
[2025-01-21T08:13:15.649+0000] {logging_mixin.py:190} INFO - [2025-01-21T08:13:15.649+0000] {dagbag.py:588} INFO - Filling up the DagBag from /opt/airflow/dags/demo_dag_2.py
[2025-01-21T08:13:15.658+0000] {processor.py:925} INFO - DAG(s) 'demo_dag_2' retrieved from /opt/airflow/dags/demo_dag_2.py
[2025-01-21T08:13:15.670+0000] {logging_mixin.py:190} INFO - [2025-01-21T08:13:15.670+0000] {dag.py:3239} INFO - Sync 1 DAGs
[2025-01-21T08:13:15.683+0000] {logging_mixin.py:190} INFO - [2025-01-21T08:13:15.683+0000] {dag.py:4180} INFO - Setting next_dagrun for demo_dag_2 to 2025-01-31 00:00:00+00:00, run_after=2025-02-01 00:00:00+00:00
[2025-01-21T08:13:15.690+0000] {processor.py:208} INFO - Processing /opt/airflow/dags/demo_dag_2.py took 0.046 seconds
[2025-01-21T08:13:46.002+0000] {processor.py:186} INFO - Started process (PID=102) to work on /opt/airflow/dags/demo_dag_2.py
[2025-01-21T08:13:46.003+0000] {processor.py:914} INFO - Processing file /opt/airflow/dags/demo_dag_2.py for tasks to queue
[2025-01-21T08:13:46.005+0000] {logging_mixin.py:190} INFO - [2025-01-21T08:13:46.005+0000] {dagbag.py:588} INFO - Filling up the DagBag from /opt/airflow/dags/demo_dag_2.py
[2025-01-21T08:13:46.012+0000] {processor.py:925} INFO - DAG(s) 'demo_dag_2' retrieved from /opt/airflow/dags/demo_dag_2.py
[2025-01-21T08:13:46.026+0000] {logging_mixin.py:190} INFO - [2025-01-21T08:13:46.025+0000] {dag.py:3239} INFO - Sync 1 DAGs
[2025-01-21T08:13:46.039+0000] {logging_mixin.py:190} INFO - [2025-01-21T08:13:46.038+0000] {dag.py:4180} INFO - Setting next_dagrun for demo_dag_2 to 2025-01-31 00:00:00+00:00, run_after=2025-02-01 00:00:00+00:00
[2025-01-21T08:13:46.048+0000] {processor.py:208} INFO - Processing /opt/airflow/dags/demo_dag_2.py took 0.050 seconds
[2025-01-21T08:14:16.380+0000] {processor.py:186} INFO - Started process (PID=111) to work on /opt/airflow/dags/demo_dag_2.py
[2025-01-21T08:14:16.381+0000] {processor.py:914} INFO - Processing file /opt/airflow/dags/demo_dag_2.py for tasks to queue
[2025-01-21T08:14:16.385+0000] {logging_mixin.py:190} INFO - [2025-01-21T08:14:16.385+0000] {dagbag.py:588} INFO - Filling up the DagBag from /opt/airflow/dags/demo_dag_2.py
[2025-01-21T08:14:16.395+0000] {processor.py:925} INFO - DAG(s) 'demo_dag_2' retrieved from /opt/airflow/dags/demo_dag_2.py
[2025-01-21T08:14:16.409+0000] {logging_mixin.py:190} INFO - [2025-01-21T08:14:16.409+0000] {dag.py:3239} INFO - Sync 1 DAGs
[2025-01-21T08:14:16.422+0000] {logging_mixin.py:190} INFO - [2025-01-21T08:14:16.421+0000] {dag.py:4180} INFO - Setting next_dagrun for demo_dag_2 to 2025-01-31 00:00:00+00:00, run_after=2025-02-01 00:00:00+00:00
[2025-01-21T08:14:16.430+0000] {processor.py:208} INFO - Processing /opt/airflow/dags/demo_dag_2.py took 0.055 seconds
[2025-01-21T08:14:46.734+0000] {processor.py:186} INFO - Started process (PID=120) to work on /opt/airflow/dags/demo_dag_2.py
[2025-01-21T08:14:46.734+0000] {processor.py:914} INFO - Processing file /opt/airflow/dags/demo_dag_2.py for tasks to queue
[2025-01-21T08:14:46.739+0000] {logging_mixin.py:190} INFO - [2025-01-21T08:14:46.739+0000] {dagbag.py:588} INFO - Filling up the DagBag from /opt/airflow/dags/demo_dag_2.py
[2025-01-21T08:14:46.747+0000] {processor.py:925} INFO - DAG(s) 'demo_dag_2' retrieved from /opt/airflow/dags/demo_dag_2.py
[2025-01-21T08:14:46.761+0000] {logging_mixin.py:190} INFO - [2025-01-21T08:14:46.761+0000] {dag.py:3239} INFO - Sync 1 DAGs
[2025-01-21T08:14:46.867+0000] {logging_mixin.py:190} INFO - [2025-01-21T08:14:46.867+0000] {dag.py:4180} INFO - Setting next_dagrun for demo_dag_2 to 2025-01-31 00:00:00+00:00, run_after=2025-02-01 00:00:00+00:00
[2025-01-21T08:14:46.876+0000] {processor.py:208} INFO - Processing /opt/airflow/dags/demo_dag_2.py took 0.148 seconds
[2025-01-21T08:15:17.151+0000] {processor.py:186} INFO - Started process (PID=129) to work on /opt/airflow/dags/demo_dag_2.py
[2025-01-21T08:15:17.152+0000] {processor.py:914} INFO - Processing file /opt/airflow/dags/demo_dag_2.py for tasks to queue
[2025-01-21T08:15:17.155+0000] {logging_mixin.py:190} INFO - [2025-01-21T08:15:17.154+0000] {dagbag.py:588} INFO - Filling up the DagBag from /opt/airflow/dags/demo_dag_2.py
[2025-01-21T08:15:17.167+0000] {processor.py:925} INFO - DAG(s) 'demo_dag_2' retrieved from /opt/airflow/dags/demo_dag_2.py
[2025-01-21T08:15:17.180+0000] {logging_mixin.py:190} INFO - [2025-01-21T08:15:17.179+0000] {dag.py:3239} INFO - Sync 1 DAGs
[2025-01-21T08:15:17.261+0000] {logging_mixin.py:190} INFO - [2025-01-21T08:15:17.261+0000] {dag.py:4180} INFO - Setting next_dagrun for demo_dag_2 to 2025-01-31 00:00:00+00:00, run_after=2025-02-01 00:00:00+00:00
[2025-01-21T08:15:17.269+0000] {processor.py:208} INFO - Processing /opt/airflow/dags/demo_dag_2.py took 0.122 seconds
[2025-01-21T08:15:47.613+0000] {processor.py:186} INFO - Started process (PID=138) to work on /opt/airflow/dags/demo_dag_2.py
[2025-01-21T08:15:47.613+0000] {processor.py:914} INFO - Processing file /opt/airflow/dags/demo_dag_2.py for tasks to queue
[2025-01-21T08:15:47.619+0000] {logging_mixin.py:190} INFO - [2025-01-21T08:15:47.619+0000] {dagbag.py:588} INFO - Filling up the DagBag from /opt/airflow/dags/demo_dag_2.py
[2025-01-21T08:15:47.625+0000] {processor.py:925} INFO - DAG(s) 'demo_dag_2' retrieved from /opt/airflow/dags/demo_dag_2.py
[2025-01-21T08:15:47.715+0000] {logging_mixin.py:190} INFO - [2025-01-21T08:15:47.715+0000] {dag.py:3239} INFO - Sync 1 DAGs
[2025-01-21T08:15:47.724+0000] {logging_mixin.py:190} INFO - [2025-01-21T08:15:47.724+0000] {dag.py:4180} INFO - Setting next_dagrun for demo_dag_2 to 2025-01-31 00:00:00+00:00, run_after=2025-02-01 00:00:00+00:00
[2025-01-21T08:15:47.731+0000] {processor.py:208} INFO - Processing /opt/airflow/dags/demo_dag_2.py took 0.122 seconds
[2025-01-21T08:16:18.057+0000] {processor.py:186} INFO - Started process (PID=147) to work on /opt/airflow/dags/demo_dag_2.py
[2025-01-21T08:16:18.058+0000] {processor.py:914} INFO - Processing file /opt/airflow/dags/demo_dag_2.py for tasks to queue
[2025-01-21T08:16:18.059+0000] {logging_mixin.py:190} INFO - [2025-01-21T08:16:18.059+0000] {dagbag.py:588} INFO - Filling up the DagBag from /opt/airflow/dags/demo_dag_2.py
[2025-01-21T08:16:18.071+0000] {processor.py:925} INFO - DAG(s) 'demo_dag_2' retrieved from /opt/airflow/dags/demo_dag_2.py
[2025-01-21T08:16:18.089+0000] {logging_mixin.py:190} INFO - [2025-01-21T08:16:18.089+0000] {dag.py:3239} INFO - Sync 1 DAGs
[2025-01-21T08:16:18.101+0000] {logging_mixin.py:190} INFO - [2025-01-21T08:16:18.101+0000] {dag.py:4180} INFO - Setting next_dagrun for demo_dag_2 to 2025-01-31 00:00:00+00:00, run_after=2025-02-01 00:00:00+00:00
[2025-01-21T08:16:18.111+0000] {processor.py:208} INFO - Processing /opt/airflow/dags/demo_dag_2.py took 0.059 seconds
[2025-01-21T08:16:48.441+0000] {processor.py:186} INFO - Started process (PID=156) to work on /opt/airflow/dags/demo_dag_2.py
[2025-01-21T08:16:48.442+0000] {processor.py:914} INFO - Processing file /opt/airflow/dags/demo_dag_2.py for tasks to queue
[2025-01-21T08:16:48.443+0000] {logging_mixin.py:190} INFO - [2025-01-21T08:16:48.443+0000] {dagbag.py:588} INFO - Filling up the DagBag from /opt/airflow/dags/demo_dag_2.py
[2025-01-21T08:16:48.452+0000] {processor.py:925} INFO - DAG(s) 'demo_dag_2' retrieved from /opt/airflow/dags/demo_dag_2.py
[2025-01-21T08:16:48.468+0000] {logging_mixin.py:190} INFO - [2025-01-21T08:16:48.467+0000] {dag.py:3239} INFO - Sync 1 DAGs
[2025-01-21T08:16:48.478+0000] {logging_mixin.py:190} INFO - [2025-01-21T08:16:48.478+0000] {dag.py:4180} INFO - Setting next_dagrun for demo_dag_2 to 2025-01-31 00:00:00+00:00, run_after=2025-02-01 00:00:00+00:00
[2025-01-21T08:16:48.488+0000] {processor.py:208} INFO - Processing /opt/airflow/dags/demo_dag_2.py took 0.050 seconds
[2025-01-21T08:17:18.816+0000] {processor.py:186} INFO - Started process (PID=165) to work on /opt/airflow/dags/demo_dag_2.py
[2025-01-21T08:17:18.817+0000] {processor.py:914} INFO - Processing file /opt/airflow/dags/demo_dag_2.py for tasks to queue
[2025-01-21T08:17:18.819+0000] {logging_mixin.py:190} INFO - [2025-01-21T08:17:18.819+0000] {dagbag.py:588} INFO - Filling up the DagBag from /opt/airflow/dags/demo_dag_2.py
[2025-01-21T08:17:18.828+0000] {processor.py:925} INFO - DAG(s) 'demo_dag_2' retrieved from /opt/airflow/dags/demo_dag_2.py
[2025-01-21T08:17:18.842+0000] {logging_mixin.py:190} INFO - [2025-01-21T08:17:18.842+0000] {dag.py:3239} INFO - Sync 1 DAGs
[2025-01-21T08:17:18.852+0000] {logging_mixin.py:190} INFO - [2025-01-21T08:17:18.852+0000] {dag.py:4180} INFO - Setting next_dagrun for demo_dag_2 to 2025-01-31 00:00:00+00:00, run_after=2025-02-01 00:00:00+00:00
[2025-01-21T08:17:18.938+0000] {processor.py:208} INFO - Processing /opt/airflow/dags/demo_dag_2.py took 0.127 seconds
[2025-01-21T08:17:49.265+0000] {processor.py:186} INFO - Started process (PID=174) to work on /opt/airflow/dags/demo_dag_2.py
[2025-01-21T08:17:49.266+0000] {processor.py:914} INFO - Processing file /opt/airflow/dags/demo_dag_2.py for tasks to queue
[2025-01-21T08:17:49.268+0000] {logging_mixin.py:190} INFO - [2025-01-21T08:17:49.268+0000] {dagbag.py:588} INFO - Filling up the DagBag from /opt/airflow/dags/demo_dag_2.py
[2025-01-21T08:17:49.277+0000] {processor.py:925} INFO - DAG(s) 'demo_dag_2' retrieved from /opt/airflow/dags/demo_dag_2.py
[2025-01-21T08:17:49.291+0000] {logging_mixin.py:190} INFO - [2025-01-21T08:17:49.291+0000] {dag.py:3239} INFO - Sync 1 DAGs
[2025-01-21T08:17:49.375+0000] {logging_mixin.py:190} INFO - [2025-01-21T08:17:49.375+0000] {dag.py:4180} INFO - Setting next_dagrun for demo_dag_2 to 2025-01-31 00:00:00+00:00, run_after=2025-02-01 00:00:00+00:00
[2025-01-21T08:17:49.384+0000] {processor.py:208} INFO - Processing /opt/airflow/dags/demo_dag_2.py took 0.123 seconds
[2025-01-21T08:18:19.684+0000] {processor.py:186} INFO - Started process (PID=183) to work on /opt/airflow/dags/demo_dag_2.py
[2025-01-21T08:18:19.687+0000] {processor.py:914} INFO - Processing file /opt/airflow/dags/demo_dag_2.py for tasks to queue
[2025-01-21T08:18:19.689+0000] {logging_mixin.py:190} INFO - [2025-01-21T08:18:19.689+0000] {dagbag.py:588} INFO - Filling up the DagBag from /opt/airflow/dags/demo_dag_2.py
[2025-01-21T08:18:19.699+0000] {processor.py:925} INFO - DAG(s) 'demo_dag_2' retrieved from /opt/airflow/dags/demo_dag_2.py
[2025-01-21T08:18:19.712+0000] {logging_mixin.py:190} INFO - [2025-01-21T08:18:19.712+0000] {dag.py:3239} INFO - Sync 1 DAGs
[2025-01-21T08:18:19.801+0000] {logging_mixin.py:190} INFO - [2025-01-21T08:18:19.801+0000] {dag.py:4180} INFO - Setting next_dagrun for demo_dag_2 to 2025-01-31 00:00:00+00:00, run_after=2025-02-01 00:00:00+00:00
[2025-01-21T08:18:19.809+0000] {processor.py:208} INFO - Processing /opt/airflow/dags/demo_dag_2.py took 0.131 seconds
[2025-01-21T08:18:50.156+0000] {processor.py:186} INFO - Started process (PID=192) to work on /opt/airflow/dags/demo_dag_2.py
[2025-01-21T08:18:50.157+0000] {processor.py:914} INFO - Processing file /opt/airflow/dags/demo_dag_2.py for tasks to queue
[2025-01-21T08:18:50.159+0000] {logging_mixin.py:190} INFO - [2025-01-21T08:18:50.158+0000] {dagbag.py:588} INFO - Filling up the DagBag from /opt/airflow/dags/demo_dag_2.py
[2025-01-21T08:18:50.166+0000] {processor.py:925} INFO - DAG(s) 'demo_dag_2' retrieved from /opt/airflow/dags/demo_dag_2.py
[2025-01-21T08:18:50.260+0000] {logging_mixin.py:190} INFO - [2025-01-21T08:18:50.260+0000] {dag.py:3239} INFO - Sync 1 DAGs
[2025-01-21T08:18:50.268+0000] {logging_mixin.py:190} INFO - [2025-01-21T08:18:50.268+0000] {dag.py:4180} INFO - Setting next_dagrun for demo_dag_2 to 2025-01-31 00:00:00+00:00, run_after=2025-02-01 00:00:00+00:00
[2025-01-21T08:18:50.276+0000] {processor.py:208} INFO - Processing /opt/airflow/dags/demo_dag_2.py took 0.125 seconds
