[2025-01-21T07:15:24.493+0000] {processor.py:186} INFO - Started process (PID=108) to work on /opt/airflow/dags/league.py
[2025-01-21T07:15:24.493+0000] {processor.py:914} INFO - Processing file /opt/airflow/dags/league.py for tasks to queue
[2025-01-21T07:15:24.495+0000] {logging_mixin.py:190} INFO - [2025-01-21T07:15:24.494+0000] {dagbag.py:588} INFO - Filling up the DagBag from /opt/airflow/dags/league.py
[2025-01-21T07:15:24.501+0000] {processor.py:925} INFO - DAG(s) 'demo' retrieved from /opt/airflow/dags/league.py
[2025-01-21T07:15:24.618+0000] {logging_mixin.py:190} INFO - [2025-01-21T07:15:24.617+0000] {override.py:1911} INFO - Created Permission View: can edit on DAG:demo
[2025-01-21T07:15:24.621+0000] {logging_mixin.py:190} INFO - [2025-01-21T07:15:24.621+0000] {override.py:1911} INFO - Created Permission View: can delete on DAG:demo
[2025-01-21T07:15:24.623+0000] {logging_mixin.py:190} INFO - [2025-01-21T07:15:24.623+0000] {override.py:1911} INFO - Created Permission View: can read on DAG:demo
[2025-01-21T07:15:24.625+0000] {logging_mixin.py:190} INFO - [2025-01-21T07:15:24.625+0000] {override.py:1911} INFO - Created Permission View: can delete on DAG Run:demo
[2025-01-21T07:15:24.626+0000] {logging_mixin.py:190} INFO - [2025-01-21T07:15:24.626+0000] {override.py:1911} INFO - Created Permission View: can create on DAG Run:demo
[2025-01-21T07:15:24.628+0000] {logging_mixin.py:190} INFO - [2025-01-21T07:15:24.628+0000] {override.py:1911} INFO - Created Permission View: menu access on DAG Run:demo
[2025-01-21T07:15:24.630+0000] {logging_mixin.py:190} INFO - [2025-01-21T07:15:24.630+0000] {override.py:1911} INFO - Created Permission View: can read on DAG Run:demo
[2025-01-21T07:15:24.630+0000] {logging_mixin.py:190} INFO - [2025-01-21T07:15:24.630+0000] {dag.py:3239} INFO - Sync 1 DAGs
[2025-01-21T07:15:24.634+0000] {logging_mixin.py:190} INFO - [2025-01-21T07:15:24.634+0000] {dag.py:3262} INFO - Creating ORM DAG for demo
[2025-01-21T07:15:24.637+0000] {logging_mixin.py:190} INFO - [2025-01-21T07:15:24.637+0000] {dag.py:4180} INFO - Setting next_dagrun for demo to 2022-01-01 00:00:00+00:00, run_after=2022-01-02 00:00:00+00:00
[2025-01-21T07:15:24.641+0000] {processor.py:208} INFO - Processing /opt/airflow/dags/league.py took 0.151 seconds
[2025-01-21T07:15:54.770+0000] {processor.py:186} INFO - Started process (PID=115) to work on /opt/airflow/dags/league.py
[2025-01-21T07:15:54.771+0000] {processor.py:914} INFO - Processing file /opt/airflow/dags/league.py for tasks to queue
[2025-01-21T07:15:54.773+0000] {logging_mixin.py:190} INFO - [2025-01-21T07:15:54.773+0000] {dagbag.py:588} INFO - Filling up the DagBag from /opt/airflow/dags/league.py
[2025-01-21T07:15:54.781+0000] {processor.py:925} INFO - DAG(s) 'demo' retrieved from /opt/airflow/dags/league.py
[2025-01-21T07:15:54.796+0000] {logging_mixin.py:190} INFO - [2025-01-21T07:15:54.796+0000] {dag.py:3239} INFO - Sync 1 DAGs
[2025-01-21T07:15:54.805+0000] {logging_mixin.py:190} INFO - [2025-01-21T07:15:54.805+0000] {dag.py:4180} INFO - Setting next_dagrun for demo to 2022-01-01 00:00:00+00:00, run_after=2022-01-02 00:00:00+00:00
[2025-01-21T07:15:54.812+0000] {processor.py:208} INFO - Processing /opt/airflow/dags/league.py took 0.046 seconds
[2025-01-21T07:16:25.026+0000] {processor.py:186} INFO - Started process (PID=122) to work on /opt/airflow/dags/league.py
[2025-01-21T07:16:25.027+0000] {processor.py:914} INFO - Processing file /opt/airflow/dags/league.py for tasks to queue
[2025-01-21T07:16:25.028+0000] {logging_mixin.py:190} INFO - [2025-01-21T07:16:25.028+0000] {dagbag.py:588} INFO - Filling up the DagBag from /opt/airflow/dags/league.py
[2025-01-21T07:16:25.035+0000] {processor.py:925} INFO - DAG(s) 'demo' retrieved from /opt/airflow/dags/league.py
[2025-01-21T07:16:25.047+0000] {logging_mixin.py:190} INFO - [2025-01-21T07:16:25.047+0000] {dag.py:3239} INFO - Sync 1 DAGs
[2025-01-21T07:16:25.140+0000] {logging_mixin.py:190} INFO - [2025-01-21T07:16:25.140+0000] {dag.py:4180} INFO - Setting next_dagrun for demo to 2022-01-01 00:00:00+00:00, run_after=2022-01-02 00:00:00+00:00
[2025-01-21T07:16:25.146+0000] {processor.py:208} INFO - Processing /opt/airflow/dags/league.py took 0.124 seconds
[2025-01-21T07:16:55.333+0000] {processor.py:186} INFO - Started process (PID=129) to work on /opt/airflow/dags/league.py
[2025-01-21T07:16:55.334+0000] {processor.py:914} INFO - Processing file /opt/airflow/dags/league.py for tasks to queue
[2025-01-21T07:16:55.335+0000] {logging_mixin.py:190} INFO - [2025-01-21T07:16:55.335+0000] {dagbag.py:588} INFO - Filling up the DagBag from /opt/airflow/dags/league.py
[2025-01-21T07:16:55.345+0000] {processor.py:925} INFO - DAG(s) 'demo' retrieved from /opt/airflow/dags/league.py
[2025-01-21T07:16:55.362+0000] {logging_mixin.py:190} INFO - [2025-01-21T07:16:55.362+0000] {dag.py:3239} INFO - Sync 1 DAGs
[2025-01-21T07:16:55.438+0000] {logging_mixin.py:190} INFO - [2025-01-21T07:16:55.438+0000] {dag.py:4180} INFO - Setting next_dagrun for demo to 2022-01-01 00:00:00+00:00, run_after=2022-01-02 00:00:00+00:00
[2025-01-21T07:16:55.444+0000] {processor.py:208} INFO - Processing /opt/airflow/dags/league.py took 0.117 seconds
[2025-01-21T07:17:25.739+0000] {processor.py:186} INFO - Started process (PID=136) to work on /opt/airflow/dags/league.py
[2025-01-21T07:17:25.739+0000] {processor.py:914} INFO - Processing file /opt/airflow/dags/league.py for tasks to queue
[2025-01-21T07:17:25.741+0000] {logging_mixin.py:190} INFO - [2025-01-21T07:17:25.741+0000] {dagbag.py:588} INFO - Filling up the DagBag from /opt/airflow/dags/league.py
[2025-01-21T07:17:25.751+0000] {processor.py:925} INFO - DAG(s) 'demo' retrieved from /opt/airflow/dags/league.py
[2025-01-21T07:17:25.843+0000] {logging_mixin.py:190} INFO - [2025-01-21T07:17:25.843+0000] {dag.py:3239} INFO - Sync 1 DAGs
[2025-01-21T07:17:25.850+0000] {logging_mixin.py:190} INFO - [2025-01-21T07:17:25.850+0000] {dag.py:4180} INFO - Setting next_dagrun for demo to 2022-01-01 00:00:00+00:00, run_after=2022-01-02 00:00:00+00:00
[2025-01-21T07:17:25.856+0000] {processor.py:208} INFO - Processing /opt/airflow/dags/league.py took 0.123 seconds
[2025-01-21T07:17:56.032+0000] {processor.py:186} INFO - Started process (PID=143) to work on /opt/airflow/dags/league.py
[2025-01-21T07:17:56.032+0000] {processor.py:914} INFO - Processing file /opt/airflow/dags/league.py for tasks to queue
[2025-01-21T07:17:56.034+0000] {logging_mixin.py:190} INFO - [2025-01-21T07:17:56.034+0000] {dagbag.py:588} INFO - Filling up the DagBag from /opt/airflow/dags/league.py
[2025-01-21T07:17:56.040+0000] {processor.py:925} INFO - DAG(s) 'demo' retrieved from /opt/airflow/dags/league.py
[2025-01-21T07:17:56.051+0000] {logging_mixin.py:190} INFO - [2025-01-21T07:17:56.051+0000] {dag.py:3239} INFO - Sync 1 DAGs
[2025-01-21T07:17:56.059+0000] {logging_mixin.py:190} INFO - [2025-01-21T07:17:56.059+0000] {dag.py:4180} INFO - Setting next_dagrun for demo to 2022-01-01 00:00:00+00:00, run_after=2022-01-02 00:00:00+00:00
[2025-01-21T07:17:56.065+0000] {processor.py:208} INFO - Processing /opt/airflow/dags/league.py took 0.038 seconds
[2025-01-21T07:18:26.357+0000] {processor.py:186} INFO - Started process (PID=150) to work on /opt/airflow/dags/league.py
[2025-01-21T07:18:26.358+0000] {processor.py:914} INFO - Processing file /opt/airflow/dags/league.py for tasks to queue
[2025-01-21T07:18:26.360+0000] {logging_mixin.py:190} INFO - [2025-01-21T07:18:26.360+0000] {dagbag.py:588} INFO - Filling up the DagBag from /opt/airflow/dags/league.py
[2025-01-21T07:18:26.370+0000] {processor.py:925} INFO - DAG(s) 'demo' retrieved from /opt/airflow/dags/league.py
[2025-01-21T07:18:26.386+0000] {logging_mixin.py:190} INFO - [2025-01-21T07:18:26.386+0000] {dag.py:3239} INFO - Sync 1 DAGs
[2025-01-21T07:18:26.398+0000] {logging_mixin.py:190} INFO - [2025-01-21T07:18:26.397+0000] {dag.py:4180} INFO - Setting next_dagrun for demo to 2022-01-01 00:00:00+00:00, run_after=2022-01-02 00:00:00+00:00
[2025-01-21T07:18:26.405+0000] {processor.py:208} INFO - Processing /opt/airflow/dags/league.py took 0.054 seconds
[2025-01-21T07:18:56.680+0000] {processor.py:186} INFO - Started process (PID=157) to work on /opt/airflow/dags/league.py
[2025-01-21T07:18:56.681+0000] {processor.py:914} INFO - Processing file /opt/airflow/dags/league.py for tasks to queue
[2025-01-21T07:18:56.684+0000] {logging_mixin.py:190} INFO - [2025-01-21T07:18:56.684+0000] {dagbag.py:588} INFO - Filling up the DagBag from /opt/airflow/dags/league.py
[2025-01-21T07:18:56.694+0000] {processor.py:925} INFO - DAG(s) 'demo' retrieved from /opt/airflow/dags/league.py
[2025-01-21T07:18:56.710+0000] {logging_mixin.py:190} INFO - [2025-01-21T07:18:56.710+0000] {dag.py:3239} INFO - Sync 1 DAGs
[2025-01-21T07:18:56.719+0000] {logging_mixin.py:190} INFO - [2025-01-21T07:18:56.719+0000] {dag.py:4180} INFO - Setting next_dagrun for demo to 2022-01-01 00:00:00+00:00, run_after=2022-01-02 00:00:00+00:00
[2025-01-21T07:18:56.789+0000] {processor.py:208} INFO - Processing /opt/airflow/dags/league.py took 0.114 seconds
[2025-01-21T07:19:27.013+0000] {processor.py:186} INFO - Started process (PID=164) to work on /opt/airflow/dags/league.py
[2025-01-21T07:19:27.014+0000] {processor.py:914} INFO - Processing file /opt/airflow/dags/league.py for tasks to queue
[2025-01-21T07:19:27.016+0000] {logging_mixin.py:190} INFO - [2025-01-21T07:19:27.016+0000] {dagbag.py:588} INFO - Filling up the DagBag from /opt/airflow/dags/league.py
[2025-01-21T07:19:27.023+0000] {processor.py:925} INFO - DAG(s) 'demo' retrieved from /opt/airflow/dags/league.py
[2025-01-21T07:19:27.040+0000] {logging_mixin.py:190} INFO - [2025-01-21T07:19:27.039+0000] {dag.py:3239} INFO - Sync 1 DAGs
[2025-01-21T07:19:27.115+0000] {logging_mixin.py:190} INFO - [2025-01-21T07:19:27.115+0000] {dag.py:4180} INFO - Setting next_dagrun for demo to 2022-01-01 00:00:00+00:00, run_after=2022-01-02 00:00:00+00:00
[2025-01-21T07:19:27.120+0000] {processor.py:208} INFO - Processing /opt/airflow/dags/league.py took 0.111 seconds
[2025-01-21T07:19:57.281+0000] {processor.py:186} INFO - Started process (PID=171) to work on /opt/airflow/dags/league.py
[2025-01-21T07:19:57.281+0000] {processor.py:914} INFO - Processing file /opt/airflow/dags/league.py for tasks to queue
[2025-01-21T07:19:57.284+0000] {logging_mixin.py:190} INFO - [2025-01-21T07:19:57.284+0000] {dagbag.py:588} INFO - Filling up the DagBag from /opt/airflow/dags/league.py
[2025-01-21T07:19:57.293+0000] {processor.py:925} INFO - DAG(s) 'demo' retrieved from /opt/airflow/dags/league.py
[2025-01-21T07:19:57.310+0000] {logging_mixin.py:190} INFO - [2025-01-21T07:19:57.310+0000] {dag.py:3239} INFO - Sync 1 DAGs
[2025-01-21T07:19:57.395+0000] {logging_mixin.py:190} INFO - [2025-01-21T07:19:57.395+0000] {dag.py:4180} INFO - Setting next_dagrun for demo to 2022-01-01 00:00:00+00:00, run_after=2022-01-02 00:00:00+00:00
[2025-01-21T07:19:57.400+0000] {processor.py:208} INFO - Processing /opt/airflow/dags/league.py took 0.126 seconds
[2025-01-21T07:20:27.657+0000] {processor.py:186} INFO - Started process (PID=178) to work on /opt/airflow/dags/league.py
[2025-01-21T07:20:27.658+0000] {processor.py:914} INFO - Processing file /opt/airflow/dags/league.py for tasks to queue
[2025-01-21T07:20:27.660+0000] {logging_mixin.py:190} INFO - [2025-01-21T07:20:27.660+0000] {dagbag.py:588} INFO - Filling up the DagBag from /opt/airflow/dags/league.py
[2025-01-21T07:20:27.669+0000] {processor.py:925} INFO - DAG(s) 'demo' retrieved from /opt/airflow/dags/league.py
[2025-01-21T07:20:27.754+0000] {logging_mixin.py:190} INFO - [2025-01-21T07:20:27.754+0000] {dag.py:3239} INFO - Sync 1 DAGs
[2025-01-21T07:20:27.761+0000] {logging_mixin.py:190} INFO - [2025-01-21T07:20:27.760+0000] {dag.py:4180} INFO - Setting next_dagrun for demo to 2022-01-01 00:00:00+00:00, run_after=2022-01-02 00:00:00+00:00
[2025-01-21T07:20:27.766+0000] {processor.py:208} INFO - Processing /opt/airflow/dags/league.py took 0.115 seconds
[2025-01-21T07:20:58.084+0000] {processor.py:186} INFO - Started process (PID=185) to work on /opt/airflow/dags/league.py
[2025-01-21T07:20:58.085+0000] {processor.py:914} INFO - Processing file /opt/airflow/dags/league.py for tasks to queue
[2025-01-21T07:20:58.087+0000] {logging_mixin.py:190} INFO - [2025-01-21T07:20:58.087+0000] {dagbag.py:588} INFO - Filling up the DagBag from /opt/airflow/dags/league.py
[2025-01-21T07:20:58.094+0000] {processor.py:925} INFO - DAG(s) 'demo' retrieved from /opt/airflow/dags/league.py
[2025-01-21T07:20:58.110+0000] {logging_mixin.py:190} INFO - [2025-01-21T07:20:58.109+0000] {dag.py:3239} INFO - Sync 1 DAGs
[2025-01-21T07:20:58.120+0000] {logging_mixin.py:190} INFO - [2025-01-21T07:20:58.119+0000] {dag.py:4180} INFO - Setting next_dagrun for demo to 2022-01-01 00:00:00+00:00, run_after=2022-01-02 00:00:00+00:00
[2025-01-21T07:20:58.126+0000] {processor.py:208} INFO - Processing /opt/airflow/dags/league.py took 0.046 seconds
[2025-01-21T07:21:28.425+0000] {processor.py:186} INFO - Started process (PID=198) to work on /opt/airflow/dags/league.py
[2025-01-21T07:21:28.425+0000] {processor.py:914} INFO - Processing file /opt/airflow/dags/league.py for tasks to queue
[2025-01-21T07:21:28.427+0000] {logging_mixin.py:190} INFO - [2025-01-21T07:21:28.426+0000] {dagbag.py:588} INFO - Filling up the DagBag from /opt/airflow/dags/league.py
[2025-01-21T07:21:28.433+0000] {processor.py:925} INFO - DAG(s) 'demo' retrieved from /opt/airflow/dags/league.py
[2025-01-21T07:21:28.446+0000] {logging_mixin.py:190} INFO - [2025-01-21T07:21:28.445+0000] {dag.py:3239} INFO - Sync 1 DAGs
[2025-01-21T07:21:28.456+0000] {logging_mixin.py:190} INFO - [2025-01-21T07:21:28.456+0000] {dag.py:4180} INFO - Setting next_dagrun for demo to 2022-01-01 00:00:00+00:00, run_after=2022-01-02 00:00:00+00:00
[2025-01-21T07:21:28.463+0000] {processor.py:208} INFO - Processing /opt/airflow/dags/league.py took 0.043 seconds
[2025-01-21T07:21:58.714+0000] {processor.py:186} INFO - Started process (PID=205) to work on /opt/airflow/dags/league.py
[2025-01-21T07:21:58.715+0000] {processor.py:914} INFO - Processing file /opt/airflow/dags/league.py for tasks to queue
[2025-01-21T07:21:58.717+0000] {logging_mixin.py:190} INFO - [2025-01-21T07:21:58.717+0000] {dagbag.py:588} INFO - Filling up the DagBag from /opt/airflow/dags/league.py
[2025-01-21T07:21:58.725+0000] {processor.py:925} INFO - DAG(s) 'demo' retrieved from /opt/airflow/dags/league.py
[2025-01-21T07:21:58.740+0000] {logging_mixin.py:190} INFO - [2025-01-21T07:21:58.740+0000] {dag.py:3239} INFO - Sync 1 DAGs
[2025-01-21T07:21:58.751+0000] {logging_mixin.py:190} INFO - [2025-01-21T07:21:58.750+0000] {dag.py:4180} INFO - Setting next_dagrun for demo to 2022-01-01 00:00:00+00:00, run_after=2022-01-02 00:00:00+00:00
[2025-01-21T07:21:58.757+0000] {processor.py:208} INFO - Processing /opt/airflow/dags/league.py took 0.049 seconds
[2025-01-21T07:22:29.051+0000] {processor.py:186} INFO - Started process (PID=211) to work on /opt/airflow/dags/league.py
[2025-01-21T07:22:29.052+0000] {processor.py:914} INFO - Processing file /opt/airflow/dags/league.py for tasks to queue
[2025-01-21T07:22:29.054+0000] {logging_mixin.py:190} INFO - [2025-01-21T07:22:29.054+0000] {dagbag.py:588} INFO - Filling up the DagBag from /opt/airflow/dags/league.py
[2025-01-21T07:22:29.062+0000] {processor.py:925} INFO - DAG(s) 'demo' retrieved from /opt/airflow/dags/league.py
[2025-01-21T07:22:29.077+0000] {logging_mixin.py:190} INFO - [2025-01-21T07:22:29.077+0000] {dag.py:3239} INFO - Sync 1 DAGs
[2025-01-21T07:22:29.087+0000] {logging_mixin.py:190} INFO - [2025-01-21T07:22:29.087+0000] {dag.py:4180} INFO - Setting next_dagrun for demo to 2022-01-01 00:00:00+00:00, run_after=2022-01-02 00:00:00+00:00
[2025-01-21T07:22:29.093+0000] {processor.py:208} INFO - Processing /opt/airflow/dags/league.py took 0.048 seconds
[2025-01-21T07:22:59.418+0000] {processor.py:186} INFO - Started process (PID=218) to work on /opt/airflow/dags/league.py
[2025-01-21T07:22:59.419+0000] {processor.py:914} INFO - Processing file /opt/airflow/dags/league.py for tasks to queue
[2025-01-21T07:22:59.421+0000] {logging_mixin.py:190} INFO - [2025-01-21T07:22:59.421+0000] {dagbag.py:588} INFO - Filling up the DagBag from /opt/airflow/dags/league.py
[2025-01-21T07:22:59.429+0000] {processor.py:925} INFO - DAG(s) 'demo' retrieved from /opt/airflow/dags/league.py
[2025-01-21T07:22:59.444+0000] {logging_mixin.py:190} INFO - [2025-01-21T07:22:59.444+0000] {dag.py:3239} INFO - Sync 1 DAGs
[2025-01-21T07:22:59.454+0000] {logging_mixin.py:190} INFO - [2025-01-21T07:22:59.454+0000] {dag.py:4180} INFO - Setting next_dagrun for demo to 2022-01-01 00:00:00+00:00, run_after=2022-01-02 00:00:00+00:00
[2025-01-21T07:22:59.461+0000] {processor.py:208} INFO - Processing /opt/airflow/dags/league.py took 0.047 seconds
[2025-01-21T07:23:29.704+0000] {processor.py:186} INFO - Started process (PID=225) to work on /opt/airflow/dags/league.py
[2025-01-21T07:23:29.705+0000] {processor.py:914} INFO - Processing file /opt/airflow/dags/league.py for tasks to queue
[2025-01-21T07:23:29.707+0000] {logging_mixin.py:190} INFO - [2025-01-21T07:23:29.707+0000] {dagbag.py:588} INFO - Filling up the DagBag from /opt/airflow/dags/league.py
[2025-01-21T07:23:29.714+0000] {processor.py:925} INFO - DAG(s) 'demo' retrieved from /opt/airflow/dags/league.py
[2025-01-21T07:23:29.728+0000] {logging_mixin.py:190} INFO - [2025-01-21T07:23:29.728+0000] {dag.py:3239} INFO - Sync 1 DAGs
[2025-01-21T07:23:29.738+0000] {logging_mixin.py:190} INFO - [2025-01-21T07:23:29.738+0000] {dag.py:4180} INFO - Setting next_dagrun for demo to 2022-01-01 00:00:00+00:00, run_after=2022-01-02 00:00:00+00:00
[2025-01-21T07:23:29.745+0000] {processor.py:208} INFO - Processing /opt/airflow/dags/league.py took 0.045 seconds
[2025-01-21T07:24:00.035+0000] {processor.py:186} INFO - Started process (PID=231) to work on /opt/airflow/dags/league.py
[2025-01-21T07:24:00.036+0000] {processor.py:914} INFO - Processing file /opt/airflow/dags/league.py for tasks to queue
[2025-01-21T07:24:00.038+0000] {logging_mixin.py:190} INFO - [2025-01-21T07:24:00.038+0000] {dagbag.py:588} INFO - Filling up the DagBag from /opt/airflow/dags/league.py
[2025-01-21T07:24:00.045+0000] {processor.py:925} INFO - DAG(s) 'demo' retrieved from /opt/airflow/dags/league.py
[2025-01-21T07:24:00.058+0000] {logging_mixin.py:190} INFO - [2025-01-21T07:24:00.058+0000] {dag.py:3239} INFO - Sync 1 DAGs
[2025-01-21T07:24:00.068+0000] {logging_mixin.py:190} INFO - [2025-01-21T07:24:00.068+0000] {dag.py:4180} INFO - Setting next_dagrun for demo to 2022-01-01 00:00:00+00:00, run_after=2022-01-02 00:00:00+00:00
[2025-01-21T07:24:00.075+0000] {processor.py:208} INFO - Processing /opt/airflow/dags/league.py took 0.045 seconds
[2025-01-21T07:24:30.324+0000] {processor.py:186} INFO - Started process (PID=237) to work on /opt/airflow/dags/league.py
[2025-01-21T07:24:30.325+0000] {processor.py:914} INFO - Processing file /opt/airflow/dags/league.py for tasks to queue
[2025-01-21T07:24:30.326+0000] {logging_mixin.py:190} INFO - [2025-01-21T07:24:30.326+0000] {dagbag.py:588} INFO - Filling up the DagBag from /opt/airflow/dags/league.py
[2025-01-21T07:24:30.333+0000] {processor.py:925} INFO - DAG(s) 'demo' retrieved from /opt/airflow/dags/league.py
[2025-01-21T07:24:30.345+0000] {logging_mixin.py:190} INFO - [2025-01-21T07:24:30.345+0000] {dag.py:3239} INFO - Sync 1 DAGs
[2025-01-21T07:24:30.355+0000] {logging_mixin.py:190} INFO - [2025-01-21T07:24:30.355+0000] {dag.py:4180} INFO - Setting next_dagrun for demo to 2022-01-01 00:00:00+00:00, run_after=2022-01-02 00:00:00+00:00
[2025-01-21T07:24:30.362+0000] {processor.py:208} INFO - Processing /opt/airflow/dags/league.py took 0.042 seconds
[2025-01-21T07:25:00.616+0000] {processor.py:186} INFO - Started process (PID=244) to work on /opt/airflow/dags/league.py
[2025-01-21T07:25:00.617+0000] {processor.py:914} INFO - Processing file /opt/airflow/dags/league.py for tasks to queue
[2025-01-21T07:25:00.620+0000] {logging_mixin.py:190} INFO - [2025-01-21T07:25:00.619+0000] {dagbag.py:588} INFO - Filling up the DagBag from /opt/airflow/dags/league.py
[2025-01-21T07:25:00.630+0000] {processor.py:925} INFO - DAG(s) 'demo' retrieved from /opt/airflow/dags/league.py
[2025-01-21T07:25:00.650+0000] {logging_mixin.py:190} INFO - [2025-01-21T07:25:00.650+0000] {dag.py:3239} INFO - Sync 1 DAGs
[2025-01-21T07:25:00.665+0000] {logging_mixin.py:190} INFO - [2025-01-21T07:25:00.665+0000] {dag.py:4180} INFO - Setting next_dagrun for demo to 2022-01-01 00:00:00+00:00, run_after=2022-01-02 00:00:00+00:00
[2025-01-21T07:25:00.675+0000] {processor.py:208} INFO - Processing /opt/airflow/dags/league.py took 0.065 seconds
[2025-01-21T07:34:53.560+0000] {processor.py:186} INFO - Started process (PID=49) to work on /opt/airflow/dags/league.py
[2025-01-21T07:34:53.561+0000] {processor.py:914} INFO - Processing file /opt/airflow/dags/league.py for tasks to queue
[2025-01-21T07:34:53.562+0000] {logging_mixin.py:190} INFO - [2025-01-21T07:34:53.562+0000] {dagbag.py:588} INFO - Filling up the DagBag from /opt/airflow/dags/league.py
[2025-01-21T07:34:53.566+0000] {processor.py:925} INFO - DAG(s) 'demo' retrieved from /opt/airflow/dags/league.py
[2025-01-21T07:34:53.583+0000] {logging_mixin.py:190} INFO - [2025-01-21T07:34:53.583+0000] {dag.py:3239} INFO - Sync 1 DAGs
[2025-01-21T07:34:53.592+0000] {logging_mixin.py:190} INFO - [2025-01-21T07:34:53.592+0000] {dag.py:4180} INFO - Setting next_dagrun for demo to 2022-01-01 00:00:00+00:00, run_after=2022-01-02 00:00:00+00:00
[2025-01-21T07:34:53.598+0000] {processor.py:208} INFO - Processing /opt/airflow/dags/league.py took 0.040 seconds
[2025-01-21T07:35:23.700+0000] {processor.py:186} INFO - Started process (PID=56) to work on /opt/airflow/dags/league.py
[2025-01-21T07:35:23.701+0000] {processor.py:914} INFO - Processing file /opt/airflow/dags/league.py for tasks to queue
[2025-01-21T07:35:23.703+0000] {logging_mixin.py:190} INFO - [2025-01-21T07:35:23.703+0000] {dagbag.py:588} INFO - Filling up the DagBag from /opt/airflow/dags/league.py
[2025-01-21T07:35:23.709+0000] {processor.py:925} INFO - DAG(s) 'demo' retrieved from /opt/airflow/dags/league.py
[2025-01-21T07:35:23.722+0000] {logging_mixin.py:190} INFO - [2025-01-21T07:35:23.722+0000] {dag.py:3239} INFO - Sync 1 DAGs
[2025-01-21T07:35:23.734+0000] {logging_mixin.py:190} INFO - [2025-01-21T07:35:23.734+0000] {dag.py:4180} INFO - Setting next_dagrun for demo to 2022-01-01 00:00:00+00:00, run_after=2022-01-02 00:00:00+00:00
[2025-01-21T07:35:23.742+0000] {processor.py:208} INFO - Processing /opt/airflow/dags/league.py took 0.045 seconds
[2025-01-21T07:36:15.109+0000] {processor.py:186} INFO - Started process (PID=50) to work on /opt/airflow/dags/league.py
[2025-01-21T07:36:15.109+0000] {processor.py:914} INFO - Processing file /opt/airflow/dags/league.py for tasks to queue
[2025-01-21T07:36:15.111+0000] {logging_mixin.py:190} INFO - [2025-01-21T07:36:15.111+0000] {dagbag.py:588} INFO - Filling up the DagBag from /opt/airflow/dags/league.py
[2025-01-21T07:36:15.116+0000] {processor.py:925} INFO - DAG(s) 'demo' retrieved from /opt/airflow/dags/league.py
[2025-01-21T07:36:15.165+0000] {logging_mixin.py:190} INFO - [2025-01-21T07:36:15.165+0000] {override.py:1911} INFO - Created Permission View: can read on DAG:demo
[2025-01-21T07:36:15.168+0000] {logging_mixin.py:190} INFO - [2025-01-21T07:36:15.168+0000] {override.py:1911} INFO - Created Permission View: can edit on DAG:demo
[2025-01-21T07:36:15.170+0000] {logging_mixin.py:190} INFO - [2025-01-21T07:36:15.170+0000] {override.py:1911} INFO - Created Permission View: can delete on DAG:demo
[2025-01-21T07:36:15.172+0000] {logging_mixin.py:190} INFO - [2025-01-21T07:36:15.171+0000] {override.py:1911} INFO - Created Permission View: can read on DAG Run:demo
[2025-01-21T07:36:15.173+0000] {logging_mixin.py:190} INFO - [2025-01-21T07:36:15.173+0000] {override.py:1911} INFO - Created Permission View: menu access on DAG Run:demo
[2025-01-21T07:36:15.175+0000] {logging_mixin.py:190} INFO - [2025-01-21T07:36:15.175+0000] {override.py:1911} INFO - Created Permission View: can delete on DAG Run:demo
[2025-01-21T07:36:15.176+0000] {logging_mixin.py:190} INFO - [2025-01-21T07:36:15.176+0000] {override.py:1911} INFO - Created Permission View: can create on DAG Run:demo
[2025-01-21T07:36:15.176+0000] {logging_mixin.py:190} INFO - [2025-01-21T07:36:15.176+0000] {dag.py:3239} INFO - Sync 1 DAGs
[2025-01-21T07:36:15.181+0000] {logging_mixin.py:190} INFO - [2025-01-21T07:36:15.180+0000] {dag.py:3262} INFO - Creating ORM DAG for demo
[2025-01-21T07:36:15.184+0000] {logging_mixin.py:190} INFO - [2025-01-21T07:36:15.184+0000] {dag.py:4180} INFO - Setting next_dagrun for demo to 2022-01-01 00:00:00+00:00, run_after=2022-01-02 00:00:00+00:00
[2025-01-21T07:36:15.266+0000] {processor.py:208} INFO - Processing /opt/airflow/dags/league.py took 0.160 seconds
[2025-01-21T07:36:45.393+0000] {processor.py:186} INFO - Started process (PID=57) to work on /opt/airflow/dags/league.py
[2025-01-21T07:36:45.394+0000] {processor.py:914} INFO - Processing file /opt/airflow/dags/league.py for tasks to queue
[2025-01-21T07:36:45.396+0000] {logging_mixin.py:190} INFO - [2025-01-21T07:36:45.396+0000] {dagbag.py:588} INFO - Filling up the DagBag from /opt/airflow/dags/league.py
[2025-01-21T07:36:45.407+0000] {processor.py:925} INFO - DAG(s) 'demo' retrieved from /opt/airflow/dags/league.py
[2025-01-21T07:36:45.419+0000] {logging_mixin.py:190} INFO - [2025-01-21T07:36:45.419+0000] {dag.py:3239} INFO - Sync 1 DAGs
[2025-01-21T07:36:45.429+0000] {logging_mixin.py:190} INFO - [2025-01-21T07:36:45.428+0000] {dag.py:4180} INFO - Setting next_dagrun for demo to 2022-01-01 00:00:00+00:00, run_after=2022-01-02 00:00:00+00:00
[2025-01-21T07:36:45.435+0000] {processor.py:208} INFO - Processing /opt/airflow/dags/league.py took 0.044 seconds
[2025-01-21T07:37:15.541+0000] {processor.py:186} INFO - Started process (PID=64) to work on /opt/airflow/dags/league.py
[2025-01-21T07:37:15.541+0000] {processor.py:914} INFO - Processing file /opt/airflow/dags/league.py for tasks to queue
[2025-01-21T07:37:15.542+0000] {logging_mixin.py:190} INFO - [2025-01-21T07:37:15.542+0000] {dagbag.py:588} INFO - Filling up the DagBag from /opt/airflow/dags/league.py
[2025-01-21T07:37:15.546+0000] {processor.py:925} INFO - DAG(s) 'demo' retrieved from /opt/airflow/dags/league.py
[2025-01-21T07:37:15.558+0000] {logging_mixin.py:190} INFO - [2025-01-21T07:37:15.558+0000] {dag.py:3239} INFO - Sync 1 DAGs
[2025-01-21T07:37:15.567+0000] {logging_mixin.py:190} INFO - [2025-01-21T07:37:15.567+0000] {dag.py:4180} INFO - Setting next_dagrun for demo to 2022-01-01 00:00:00+00:00, run_after=2022-01-02 00:00:00+00:00
[2025-01-21T07:37:15.572+0000] {processor.py:208} INFO - Processing /opt/airflow/dags/league.py took 0.034 seconds
[2025-01-21T07:37:45.722+0000] {processor.py:186} INFO - Started process (PID=71) to work on /opt/airflow/dags/league.py
[2025-01-21T07:37:45.722+0000] {processor.py:914} INFO - Processing file /opt/airflow/dags/league.py for tasks to queue
[2025-01-21T07:37:45.723+0000] {logging_mixin.py:190} INFO - [2025-01-21T07:37:45.723+0000] {dagbag.py:588} INFO - Filling up the DagBag from /opt/airflow/dags/league.py
[2025-01-21T07:37:45.728+0000] {processor.py:925} INFO - DAG(s) 'demo' retrieved from /opt/airflow/dags/league.py
[2025-01-21T07:37:45.738+0000] {logging_mixin.py:190} INFO - [2025-01-21T07:37:45.738+0000] {dag.py:3239} INFO - Sync 1 DAGs
[2025-01-21T07:37:45.746+0000] {logging_mixin.py:190} INFO - [2025-01-21T07:37:45.746+0000] {dag.py:4180} INFO - Setting next_dagrun for demo to 2022-01-01 00:00:00+00:00, run_after=2022-01-02 00:00:00+00:00
[2025-01-21T07:37:45.753+0000] {processor.py:208} INFO - Processing /opt/airflow/dags/league.py took 0.033 seconds
[2025-01-21T07:38:15.890+0000] {processor.py:186} INFO - Started process (PID=78) to work on /opt/airflow/dags/league.py
[2025-01-21T07:38:15.890+0000] {processor.py:914} INFO - Processing file /opt/airflow/dags/league.py for tasks to queue
[2025-01-21T07:38:15.891+0000] {logging_mixin.py:190} INFO - [2025-01-21T07:38:15.891+0000] {dagbag.py:588} INFO - Filling up the DagBag from /opt/airflow/dags/league.py
[2025-01-21T07:38:15.897+0000] {processor.py:925} INFO - DAG(s) 'demo' retrieved from /opt/airflow/dags/league.py
[2025-01-21T07:38:15.908+0000] {logging_mixin.py:190} INFO - [2025-01-21T07:38:15.908+0000] {dag.py:3239} INFO - Sync 1 DAGs
[2025-01-21T07:38:15.917+0000] {logging_mixin.py:190} INFO - [2025-01-21T07:38:15.917+0000] {dag.py:4180} INFO - Setting next_dagrun for demo to 2022-01-01 00:00:00+00:00, run_after=2022-01-02 00:00:00+00:00
[2025-01-21T07:38:15.924+0000] {processor.py:208} INFO - Processing /opt/airflow/dags/league.py took 0.037 seconds
[2025-01-21T07:38:46.044+0000] {processor.py:186} INFO - Started process (PID=85) to work on /opt/airflow/dags/league.py
[2025-01-21T07:38:46.044+0000] {processor.py:914} INFO - Processing file /opt/airflow/dags/league.py for tasks to queue
[2025-01-21T07:38:46.045+0000] {logging_mixin.py:190} INFO - [2025-01-21T07:38:46.045+0000] {dagbag.py:588} INFO - Filling up the DagBag from /opt/airflow/dags/league.py
[2025-01-21T07:38:46.050+0000] {processor.py:925} INFO - DAG(s) 'demo' retrieved from /opt/airflow/dags/league.py
[2025-01-21T07:38:46.062+0000] {logging_mixin.py:190} INFO - [2025-01-21T07:38:46.062+0000] {dag.py:3239} INFO - Sync 1 DAGs
[2025-01-21T07:38:46.070+0000] {logging_mixin.py:190} INFO - [2025-01-21T07:38:46.070+0000] {dag.py:4180} INFO - Setting next_dagrun for demo to 2022-01-01 00:00:00+00:00, run_after=2022-01-02 00:00:00+00:00
[2025-01-21T07:38:46.076+0000] {processor.py:208} INFO - Processing /opt/airflow/dags/league.py took 0.035 seconds
[2025-01-21T07:39:16.201+0000] {processor.py:186} INFO - Started process (PID=92) to work on /opt/airflow/dags/league.py
[2025-01-21T07:39:16.201+0000] {processor.py:914} INFO - Processing file /opt/airflow/dags/league.py for tasks to queue
[2025-01-21T07:39:16.202+0000] {logging_mixin.py:190} INFO - [2025-01-21T07:39:16.202+0000] {dagbag.py:588} INFO - Filling up the DagBag from /opt/airflow/dags/league.py
[2025-01-21T07:39:16.208+0000] {processor.py:925} INFO - DAG(s) 'demo' retrieved from /opt/airflow/dags/league.py
[2025-01-21T07:39:16.220+0000] {logging_mixin.py:190} INFO - [2025-01-21T07:39:16.220+0000] {dag.py:3239} INFO - Sync 1 DAGs
[2025-01-21T07:39:16.230+0000] {logging_mixin.py:190} INFO - [2025-01-21T07:39:16.230+0000] {dag.py:4180} INFO - Setting next_dagrun for demo to 2022-01-01 00:00:00+00:00, run_after=2022-01-02 00:00:00+00:00
[2025-01-21T07:39:16.238+0000] {processor.py:208} INFO - Processing /opt/airflow/dags/league.py took 0.040 seconds
[2025-01-21T07:39:46.362+0000] {processor.py:186} INFO - Started process (PID=104) to work on /opt/airflow/dags/league.py
[2025-01-21T07:39:46.362+0000] {processor.py:914} INFO - Processing file /opt/airflow/dags/league.py for tasks to queue
[2025-01-21T07:39:46.363+0000] {logging_mixin.py:190} INFO - [2025-01-21T07:39:46.363+0000] {dagbag.py:588} INFO - Filling up the DagBag from /opt/airflow/dags/league.py
[2025-01-21T07:39:46.369+0000] {processor.py:925} INFO - DAG(s) 'demo' retrieved from /opt/airflow/dags/league.py
[2025-01-21T07:39:46.380+0000] {logging_mixin.py:190} INFO - [2025-01-21T07:39:46.379+0000] {dag.py:3239} INFO - Sync 1 DAGs
[2025-01-21T07:39:46.389+0000] {logging_mixin.py:190} INFO - [2025-01-21T07:39:46.389+0000] {dag.py:4180} INFO - Setting next_dagrun for demo to 2022-01-01 00:00:00+00:00, run_after=2022-01-02 00:00:00+00:00
[2025-01-21T07:39:46.483+0000] {processor.py:208} INFO - Processing /opt/airflow/dags/league.py took 0.124 seconds
[2025-01-21T07:40:16.535+0000] {processor.py:186} INFO - Started process (PID=111) to work on /opt/airflow/dags/league.py
[2025-01-21T07:40:16.535+0000] {processor.py:914} INFO - Processing file /opt/airflow/dags/league.py for tasks to queue
[2025-01-21T07:40:16.537+0000] {logging_mixin.py:190} INFO - [2025-01-21T07:40:16.537+0000] {dagbag.py:588} INFO - Filling up the DagBag from /opt/airflow/dags/league.py
[2025-01-21T07:40:16.545+0000] {processor.py:925} INFO - DAG(s) 'demo' retrieved from /opt/airflow/dags/league.py
[2025-01-21T07:40:16.561+0000] {logging_mixin.py:190} INFO - [2025-01-21T07:40:16.560+0000] {dag.py:3239} INFO - Sync 1 DAGs
[2025-01-21T07:40:16.638+0000] {logging_mixin.py:190} INFO - [2025-01-21T07:40:16.638+0000] {dag.py:4180} INFO - Setting next_dagrun for demo to 2022-01-01 00:00:00+00:00, run_after=2022-01-02 00:00:00+00:00
[2025-01-21T07:40:16.644+0000] {processor.py:208} INFO - Processing /opt/airflow/dags/league.py took 0.114 seconds
[2025-01-21T07:40:46.801+0000] {processor.py:186} INFO - Started process (PID=118) to work on /opt/airflow/dags/league.py
[2025-01-21T07:40:46.801+0000] {processor.py:914} INFO - Processing file /opt/airflow/dags/league.py for tasks to queue
[2025-01-21T07:40:46.803+0000] {logging_mixin.py:190} INFO - [2025-01-21T07:40:46.803+0000] {dagbag.py:588} INFO - Filling up the DagBag from /opt/airflow/dags/league.py
[2025-01-21T07:40:46.812+0000] {processor.py:925} INFO - DAG(s) 'demo' retrieved from /opt/airflow/dags/league.py
[2025-01-21T07:40:46.901+0000] {logging_mixin.py:190} INFO - [2025-01-21T07:40:46.901+0000] {dag.py:3239} INFO - Sync 1 DAGs
[2025-01-21T07:40:46.909+0000] {logging_mixin.py:190} INFO - [2025-01-21T07:40:46.909+0000] {dag.py:4180} INFO - Setting next_dagrun for demo to 2022-01-01 00:00:00+00:00, run_after=2022-01-02 00:00:00+00:00
[2025-01-21T07:40:46.915+0000] {processor.py:208} INFO - Processing /opt/airflow/dags/league.py took 0.119 seconds
[2025-01-21T07:41:16.947+0000] {processor.py:186} INFO - Started process (PID=125) to work on /opt/airflow/dags/league.py
[2025-01-21T07:41:16.948+0000] {processor.py:914} INFO - Processing file /opt/airflow/dags/league.py for tasks to queue
[2025-01-21T07:41:16.949+0000] {logging_mixin.py:190} INFO - [2025-01-21T07:41:16.949+0000] {dagbag.py:588} INFO - Filling up the DagBag from /opt/airflow/dags/league.py
[2025-01-21T07:41:16.960+0000] {processor.py:925} INFO - DAG(s) 'demo' retrieved from /opt/airflow/dags/league.py
[2025-01-21T07:41:16.973+0000] {logging_mixin.py:190} INFO - [2025-01-21T07:41:16.973+0000] {dag.py:3239} INFO - Sync 1 DAGs
[2025-01-21T07:41:16.983+0000] {logging_mixin.py:190} INFO - [2025-01-21T07:41:16.983+0000] {dag.py:4180} INFO - Setting next_dagrun for demo to 2022-01-01 00:00:00+00:00, run_after=2022-01-02 00:00:00+00:00
[2025-01-21T07:41:16.989+0000] {processor.py:208} INFO - Processing /opt/airflow/dags/league.py took 0.049 seconds
[2025-01-21T07:41:47.068+0000] {processor.py:186} INFO - Started process (PID=132) to work on /opt/airflow/dags/league.py
[2025-01-21T07:41:47.069+0000] {processor.py:914} INFO - Processing file /opt/airflow/dags/league.py for tasks to queue
[2025-01-21T07:41:47.072+0000] {logging_mixin.py:190} INFO - [2025-01-21T07:41:47.072+0000] {dagbag.py:588} INFO - Filling up the DagBag from /opt/airflow/dags/league.py
[2025-01-21T07:41:47.081+0000] {processor.py:925} INFO - DAG(s) 'demo' retrieved from /opt/airflow/dags/league.py
[2025-01-21T07:41:47.098+0000] {logging_mixin.py:190} INFO - [2025-01-21T07:41:47.098+0000] {dag.py:3239} INFO - Sync 1 DAGs
[2025-01-21T07:41:47.110+0000] {logging_mixin.py:190} INFO - [2025-01-21T07:41:47.110+0000] {dag.py:4180} INFO - Setting next_dagrun for demo to 2022-01-01 00:00:00+00:00, run_after=2022-01-02 00:00:00+00:00
[2025-01-21T07:41:47.119+0000] {processor.py:208} INFO - Processing /opt/airflow/dags/league.py took 0.056 seconds
[2025-01-21T07:42:17.210+0000] {processor.py:186} INFO - Started process (PID=139) to work on /opt/airflow/dags/league.py
[2025-01-21T07:42:17.210+0000] {processor.py:914} INFO - Processing file /opt/airflow/dags/league.py for tasks to queue
[2025-01-21T07:42:17.211+0000] {logging_mixin.py:190} INFO - [2025-01-21T07:42:17.211+0000] {dagbag.py:588} INFO - Filling up the DagBag from /opt/airflow/dags/league.py
[2025-01-21T07:42:17.216+0000] {processor.py:925} INFO - DAG(s) 'demo' retrieved from /opt/airflow/dags/league.py
[2025-01-21T07:42:17.228+0000] {logging_mixin.py:190} INFO - [2025-01-21T07:42:17.228+0000] {dag.py:3239} INFO - Sync 1 DAGs
[2025-01-21T07:42:17.237+0000] {logging_mixin.py:190} INFO - [2025-01-21T07:42:17.237+0000] {dag.py:4180} INFO - Setting next_dagrun for demo to 2022-01-01 00:00:00+00:00, run_after=2022-01-02 00:00:00+00:00
[2025-01-21T07:42:17.335+0000] {processor.py:208} INFO - Processing /opt/airflow/dags/league.py took 0.128 seconds
[2025-01-21T07:42:47.365+0000] {processor.py:186} INFO - Started process (PID=146) to work on /opt/airflow/dags/league.py
[2025-01-21T07:42:47.365+0000] {processor.py:914} INFO - Processing file /opt/airflow/dags/league.py for tasks to queue
[2025-01-21T07:42:47.366+0000] {logging_mixin.py:190} INFO - [2025-01-21T07:42:47.366+0000] {dagbag.py:588} INFO - Filling up the DagBag from /opt/airflow/dags/league.py
[2025-01-21T07:42:47.371+0000] {processor.py:925} INFO - DAG(s) 'demo' retrieved from /opt/airflow/dags/league.py
[2025-01-21T07:42:47.382+0000] {logging_mixin.py:190} INFO - [2025-01-21T07:42:47.382+0000] {dag.py:3239} INFO - Sync 1 DAGs
[2025-01-21T07:42:47.463+0000] {logging_mixin.py:190} INFO - [2025-01-21T07:42:47.463+0000] {dag.py:4180} INFO - Setting next_dagrun for demo to 2022-01-01 00:00:00+00:00, run_after=2022-01-02 00:00:00+00:00
[2025-01-21T07:42:47.470+0000] {processor.py:208} INFO - Processing /opt/airflow/dags/league.py took 0.107 seconds
[2025-01-21T07:43:45.499+0000] {processor.py:186} INFO - Started process (PID=56) to work on /opt/airflow/dags/league.py
[2025-01-21T07:43:45.499+0000] {processor.py:914} INFO - Processing file /opt/airflow/dags/league.py for tasks to queue
[2025-01-21T07:43:45.500+0000] {logging_mixin.py:190} INFO - [2025-01-21T07:43:45.500+0000] {dagbag.py:588} INFO - Filling up the DagBag from /opt/airflow/dags/league.py
[2025-01-21T07:43:45.507+0000] {processor.py:925} INFO - DAG(s) 'demo' retrieved from /opt/airflow/dags/league.py
[2025-01-21T07:43:45.560+0000] {logging_mixin.py:190} INFO - [2025-01-21T07:43:45.560+0000] {override.py:1911} INFO - Created Permission View: can read on DAG:demo
[2025-01-21T07:43:45.563+0000] {logging_mixin.py:190} INFO - [2025-01-21T07:43:45.563+0000] {override.py:1911} INFO - Created Permission View: can delete on DAG:demo
[2025-01-21T07:43:45.565+0000] {logging_mixin.py:190} INFO - [2025-01-21T07:43:45.565+0000] {override.py:1911} INFO - Created Permission View: can edit on DAG:demo
[2025-01-21T07:43:45.567+0000] {logging_mixin.py:190} INFO - [2025-01-21T07:43:45.567+0000] {override.py:1911} INFO - Created Permission View: menu access on DAG Run:demo
[2025-01-21T07:43:45.569+0000] {logging_mixin.py:190} INFO - [2025-01-21T07:43:45.568+0000] {override.py:1911} INFO - Created Permission View: can read on DAG Run:demo
[2025-01-21T07:43:45.570+0000] {logging_mixin.py:190} INFO - [2025-01-21T07:43:45.570+0000] {override.py:1911} INFO - Created Permission View: can delete on DAG Run:demo
[2025-01-21T07:43:45.572+0000] {logging_mixin.py:190} INFO - [2025-01-21T07:43:45.572+0000] {override.py:1911} INFO - Created Permission View: can create on DAG Run:demo
[2025-01-21T07:43:45.572+0000] {logging_mixin.py:190} INFO - [2025-01-21T07:43:45.572+0000] {dag.py:3239} INFO - Sync 1 DAGs
[2025-01-21T07:43:45.578+0000] {logging_mixin.py:190} INFO - [2025-01-21T07:43:45.578+0000] {dag.py:3262} INFO - Creating ORM DAG for demo
[2025-01-21T07:43:45.583+0000] {logging_mixin.py:190} INFO - [2025-01-21T07:43:45.582+0000] {dag.py:4180} INFO - Setting next_dagrun for demo to 2022-01-01 00:00:00+00:00, run_after=2022-01-02 00:00:00+00:00
[2025-01-21T07:43:45.673+0000] {processor.py:208} INFO - Processing /opt/airflow/dags/league.py took 0.177 seconds
[2025-01-21T07:44:15.809+0000] {processor.py:186} INFO - Started process (PID=63) to work on /opt/airflow/dags/league.py
[2025-01-21T07:44:15.809+0000] {processor.py:914} INFO - Processing file /opt/airflow/dags/league.py for tasks to queue
[2025-01-21T07:44:15.810+0000] {logging_mixin.py:190} INFO - [2025-01-21T07:44:15.810+0000] {dagbag.py:588} INFO - Filling up the DagBag from /opt/airflow/dags/league.py
[2025-01-21T07:44:15.815+0000] {processor.py:925} INFO - DAG(s) 'demo' retrieved from /opt/airflow/dags/league.py
[2025-01-21T07:44:15.825+0000] {logging_mixin.py:190} INFO - [2025-01-21T07:44:15.825+0000] {dag.py:3239} INFO - Sync 1 DAGs
[2025-01-21T07:44:15.834+0000] {logging_mixin.py:190} INFO - [2025-01-21T07:44:15.834+0000] {dag.py:4180} INFO - Setting next_dagrun for demo to 2022-01-01 00:00:00+00:00, run_after=2022-01-02 00:00:00+00:00
[2025-01-21T07:44:15.840+0000] {processor.py:208} INFO - Processing /opt/airflow/dags/league.py took 0.034 seconds
[2025-01-21T07:44:45.953+0000] {processor.py:186} INFO - Started process (PID=70) to work on /opt/airflow/dags/league.py
[2025-01-21T07:44:45.953+0000] {processor.py:914} INFO - Processing file /opt/airflow/dags/league.py for tasks to queue
[2025-01-21T07:44:45.955+0000] {logging_mixin.py:190} INFO - [2025-01-21T07:44:45.955+0000] {dagbag.py:588} INFO - Filling up the DagBag from /opt/airflow/dags/league.py
[2025-01-21T07:44:45.964+0000] {processor.py:925} INFO - DAG(s) 'demo' retrieved from /opt/airflow/dags/league.py
[2025-01-21T07:44:45.976+0000] {logging_mixin.py:190} INFO - [2025-01-21T07:44:45.976+0000] {dag.py:3239} INFO - Sync 1 DAGs
[2025-01-21T07:44:45.987+0000] {logging_mixin.py:190} INFO - [2025-01-21T07:44:45.987+0000] {dag.py:4180} INFO - Setting next_dagrun for demo to 2022-01-01 00:00:00+00:00, run_after=2022-01-02 00:00:00+00:00
[2025-01-21T07:44:45.993+0000] {processor.py:208} INFO - Processing /opt/airflow/dags/league.py took 0.043 seconds
[2025-01-21T07:45:16.114+0000] {processor.py:186} INFO - Started process (PID=77) to work on /opt/airflow/dags/league.py
[2025-01-21T07:45:16.116+0000] {processor.py:914} INFO - Processing file /opt/airflow/dags/league.py for tasks to queue
[2025-01-21T07:45:16.117+0000] {logging_mixin.py:190} INFO - [2025-01-21T07:45:16.116+0000] {dagbag.py:588} INFO - Filling up the DagBag from /opt/airflow/dags/league.py
[2025-01-21T07:45:16.121+0000] {processor.py:925} INFO - DAG(s) 'demo' retrieved from /opt/airflow/dags/league.py
[2025-01-21T07:45:16.134+0000] {logging_mixin.py:190} INFO - [2025-01-21T07:45:16.133+0000] {dag.py:3239} INFO - Sync 1 DAGs
[2025-01-21T07:45:16.145+0000] {logging_mixin.py:190} INFO - [2025-01-21T07:45:16.145+0000] {dag.py:4180} INFO - Setting next_dagrun for demo to 2022-01-01 00:00:00+00:00, run_after=2022-01-02 00:00:00+00:00
[2025-01-21T07:45:16.151+0000] {processor.py:208} INFO - Processing /opt/airflow/dags/league.py took 0.040 seconds
[2025-01-21T07:45:46.306+0000] {processor.py:186} INFO - Started process (PID=83) to work on /opt/airflow/dags/league.py
[2025-01-21T07:45:46.306+0000] {processor.py:914} INFO - Processing file /opt/airflow/dags/league.py for tasks to queue
[2025-01-21T07:45:46.307+0000] {logging_mixin.py:190} INFO - [2025-01-21T07:45:46.307+0000] {dagbag.py:588} INFO - Filling up the DagBag from /opt/airflow/dags/league.py
[2025-01-21T07:45:46.312+0000] {processor.py:925} INFO - DAG(s) 'demo' retrieved from /opt/airflow/dags/league.py
[2025-01-21T07:45:46.323+0000] {logging_mixin.py:190} INFO - [2025-01-21T07:45:46.323+0000] {dag.py:3239} INFO - Sync 1 DAGs
[2025-01-21T07:45:46.332+0000] {logging_mixin.py:190} INFO - [2025-01-21T07:45:46.332+0000] {dag.py:4180} INFO - Setting next_dagrun for demo to 2022-01-01 00:00:00+00:00, run_after=2022-01-02 00:00:00+00:00
[2025-01-21T07:45:46.339+0000] {processor.py:208} INFO - Processing /opt/airflow/dags/league.py took 0.035 seconds
[2025-01-21T07:46:16.497+0000] {processor.py:186} INFO - Started process (PID=90) to work on /opt/airflow/dags/league.py
[2025-01-21T07:46:16.497+0000] {processor.py:914} INFO - Processing file /opt/airflow/dags/league.py for tasks to queue
[2025-01-21T07:46:16.498+0000] {logging_mixin.py:190} INFO - [2025-01-21T07:46:16.498+0000] {dagbag.py:588} INFO - Filling up the DagBag from /opt/airflow/dags/league.py
[2025-01-21T07:46:16.504+0000] {processor.py:925} INFO - DAG(s) 'demo' retrieved from /opt/airflow/dags/league.py
[2025-01-21T07:46:16.514+0000] {logging_mixin.py:190} INFO - [2025-01-21T07:46:16.514+0000] {dag.py:3239} INFO - Sync 1 DAGs
[2025-01-21T07:46:16.524+0000] {logging_mixin.py:190} INFO - [2025-01-21T07:46:16.524+0000] {dag.py:4180} INFO - Setting next_dagrun for demo to 2022-01-01 00:00:00+00:00, run_after=2022-01-02 00:00:00+00:00
[2025-01-21T07:46:16.530+0000] {processor.py:208} INFO - Processing /opt/airflow/dags/league.py took 0.036 seconds
[2025-01-21T07:46:46.644+0000] {processor.py:186} INFO - Started process (PID=97) to work on /opt/airflow/dags/league.py
[2025-01-21T07:46:46.644+0000] {processor.py:914} INFO - Processing file /opt/airflow/dags/league.py for tasks to queue
[2025-01-21T07:46:46.645+0000] {logging_mixin.py:190} INFO - [2025-01-21T07:46:46.645+0000] {dagbag.py:588} INFO - Filling up the DagBag from /opt/airflow/dags/league.py
[2025-01-21T07:46:46.651+0000] {processor.py:925} INFO - DAG(s) 'demo' retrieved from /opt/airflow/dags/league.py
[2025-01-21T07:46:46.662+0000] {logging_mixin.py:190} INFO - [2025-01-21T07:46:46.662+0000] {dag.py:3239} INFO - Sync 1 DAGs
[2025-01-21T07:46:46.672+0000] {logging_mixin.py:190} INFO - [2025-01-21T07:46:46.672+0000] {dag.py:4180} INFO - Setting next_dagrun for demo to 2022-01-01 00:00:00+00:00, run_after=2022-01-02 00:00:00+00:00
[2025-01-21T07:46:46.680+0000] {processor.py:208} INFO - Processing /opt/airflow/dags/league.py took 0.039 seconds
[2025-01-21T07:47:16.801+0000] {processor.py:186} INFO - Started process (PID=104) to work on /opt/airflow/dags/league.py
[2025-01-21T07:47:16.802+0000] {processor.py:914} INFO - Processing file /opt/airflow/dags/league.py for tasks to queue
[2025-01-21T07:47:16.804+0000] {logging_mixin.py:190} INFO - [2025-01-21T07:47:16.803+0000] {dagbag.py:588} INFO - Filling up the DagBag from /opt/airflow/dags/league.py
[2025-01-21T07:47:16.812+0000] {processor.py:925} INFO - DAG(s) 'demo' retrieved from /opt/airflow/dags/league.py
[2025-01-21T07:47:16.828+0000] {logging_mixin.py:190} INFO - [2025-01-21T07:47:16.828+0000] {dag.py:3239} INFO - Sync 1 DAGs
[2025-01-21T07:47:16.838+0000] {logging_mixin.py:190} INFO - [2025-01-21T07:47:16.838+0000] {dag.py:4180} INFO - Setting next_dagrun for demo to 2022-01-01 00:00:00+00:00, run_after=2022-01-02 00:00:00+00:00
[2025-01-21T07:47:16.930+0000] {processor.py:208} INFO - Processing /opt/airflow/dags/league.py took 0.135 seconds
[2025-01-21T07:47:47.056+0000] {processor.py:186} INFO - Started process (PID=111) to work on /opt/airflow/dags/league.py
[2025-01-21T07:47:47.056+0000] {processor.py:914} INFO - Processing file /opt/airflow/dags/league.py for tasks to queue
[2025-01-21T07:47:47.058+0000] {logging_mixin.py:190} INFO - [2025-01-21T07:47:47.058+0000] {dagbag.py:588} INFO - Filling up the DagBag from /opt/airflow/dags/league.py
[2025-01-21T07:47:47.063+0000] {processor.py:925} INFO - DAG(s) 'demo' retrieved from /opt/airflow/dags/league.py
[2025-01-21T07:47:47.075+0000] {logging_mixin.py:190} INFO - [2025-01-21T07:47:47.075+0000] {dag.py:3239} INFO - Sync 1 DAGs
[2025-01-21T07:47:47.169+0000] {logging_mixin.py:190} INFO - [2025-01-21T07:47:47.169+0000] {dag.py:4180} INFO - Setting next_dagrun for demo to 2022-01-01 00:00:00+00:00, run_after=2022-01-02 00:00:00+00:00
[2025-01-21T07:47:47.175+0000] {processor.py:208} INFO - Processing /opt/airflow/dags/league.py took 0.122 seconds
[2025-01-21T07:48:17.202+0000] {processor.py:186} INFO - Started process (PID=118) to work on /opt/airflow/dags/league.py
[2025-01-21T07:48:17.202+0000] {processor.py:914} INFO - Processing file /opt/airflow/dags/league.py for tasks to queue
[2025-01-21T07:48:17.204+0000] {logging_mixin.py:190} INFO - [2025-01-21T07:48:17.204+0000] {dagbag.py:588} INFO - Filling up the DagBag from /opt/airflow/dags/league.py
[2025-01-21T07:48:17.210+0000] {processor.py:925} INFO - DAG(s) 'demo' retrieved from /opt/airflow/dags/league.py
[2025-01-21T07:48:17.325+0000] {logging_mixin.py:190} INFO - [2025-01-21T07:48:17.325+0000] {dag.py:3239} INFO - Sync 1 DAGs
[2025-01-21T07:48:17.332+0000] {logging_mixin.py:190} INFO - [2025-01-21T07:48:17.332+0000] {dag.py:4180} INFO - Setting next_dagrun for demo to 2022-01-01 00:00:00+00:00, run_after=2022-01-02 00:00:00+00:00
[2025-01-21T07:48:17.338+0000] {processor.py:208} INFO - Processing /opt/airflow/dags/league.py took 0.140 seconds
[2025-01-21T07:48:47.452+0000] {processor.py:186} INFO - Started process (PID=125) to work on /opt/airflow/dags/league.py
[2025-01-21T07:48:47.452+0000] {processor.py:914} INFO - Processing file /opt/airflow/dags/league.py for tasks to queue
[2025-01-21T07:48:47.453+0000] {logging_mixin.py:190} INFO - [2025-01-21T07:48:47.453+0000] {dagbag.py:588} INFO - Filling up the DagBag from /opt/airflow/dags/league.py
[2025-01-21T07:48:47.458+0000] {processor.py:925} INFO - DAG(s) 'demo' retrieved from /opt/airflow/dags/league.py
[2025-01-21T07:48:47.469+0000] {logging_mixin.py:190} INFO - [2025-01-21T07:48:47.469+0000] {dag.py:3239} INFO - Sync 1 DAGs
[2025-01-21T07:48:47.478+0000] {logging_mixin.py:190} INFO - [2025-01-21T07:48:47.477+0000] {dag.py:4180} INFO - Setting next_dagrun for demo to 2022-01-01 00:00:00+00:00, run_after=2022-01-02 00:00:00+00:00
[2025-01-21T07:48:47.484+0000] {processor.py:208} INFO - Processing /opt/airflow/dags/league.py took 0.035 seconds
[2025-01-21T07:48:50.491+0000] {processor.py:186} INFO - Started process (PID=132) to work on /opt/airflow/dags/league.py
[2025-01-21T07:48:50.492+0000] {processor.py:914} INFO - Processing file /opt/airflow/dags/league.py for tasks to queue
[2025-01-21T07:48:50.492+0000] {logging_mixin.py:190} INFO - [2025-01-21T07:48:50.492+0000] {dagbag.py:588} INFO - Filling up the DagBag from /opt/airflow/dags/league.py
[2025-01-21T07:48:50.498+0000] {processor.py:925} INFO - DAG(s) 'demo' retrieved from /opt/airflow/dags/league.py
[2025-01-21T07:48:50.622+0000] {logging_mixin.py:190} INFO - [2025-01-21T07:48:50.622+0000] {dag.py:3239} INFO - Sync 1 DAGs
[2025-01-21T07:48:50.630+0000] {logging_mixin.py:190} INFO - [2025-01-21T07:48:50.629+0000] {dag.py:4180} INFO - Setting next_dagrun for demo to 2022-01-01 00:00:00+00:00, run_after=2022-01-01 01:00:00+00:00
[2025-01-21T07:48:50.636+0000] {processor.py:208} INFO - Processing /opt/airflow/dags/league.py took 0.148 seconds
[2025-01-21T07:49:16.653+0000] {processor.py:186} INFO - Started process (PID=133) to work on /opt/airflow/dags/league.py
[2025-01-21T07:49:16.654+0000] {processor.py:914} INFO - Processing file /opt/airflow/dags/league.py for tasks to queue
[2025-01-21T07:49:16.655+0000] {logging_mixin.py:190} INFO - [2025-01-21T07:49:16.655+0000] {dagbag.py:588} INFO - Filling up the DagBag from /opt/airflow/dags/league.py
[2025-01-21T07:49:16.665+0000] {processor.py:925} INFO - DAG(s) 'demo' retrieved from /opt/airflow/dags/league.py
[2025-01-21T07:49:16.671+0000] {logging_mixin.py:190} INFO - [2025-01-21T07:49:16.670+0000] {dag.py:3239} INFO - Sync 1 DAGs
[2025-01-21T07:49:16.682+0000] {logging_mixin.py:190} INFO - [2025-01-21T07:49:16.682+0000] {dag.py:4180} INFO - Setting next_dagrun for demo to 2022-01-01 00:00:00+00:00, run_after=2022-01-02 00:00:00+00:00
[2025-01-21T07:49:16.691+0000] {processor.py:208} INFO - Processing /opt/airflow/dags/league.py took 0.041 seconds
[2025-01-21T07:49:29.724+0000] {processor.py:186} INFO - Started process (PID=139) to work on /opt/airflow/dags/league.py
[2025-01-21T07:49:29.724+0000] {processor.py:914} INFO - Processing file /opt/airflow/dags/league.py for tasks to queue
[2025-01-21T07:49:29.725+0000] {logging_mixin.py:190} INFO - [2025-01-21T07:49:29.725+0000] {dagbag.py:588} INFO - Filling up the DagBag from /opt/airflow/dags/league.py
[2025-01-21T07:49:29.731+0000] {processor.py:925} INFO - DAG(s) 'demo' retrieved from /opt/airflow/dags/league.py
[2025-01-21T07:49:29.864+0000] {logging_mixin.py:190} INFO - [2025-01-21T07:49:29.864+0000] {dag.py:3239} INFO - Sync 1 DAGs
[2025-01-21T07:49:29.871+0000] {logging_mixin.py:190} INFO - [2025-01-21T07:49:29.871+0000] {dag.py:4180} INFO - Setting next_dagrun for demo to 2025-01-31 00:00:00+00:00, run_after=2025-02-01 00:00:00+00:00
[2025-01-21T07:49:29.880+0000] {processor.py:208} INFO - Processing /opt/airflow/dags/league.py took 0.160 seconds
[2025-01-21T07:50:22.164+0000] {processor.py:186} INFO - Started process (PID=50) to work on /opt/airflow/dags/league.py
[2025-01-21T07:50:22.165+0000] {processor.py:914} INFO - Processing file /opt/airflow/dags/league.py for tasks to queue
[2025-01-21T07:50:22.166+0000] {logging_mixin.py:190} INFO - [2025-01-21T07:50:22.166+0000] {dagbag.py:588} INFO - Filling up the DagBag from /opt/airflow/dags/league.py
[2025-01-21T07:50:22.170+0000] {processor.py:925} INFO - DAG(s) 'demo' retrieved from /opt/airflow/dags/league.py
[2025-01-21T07:50:22.214+0000] {logging_mixin.py:190} INFO - [2025-01-21T07:50:22.213+0000] {override.py:1911} INFO - Created Permission View: can edit on DAG:demo
[2025-01-21T07:50:22.216+0000] {logging_mixin.py:190} INFO - [2025-01-21T07:50:22.216+0000] {override.py:1911} INFO - Created Permission View: can read on DAG:demo
[2025-01-21T07:50:22.218+0000] {logging_mixin.py:190} INFO - [2025-01-21T07:50:22.218+0000] {override.py:1911} INFO - Created Permission View: can delete on DAG:demo
[2025-01-21T07:50:22.219+0000] {logging_mixin.py:190} INFO - [2025-01-21T07:50:22.219+0000] {override.py:1911} INFO - Created Permission View: can read on DAG Run:demo
[2025-01-21T07:50:22.221+0000] {logging_mixin.py:190} INFO - [2025-01-21T07:50:22.221+0000] {override.py:1911} INFO - Created Permission View: can create on DAG Run:demo
[2025-01-21T07:50:22.222+0000] {logging_mixin.py:190} INFO - [2025-01-21T07:50:22.222+0000] {override.py:1911} INFO - Created Permission View: can delete on DAG Run:demo
[2025-01-21T07:50:22.224+0000] {logging_mixin.py:190} INFO - [2025-01-21T07:50:22.224+0000] {override.py:1911} INFO - Created Permission View: menu access on DAG Run:demo
[2025-01-21T07:50:22.224+0000] {logging_mixin.py:190} INFO - [2025-01-21T07:50:22.224+0000] {dag.py:3239} INFO - Sync 1 DAGs
[2025-01-21T07:50:22.228+0000] {logging_mixin.py:190} INFO - [2025-01-21T07:50:22.228+0000] {dag.py:3262} INFO - Creating ORM DAG for demo
[2025-01-21T07:50:22.231+0000] {logging_mixin.py:190} INFO - [2025-01-21T07:50:22.231+0000] {dag.py:4180} INFO - Setting next_dagrun for demo to 2025-01-31 00:00:00+00:00, run_after=2025-02-01 00:00:00+00:00
[2025-01-21T07:50:22.312+0000] {processor.py:208} INFO - Processing /opt/airflow/dags/league.py took 0.150 seconds
[2025-01-21T07:50:52.443+0000] {processor.py:186} INFO - Started process (PID=57) to work on /opt/airflow/dags/league.py
[2025-01-21T07:50:52.444+0000] {processor.py:914} INFO - Processing file /opt/airflow/dags/league.py for tasks to queue
[2025-01-21T07:50:52.446+0000] {logging_mixin.py:190} INFO - [2025-01-21T07:50:52.446+0000] {dagbag.py:588} INFO - Filling up the DagBag from /opt/airflow/dags/league.py
[2025-01-21T07:50:52.454+0000] {processor.py:925} INFO - DAG(s) 'demo' retrieved from /opt/airflow/dags/league.py
[2025-01-21T07:50:52.470+0000] {logging_mixin.py:190} INFO - [2025-01-21T07:50:52.470+0000] {dag.py:3239} INFO - Sync 1 DAGs
[2025-01-21T07:50:52.480+0000] {logging_mixin.py:190} INFO - [2025-01-21T07:50:52.480+0000] {dag.py:4180} INFO - Setting next_dagrun for demo to 2025-01-31 00:00:00+00:00, run_after=2025-02-01 00:00:00+00:00
[2025-01-21T07:50:52.487+0000] {processor.py:208} INFO - Processing /opt/airflow/dags/league.py took 0.050 seconds
[2025-01-21T07:51:22.594+0000] {processor.py:186} INFO - Started process (PID=64) to work on /opt/airflow/dags/league.py
[2025-01-21T07:51:22.595+0000] {processor.py:914} INFO - Processing file /opt/airflow/dags/league.py for tasks to queue
[2025-01-21T07:51:22.596+0000] {logging_mixin.py:190} INFO - [2025-01-21T07:51:22.596+0000] {dagbag.py:588} INFO - Filling up the DagBag from /opt/airflow/dags/league.py
[2025-01-21T07:51:22.603+0000] {processor.py:925} INFO - DAG(s) 'demo' retrieved from /opt/airflow/dags/league.py
[2025-01-21T07:51:22.613+0000] {logging_mixin.py:190} INFO - [2025-01-21T07:51:22.613+0000] {dag.py:3239} INFO - Sync 1 DAGs
[2025-01-21T07:51:22.621+0000] {logging_mixin.py:190} INFO - [2025-01-21T07:51:22.621+0000] {dag.py:4180} INFO - Setting next_dagrun for demo to 2025-01-31 00:00:00+00:00, run_after=2025-02-01 00:00:00+00:00
[2025-01-21T07:51:22.627+0000] {processor.py:208} INFO - Processing /opt/airflow/dags/league.py took 0.036 seconds
[2025-01-21T07:51:52.732+0000] {processor.py:186} INFO - Started process (PID=71) to work on /opt/airflow/dags/league.py
[2025-01-21T07:51:52.733+0000] {processor.py:914} INFO - Processing file /opt/airflow/dags/league.py for tasks to queue
[2025-01-21T07:51:52.734+0000] {logging_mixin.py:190} INFO - [2025-01-21T07:51:52.734+0000] {dagbag.py:588} INFO - Filling up the DagBag from /opt/airflow/dags/league.py
[2025-01-21T07:51:52.739+0000] {processor.py:925} INFO - DAG(s) 'demo' retrieved from /opt/airflow/dags/league.py
[2025-01-21T07:51:52.752+0000] {logging_mixin.py:190} INFO - [2025-01-21T07:51:52.752+0000] {dag.py:3239} INFO - Sync 1 DAGs
[2025-01-21T07:51:52.762+0000] {logging_mixin.py:190} INFO - [2025-01-21T07:51:52.762+0000] {dag.py:4180} INFO - Setting next_dagrun for demo to 2025-01-31 00:00:00+00:00, run_after=2025-02-01 00:00:00+00:00
[2025-01-21T07:51:52.770+0000] {processor.py:208} INFO - Processing /opt/airflow/dags/league.py took 0.040 seconds
[2025-01-21T07:52:22.889+0000] {processor.py:186} INFO - Started process (PID=84) to work on /opt/airflow/dags/league.py
[2025-01-21T07:52:22.890+0000] {processor.py:914} INFO - Processing file /opt/airflow/dags/league.py for tasks to queue
[2025-01-21T07:52:22.891+0000] {logging_mixin.py:190} INFO - [2025-01-21T07:52:22.891+0000] {dagbag.py:588} INFO - Filling up the DagBag from /opt/airflow/dags/league.py
[2025-01-21T07:52:22.899+0000] {processor.py:925} INFO - DAG(s) 'demo' retrieved from /opt/airflow/dags/league.py
[2025-01-21T07:52:22.913+0000] {logging_mixin.py:190} INFO - [2025-01-21T07:52:22.913+0000] {dag.py:3239} INFO - Sync 1 DAGs
[2025-01-21T07:52:22.924+0000] {logging_mixin.py:190} INFO - [2025-01-21T07:52:22.923+0000] {dag.py:4180} INFO - Setting next_dagrun for demo to 2025-01-31 00:00:00+00:00, run_after=2025-02-01 00:00:00+00:00
[2025-01-21T07:52:22.931+0000] {processor.py:208} INFO - Processing /opt/airflow/dags/league.py took 0.046 seconds
[2025-01-21T07:52:53.043+0000] {processor.py:186} INFO - Started process (PID=91) to work on /opt/airflow/dags/league.py
[2025-01-21T07:52:53.044+0000] {processor.py:914} INFO - Processing file /opt/airflow/dags/league.py for tasks to queue
[2025-01-21T07:52:53.045+0000] {logging_mixin.py:190} INFO - [2025-01-21T07:52:53.045+0000] {dagbag.py:588} INFO - Filling up the DagBag from /opt/airflow/dags/league.py
[2025-01-21T07:52:53.052+0000] {processor.py:925} INFO - DAG(s) 'demo' retrieved from /opt/airflow/dags/league.py
[2025-01-21T07:52:53.065+0000] {logging_mixin.py:190} INFO - [2025-01-21T07:52:53.065+0000] {dag.py:3239} INFO - Sync 1 DAGs
[2025-01-21T07:52:53.077+0000] {logging_mixin.py:190} INFO - [2025-01-21T07:52:53.077+0000] {dag.py:4180} INFO - Setting next_dagrun for demo to 2025-01-31 00:00:00+00:00, run_after=2025-02-01 00:00:00+00:00
[2025-01-21T07:52:53.085+0000] {processor.py:208} INFO - Processing /opt/airflow/dags/league.py took 0.046 seconds
[2025-01-21T07:53:14.164+0000] {processor.py:186} INFO - Started process (PID=92) to work on /opt/airflow/dags/league.py
[2025-01-21T07:53:14.165+0000] {processor.py:914} INFO - Processing file /opt/airflow/dags/league.py for tasks to queue
[2025-01-21T07:53:14.166+0000] {logging_mixin.py:190} INFO - [2025-01-21T07:53:14.166+0000] {dagbag.py:588} INFO - Filling up the DagBag from /opt/airflow/dags/league.py
[2025-01-21T07:53:14.172+0000] {processor.py:925} INFO - DAG(s) 'demo_dag' retrieved from /opt/airflow/dags/league.py
[2025-01-21T07:53:14.301+0000] {logging_mixin.py:190} INFO - [2025-01-21T07:53:14.301+0000] {override.py:1911} INFO - Created Permission View: can edit on DAG:demo_dag
[2025-01-21T07:53:14.304+0000] {logging_mixin.py:190} INFO - [2025-01-21T07:53:14.304+0000] {override.py:1911} INFO - Created Permission View: can read on DAG:demo_dag
[2025-01-21T07:53:14.305+0000] {logging_mixin.py:190} INFO - [2025-01-21T07:53:14.305+0000] {override.py:1911} INFO - Created Permission View: can delete on DAG:demo_dag
[2025-01-21T07:53:14.307+0000] {logging_mixin.py:190} INFO - [2025-01-21T07:53:14.307+0000] {override.py:1911} INFO - Created Permission View: can read on DAG Run:demo_dag
[2025-01-21T07:53:14.309+0000] {logging_mixin.py:190} INFO - [2025-01-21T07:53:14.309+0000] {override.py:1911} INFO - Created Permission View: can create on DAG Run:demo_dag
[2025-01-21T07:53:14.311+0000] {logging_mixin.py:190} INFO - [2025-01-21T07:53:14.310+0000] {override.py:1911} INFO - Created Permission View: can delete on DAG Run:demo_dag
[2025-01-21T07:53:14.312+0000] {logging_mixin.py:190} INFO - [2025-01-21T07:53:14.312+0000] {override.py:1911} INFO - Created Permission View: menu access on DAG Run:demo_dag
[2025-01-21T07:53:14.312+0000] {logging_mixin.py:190} INFO - [2025-01-21T07:53:14.312+0000] {dag.py:3239} INFO - Sync 1 DAGs
[2025-01-21T07:53:14.318+0000] {logging_mixin.py:190} INFO - [2025-01-21T07:53:14.318+0000] {dag.py:3262} INFO - Creating ORM DAG for demo_dag
[2025-01-21T07:53:14.322+0000] {logging_mixin.py:190} INFO - [2025-01-21T07:53:14.322+0000] {dag.py:4180} INFO - Setting next_dagrun for demo_dag to 2025-01-31 00:00:00+00:00, run_after=2025-02-01 00:00:00+00:00
[2025-01-21T07:53:14.329+0000] {processor.py:208} INFO - Processing /opt/airflow/dags/league.py took 0.169 seconds
[2025-01-21T07:53:51.315+0000] {processor.py:186} INFO - Started process (PID=48) to work on /opt/airflow/dags/league.py
[2025-01-21T07:53:51.315+0000] {processor.py:914} INFO - Processing file /opt/airflow/dags/league.py for tasks to queue
[2025-01-21T07:53:51.318+0000] {logging_mixin.py:190} INFO - [2025-01-21T07:53:51.317+0000] {dagbag.py:588} INFO - Filling up the DagBag from /opt/airflow/dags/league.py
[2025-01-21T07:53:51.325+0000] {processor.py:925} INFO - DAG(s) 'demo_dag' retrieved from /opt/airflow/dags/league.py
[2025-01-21T07:53:51.373+0000] {logging_mixin.py:190} INFO - [2025-01-21T07:53:51.373+0000] {override.py:1911} INFO - Created Permission View: can edit on DAG:demo_dag
[2025-01-21T07:53:51.377+0000] {logging_mixin.py:190} INFO - [2025-01-21T07:53:51.376+0000] {override.py:1911} INFO - Created Permission View: can delete on DAG:demo_dag
[2025-01-21T07:53:51.379+0000] {logging_mixin.py:190} INFO - [2025-01-21T07:53:51.378+0000] {override.py:1911} INFO - Created Permission View: can read on DAG:demo_dag
[2025-01-21T07:53:51.380+0000] {logging_mixin.py:190} INFO - [2025-01-21T07:53:51.380+0000] {override.py:1911} INFO - Created Permission View: menu access on DAG Run:demo_dag
[2025-01-21T07:53:51.382+0000] {logging_mixin.py:190} INFO - [2025-01-21T07:53:51.382+0000] {override.py:1911} INFO - Created Permission View: can create on DAG Run:demo_dag
[2025-01-21T07:53:51.384+0000] {logging_mixin.py:190} INFO - [2025-01-21T07:53:51.383+0000] {override.py:1911} INFO - Created Permission View: can delete on DAG Run:demo_dag
[2025-01-21T07:53:51.385+0000] {logging_mixin.py:190} INFO - [2025-01-21T07:53:51.385+0000] {override.py:1911} INFO - Created Permission View: can read on DAG Run:demo_dag
[2025-01-21T07:53:51.385+0000] {logging_mixin.py:190} INFO - [2025-01-21T07:53:51.385+0000] {dag.py:3239} INFO - Sync 1 DAGs
[2025-01-21T07:53:51.390+0000] {logging_mixin.py:190} INFO - [2025-01-21T07:53:51.390+0000] {dag.py:3262} INFO - Creating ORM DAG for demo_dag
[2025-01-21T07:53:51.394+0000] {logging_mixin.py:190} INFO - [2025-01-21T07:53:51.394+0000] {dag.py:4180} INFO - Setting next_dagrun for demo_dag to 2025-01-31 00:00:00+00:00, run_after=2025-02-01 00:00:00+00:00
[2025-01-21T07:53:51.486+0000] {processor.py:208} INFO - Processing /opt/airflow/dags/league.py took 0.175 seconds
[2025-01-21T07:54:21.612+0000] {processor.py:186} INFO - Started process (PID=54) to work on /opt/airflow/dags/league.py
[2025-01-21T07:54:21.613+0000] {processor.py:914} INFO - Processing file /opt/airflow/dags/league.py for tasks to queue
[2025-01-21T07:54:21.614+0000] {logging_mixin.py:190} INFO - [2025-01-21T07:54:21.614+0000] {dagbag.py:588} INFO - Filling up the DagBag from /opt/airflow/dags/league.py
[2025-01-21T07:54:21.626+0000] {processor.py:925} INFO - DAG(s) 'demo_dag' retrieved from /opt/airflow/dags/league.py
[2025-01-21T07:54:21.642+0000] {logging_mixin.py:190} INFO - [2025-01-21T07:54:21.642+0000] {dag.py:3239} INFO - Sync 1 DAGs
[2025-01-21T07:54:21.652+0000] {logging_mixin.py:190} INFO - [2025-01-21T07:54:21.652+0000] {dag.py:4180} INFO - Setting next_dagrun for demo_dag to 2025-01-31 00:00:00+00:00, run_after=2025-02-01 00:00:00+00:00
[2025-01-21T07:54:21.658+0000] {processor.py:208} INFO - Processing /opt/airflow/dags/league.py took 0.049 seconds
[2025-01-21T07:54:51.776+0000] {processor.py:186} INFO - Started process (PID=61) to work on /opt/airflow/dags/league.py
[2025-01-21T07:54:51.776+0000] {processor.py:914} INFO - Processing file /opt/airflow/dags/league.py for tasks to queue
[2025-01-21T07:54:51.777+0000] {logging_mixin.py:190} INFO - [2025-01-21T07:54:51.777+0000] {dagbag.py:588} INFO - Filling up the DagBag from /opt/airflow/dags/league.py
[2025-01-21T07:54:51.781+0000] {processor.py:925} INFO - DAG(s) 'demo_dag' retrieved from /opt/airflow/dags/league.py
[2025-01-21T07:54:51.792+0000] {logging_mixin.py:190} INFO - [2025-01-21T07:54:51.792+0000] {dag.py:3239} INFO - Sync 1 DAGs
[2025-01-21T07:54:51.802+0000] {logging_mixin.py:190} INFO - [2025-01-21T07:54:51.802+0000] {dag.py:4180} INFO - Setting next_dagrun for demo_dag to 2025-01-31 00:00:00+00:00, run_after=2025-02-01 00:00:00+00:00
[2025-01-21T07:54:51.808+0000] {processor.py:208} INFO - Processing /opt/airflow/dags/league.py took 0.035 seconds
[2025-01-21T07:55:21.926+0000] {processor.py:186} INFO - Started process (PID=68) to work on /opt/airflow/dags/league.py
[2025-01-21T07:55:21.926+0000] {processor.py:914} INFO - Processing file /opt/airflow/dags/league.py for tasks to queue
[2025-01-21T07:55:21.927+0000] {logging_mixin.py:190} INFO - [2025-01-21T07:55:21.927+0000] {dagbag.py:588} INFO - Filling up the DagBag from /opt/airflow/dags/league.py
[2025-01-21T07:55:21.931+0000] {processor.py:925} INFO - DAG(s) 'demo_dag' retrieved from /opt/airflow/dags/league.py
[2025-01-21T07:55:21.942+0000] {logging_mixin.py:190} INFO - [2025-01-21T07:55:21.942+0000] {dag.py:3239} INFO - Sync 1 DAGs
[2025-01-21T07:55:21.951+0000] {logging_mixin.py:190} INFO - [2025-01-21T07:55:21.950+0000] {dag.py:4180} INFO - Setting next_dagrun for demo_dag to 2025-01-31 00:00:00+00:00, run_after=2025-02-01 00:00:00+00:00
[2025-01-21T07:55:21.957+0000] {processor.py:208} INFO - Processing /opt/airflow/dags/league.py took 0.033 seconds
