[2025-02-07T06:22:50.924+0000] {processor.py:186} INFO - Started process (PID=53) to work on /opt/airflow/dags/demo_dag.py
[2025-02-07T06:22:50.924+0000] {processor.py:914} INFO - Processing file /opt/airflow/dags/demo_dag.py for tasks to queue
[2025-02-07T06:22:50.925+0000] {logging_mixin.py:190} INFO - [2025-02-07T06:22:50.925+0000] {dagbag.py:588} INFO - Filling up the DagBag from /opt/airflow/dags/demo_dag.py
[2025-02-07T06:22:50.930+0000] {processor.py:925} INFO - DAG(s) 'demo_dag' retrieved from /opt/airflow/dags/demo_dag.py
[2025-02-07T06:22:50.941+0000] {logging_mixin.py:190} INFO - [2025-02-07T06:22:50.941+0000] {dag.py:3239} INFO - Sync 1 DAGs
[2025-02-07T06:22:50.952+0000] {logging_mixin.py:190} INFO - [2025-02-07T06:22:50.952+0000] {dag.py:4180} INFO - Setting next_dagrun for demo_dag to 2025-01-31 00:00:00+00:00, run_after=2025-02-01 00:00:00+00:00
[2025-02-07T06:22:50.963+0000] {processor.py:208} INFO - Processing /opt/airflow/dags/demo_dag.py took 0.042 seconds
[2025-02-07T06:23:21.318+0000] {processor.py:186} INFO - Started process (PID=63) to work on /opt/airflow/dags/demo_dag.py
[2025-02-07T06:23:21.319+0000] {processor.py:914} INFO - Processing file /opt/airflow/dags/demo_dag.py for tasks to queue
[2025-02-07T06:23:21.319+0000] {logging_mixin.py:190} INFO - [2025-02-07T06:23:21.319+0000] {dagbag.py:588} INFO - Filling up the DagBag from /opt/airflow/dags/demo_dag.py
[2025-02-07T06:23:21.323+0000] {processor.py:925} INFO - DAG(s) 'demo_dag' retrieved from /opt/airflow/dags/demo_dag.py
[2025-02-07T06:23:21.332+0000] {logging_mixin.py:190} INFO - [2025-02-07T06:23:21.332+0000] {dag.py:3239} INFO - Sync 1 DAGs
[2025-02-07T06:23:21.340+0000] {logging_mixin.py:190} INFO - [2025-02-07T06:23:21.340+0000] {dag.py:4180} INFO - Setting next_dagrun for demo_dag to 2025-01-31 00:00:00+00:00, run_after=2025-02-01 00:00:00+00:00
[2025-02-07T06:23:21.345+0000] {processor.py:208} INFO - Processing /opt/airflow/dags/demo_dag.py took 0.029 seconds
[2025-02-07T06:23:51.730+0000] {processor.py:186} INFO - Started process (PID=73) to work on /opt/airflow/dags/demo_dag.py
[2025-02-07T06:23:51.730+0000] {processor.py:914} INFO - Processing file /opt/airflow/dags/demo_dag.py for tasks to queue
[2025-02-07T06:23:51.731+0000] {logging_mixin.py:190} INFO - [2025-02-07T06:23:51.731+0000] {dagbag.py:588} INFO - Filling up the DagBag from /opt/airflow/dags/demo_dag.py
[2025-02-07T06:23:51.736+0000] {processor.py:925} INFO - DAG(s) 'demo_dag' retrieved from /opt/airflow/dags/demo_dag.py
[2025-02-07T06:23:51.747+0000] {logging_mixin.py:190} INFO - [2025-02-07T06:23:51.747+0000] {dag.py:3239} INFO - Sync 1 DAGs
[2025-02-07T06:23:51.755+0000] {logging_mixin.py:190} INFO - [2025-02-07T06:23:51.755+0000] {dag.py:4180} INFO - Setting next_dagrun for demo_dag to 2025-01-31 00:00:00+00:00, run_after=2025-02-01 00:00:00+00:00
[2025-02-07T06:23:51.761+0000] {processor.py:208} INFO - Processing /opt/airflow/dags/demo_dag.py took 0.033 seconds
[2025-02-07T06:24:22.122+0000] {processor.py:186} INFO - Started process (PID=83) to work on /opt/airflow/dags/demo_dag.py
[2025-02-07T06:24:22.122+0000] {processor.py:914} INFO - Processing file /opt/airflow/dags/demo_dag.py for tasks to queue
[2025-02-07T06:24:22.123+0000] {logging_mixin.py:190} INFO - [2025-02-07T06:24:22.123+0000] {dagbag.py:588} INFO - Filling up the DagBag from /opt/airflow/dags/demo_dag.py
[2025-02-07T06:24:22.127+0000] {processor.py:925} INFO - DAG(s) 'demo_dag' retrieved from /opt/airflow/dags/demo_dag.py
[2025-02-07T06:24:22.136+0000] {logging_mixin.py:190} INFO - [2025-02-07T06:24:22.136+0000] {dag.py:3239} INFO - Sync 1 DAGs
[2025-02-07T06:24:22.143+0000] {logging_mixin.py:190} INFO - [2025-02-07T06:24:22.143+0000] {dag.py:4180} INFO - Setting next_dagrun for demo_dag to 2025-01-31 00:00:00+00:00, run_after=2025-02-01 00:00:00+00:00
[2025-02-07T06:24:22.149+0000] {processor.py:208} INFO - Processing /opt/airflow/dags/demo_dag.py took 0.029 seconds
[2025-02-07T06:24:52.495+0000] {processor.py:186} INFO - Started process (PID=93) to work on /opt/airflow/dags/demo_dag.py
[2025-02-07T06:24:52.495+0000] {processor.py:914} INFO - Processing file /opt/airflow/dags/demo_dag.py for tasks to queue
[2025-02-07T06:24:52.496+0000] {logging_mixin.py:190} INFO - [2025-02-07T06:24:52.496+0000] {dagbag.py:588} INFO - Filling up the DagBag from /opt/airflow/dags/demo_dag.py
[2025-02-07T06:24:52.500+0000] {processor.py:925} INFO - DAG(s) 'demo_dag' retrieved from /opt/airflow/dags/demo_dag.py
[2025-02-07T06:24:52.510+0000] {logging_mixin.py:190} INFO - [2025-02-07T06:24:52.510+0000] {dag.py:3239} INFO - Sync 1 DAGs
[2025-02-07T06:24:52.518+0000] {logging_mixin.py:190} INFO - [2025-02-07T06:24:52.518+0000] {dag.py:4180} INFO - Setting next_dagrun for demo_dag to 2025-01-31 00:00:00+00:00, run_after=2025-02-01 00:00:00+00:00
[2025-02-07T06:24:52.523+0000] {processor.py:208} INFO - Processing /opt/airflow/dags/demo_dag.py took 0.031 seconds
[2025-02-07T06:25:23.024+0000] {processor.py:186} INFO - Started process (PID=103) to work on /opt/airflow/dags/demo_dag.py
[2025-02-07T06:25:23.025+0000] {processor.py:914} INFO - Processing file /opt/airflow/dags/demo_dag.py for tasks to queue
[2025-02-07T06:25:23.025+0000] {logging_mixin.py:190} INFO - [2025-02-07T06:25:23.025+0000] {dagbag.py:588} INFO - Filling up the DagBag from /opt/airflow/dags/demo_dag.py
[2025-02-07T06:25:23.029+0000] {processor.py:925} INFO - DAG(s) 'demo_dag' retrieved from /opt/airflow/dags/demo_dag.py
[2025-02-07T06:25:23.038+0000] {logging_mixin.py:190} INFO - [2025-02-07T06:25:23.038+0000] {dag.py:3239} INFO - Sync 1 DAGs
[2025-02-07T06:25:23.046+0000] {logging_mixin.py:190} INFO - [2025-02-07T06:25:23.046+0000] {dag.py:4180} INFO - Setting next_dagrun for demo_dag to 2025-01-31 00:00:00+00:00, run_after=2025-02-01 00:00:00+00:00
[2025-02-07T06:25:23.110+0000] {processor.py:208} INFO - Processing /opt/airflow/dags/demo_dag.py took 0.088 seconds
[2025-02-07T06:25:53.519+0000] {processor.py:186} INFO - Started process (PID=113) to work on /opt/airflow/dags/demo_dag.py
[2025-02-07T06:25:53.519+0000] {processor.py:914} INFO - Processing file /opt/airflow/dags/demo_dag.py for tasks to queue
[2025-02-07T06:25:53.520+0000] {logging_mixin.py:190} INFO - [2025-02-07T06:25:53.520+0000] {dagbag.py:588} INFO - Filling up the DagBag from /opt/airflow/dags/demo_dag.py
[2025-02-07T06:25:53.524+0000] {processor.py:925} INFO - DAG(s) 'demo_dag' retrieved from /opt/airflow/dags/demo_dag.py
[2025-02-07T06:25:53.533+0000] {logging_mixin.py:190} INFO - [2025-02-07T06:25:53.533+0000] {dag.py:3239} INFO - Sync 1 DAGs
[2025-02-07T06:25:53.596+0000] {logging_mixin.py:190} INFO - [2025-02-07T06:25:53.596+0000] {dag.py:4180} INFO - Setting next_dagrun for demo_dag to 2025-01-31 00:00:00+00:00, run_after=2025-02-01 00:00:00+00:00
[2025-02-07T06:25:53.601+0000] {processor.py:208} INFO - Processing /opt/airflow/dags/demo_dag.py took 0.084 seconds
[2025-02-07T06:26:24.083+0000] {processor.py:186} INFO - Started process (PID=129) to work on /opt/airflow/dags/demo_dag.py
[2025-02-07T06:26:24.083+0000] {processor.py:914} INFO - Processing file /opt/airflow/dags/demo_dag.py for tasks to queue
[2025-02-07T06:26:24.084+0000] {logging_mixin.py:190} INFO - [2025-02-07T06:26:24.084+0000] {dagbag.py:588} INFO - Filling up the DagBag from /opt/airflow/dags/demo_dag.py
[2025-02-07T06:26:24.088+0000] {processor.py:925} INFO - DAG(s) 'demo_dag' retrieved from /opt/airflow/dags/demo_dag.py
[2025-02-07T06:26:24.097+0000] {logging_mixin.py:190} INFO - [2025-02-07T06:26:24.097+0000] {dag.py:3239} INFO - Sync 1 DAGs
[2025-02-07T06:26:24.160+0000] {logging_mixin.py:190} INFO - [2025-02-07T06:26:24.160+0000] {dag.py:4180} INFO - Setting next_dagrun for demo_dag to 2025-01-31 00:00:00+00:00, run_after=2025-02-01 00:00:00+00:00
[2025-02-07T06:26:24.166+0000] {processor.py:208} INFO - Processing /opt/airflow/dags/demo_dag.py took 0.085 seconds
[2025-02-07T06:26:54.607+0000] {processor.py:186} INFO - Started process (PID=140) to work on /opt/airflow/dags/demo_dag.py
[2025-02-07T06:26:54.607+0000] {processor.py:914} INFO - Processing file /opt/airflow/dags/demo_dag.py for tasks to queue
[2025-02-07T06:26:54.608+0000] {logging_mixin.py:190} INFO - [2025-02-07T06:26:54.608+0000] {dagbag.py:588} INFO - Filling up the DagBag from /opt/airflow/dags/demo_dag.py
[2025-02-07T06:26:54.612+0000] {processor.py:925} INFO - DAG(s) 'demo_dag' retrieved from /opt/airflow/dags/demo_dag.py
[2025-02-07T06:26:54.682+0000] {logging_mixin.py:190} INFO - [2025-02-07T06:26:54.682+0000] {dag.py:3239} INFO - Sync 1 DAGs
[2025-02-07T06:26:54.689+0000] {logging_mixin.py:190} INFO - [2025-02-07T06:26:54.688+0000] {dag.py:4180} INFO - Setting next_dagrun for demo_dag to 2025-01-31 00:00:00+00:00, run_after=2025-02-01 00:00:00+00:00
[2025-02-07T06:26:54.694+0000] {processor.py:208} INFO - Processing /opt/airflow/dags/demo_dag.py took 0.088 seconds
