[2025-02-07T06:24:27.904+0000] {local_task_job_runner.py:123} INFO - ::group::Pre task execution logs
[2025-02-07T06:24:27.910+0000] {taskinstance.py:2613} INFO - Dependencies all met for dep_context=non-requeueable deps ti=<TaskInstance: league.hello manual__2025-02-07T06:24:26.305532+00:00 [queued]>
[2025-02-07T06:24:27.913+0000] {taskinstance.py:2613} INFO - Dependencies all met for dep_context=requeueable deps ti=<TaskInstance: league.hello manual__2025-02-07T06:24:26.305532+00:00 [queued]>
[2025-02-07T06:24:27.913+0000] {taskinstance.py:2866} INFO - Starting attempt 1 of 1
[2025-02-07T06:24:27.917+0000] {taskinstance.py:2889} INFO - Executing <Task(BashOperator): hello> on 2025-02-07 06:24:26.305532+00:00
[2025-02-07T06:24:27.919+0000] {warnings.py:112} WARNING - /home/airflow/.local/lib/python3.12/site-packages/airflow/task/task_runner/standard_task_runner.py:70: DeprecationWarning: This process (pid=83) is multi-threaded, use of fork() may lead to deadlocks in the child.
  pid = os.fork()

[2025-02-07T06:24:27.920+0000] {standard_task_runner.py:72} INFO - Started process 84 to run task
[2025-02-07T06:24:27.920+0000] {standard_task_runner.py:104} INFO - Running: ['airflow', 'tasks', 'run', 'league', 'hello', 'manual__2025-02-07T06:24:26.305532+00:00', '--job-id', '7', '--raw', '--subdir', 'DAGS_FOLDER/league.py', '--cfg-path', '/tmp/tmp_qt4mt_8']
[2025-02-07T06:24:27.921+0000] {standard_task_runner.py:105} INFO - Job 7: Subtask hello
[2025-02-07T06:24:27.938+0000] {task_command.py:467} INFO - Running <TaskInstance: league.hello manual__2025-02-07T06:24:26.305532+00:00 [running]> on host fde87d86ebbe
[2025-02-07T06:24:27.963+0000] {taskinstance.py:3132} INFO - Exporting env vars: AIRFLOW_CTX_DAG_OWNER='airflow' AIRFLOW_CTX_DAG_ID='league' AIRFLOW_CTX_TASK_ID='hello' AIRFLOW_CTX_EXECUTION_DATE='2025-02-07T06:24:26.305532+00:00' AIRFLOW_CTX_TRY_NUMBER='1' AIRFLOW_CTX_DAG_RUN_ID='manual__2025-02-07T06:24:26.305532+00:00'
[2025-02-07T06:24:27.964+0000] {taskinstance.py:731} INFO - ::endgroup::
[2025-02-07T06:24:27.965+0000] {subprocess.py:78} INFO - Tmp dir root location: /tmp
[2025-02-07T06:24:27.966+0000] {subprocess.py:88} INFO - Running command: ['/usr/bin/bash', '-c', 'echo hello']
[2025-02-07T06:24:27.968+0000] {subprocess.py:99} INFO - Output:
[2025-02-07T06:24:27.969+0000] {subprocess.py:106} INFO - hello
[2025-02-07T06:24:27.969+0000] {subprocess.py:110} INFO - Command exited with return code 0
[2025-02-07T06:24:27.978+0000] {taskinstance.py:340} INFO - ::group::Post task execution logs
[2025-02-07T06:24:27.978+0000] {taskinstance.py:352} INFO - Marking task as SUCCESS. dag_id=league, task_id=hello, run_id=manual__2025-02-07T06:24:26.305532+00:00, execution_date=20250207T062426, start_date=20250207T062427, end_date=20250207T062427
[2025-02-07T06:24:28.018+0000] {local_task_job_runner.py:266} INFO - Task exited with return code 0
[2025-02-07T06:24:28.025+0000] {taskinstance.py:3895} INFO - 1 downstream tasks scheduled from follow-on schedule check
[2025-02-07T06:24:28.026+0000] {local_task_job_runner.py:245} INFO - ::endgroup::
